Tue May 16 14:20:06 2023: Running xcd server. This server was built by gradle.
Tue May 16 14:20:06 2023: Server was asked to start on port: '45406'
Tue May 16 14:20:06 2023: Server is using token UUID: 'b1ab0632-407d-4320-a907-5539f8ee9891'
Tue May 16 14:20:06 2023: SESSION_MGR: creating session with session uuid: '6d04a3e9-ade5-4ab9-8d63-1f78fcd2ec76' and name 'default'
Tue May 16 14:20:06 2023: Attempting to start server on port '45406'
Tue May 16 14:20:06 2023: XCD main fifo: created main fifo '/tmp/xcdmainb1ab0632-407d-4320-a907-5539f8ee9891', fd read = 13
Tue May 16 14:20:06 2023: Running Dispatch Server
Tue May 16 14:20:06 2023: Version 2.2.0
Tue May 16 14:20:14 2023: Dispatch Server: Accepted socket connection from client
Tue May 16 14:20:14 2023: Starting Socket connection
Tue May 16 14:20:14 2023: EXCHANGE_TOKEN received, server token: b1ab0632-407d-4320-a907-5539f8ee9891, passed token: b1ab0632-407d-4320-a907-5539f8ee9891
Tue May 16 14:20:14 2023: SESSION_MGR: creating session with session uuid: 'd585843d-3a7b-4ba4-8a3b-c5b0f159f0ff' and name 'vitis_hls'
Tue May 16 14:20:14 2023: KERNEL_SVC: creating session with uuid: 'd585843d-3a7b-4ba4-8a3b-c5b0f159f0ff' and name 'vitis_hls'
Tue May 16 14:20:14 2023: GUIDANCE_SMGR: creating guidance session with uuid: 'd585843d-3a7b-4ba4-8a3b-c5b0f159f0ff' and name 'vitis_hls'
Tue May 16 14:20:17 2023: STOP_SERVER received, server token: b1ab0632-407d-4320-a907-5539f8ee9891, passed token: b1ab0632-407d-4320-a907-5539f8ee9891
Tue May 16 14:20:17 2023: Socket received request to stop server.
Tue May 16 14:20:17 2023: Dispatch Server: do_await_stop
Tue May 16 14:20:17 2023: Dispatch Server: stopping mainFifo_
Tue May 16 14:20:17 2023: XCD main fifo: Stopping
Tue May 16 14:20:17 2023: XCD main fifo: do_read error code: Operation canceled
Tue May 16 14:20:17 2023: XCD main fifo: bytes_transferred: 0
Tue May 16 14:20:17 2023: SERVER: destructor for server bound to port 45406
Tue May 16 14:20:17 2023: XCD main fifo: Good unlink of /tmp/xcdmainb1ab0632-407d-4320-a907-5539f8ee9891
Tue May 16 14:20:17 2023: Server exiting with status 0.
Tue May 16 14:20:17 2023: Closing log file.
Tue May 16 15:36:25 2023: Running xcd server. This server was built by gradle.
Tue May 16 15:36:25 2023: Server was asked to start on port: '37544'
Tue May 16 15:36:25 2023: Server is using token UUID: 'c0335c42-7790-47f3-a769-b201130220c0'
Tue May 16 15:36:25 2023: SESSION_MGR: creating session with session uuid: '6d04a3e9-ade5-4ab9-8d63-1f78fcd2ec76' and name 'default'
Tue May 16 15:36:25 2023: Attempting to start server on port '37544'
Tue May 16 15:36:25 2023: XCD main fifo: created main fifo '/tmp/xcdmainc0335c42-7790-47f3-a769-b201130220c0', fd read = 13
Tue May 16 15:36:25 2023: Running Dispatch Server
Tue May 16 15:36:25 2023: Version 2.2.0
Tue May 16 15:36:34 2023: Dispatch Server: Accepted socket connection from client
Tue May 16 15:36:34 2023: Starting Socket connection
Tue May 16 15:36:34 2023: EXCHANGE_TOKEN received, server token: c0335c42-7790-47f3-a769-b201130220c0, passed token: c0335c42-7790-47f3-a769-b201130220c0
Tue May 16 15:36:34 2023: SESSION_MGR: creating session with session uuid: 'c2d582e3-d2b9-436a-896b-53ce7e770483' and name 'vitis_hls'
Tue May 16 15:36:34 2023: KERNEL_SVC: creating session with uuid: 'c2d582e3-d2b9-436a-896b-53ce7e770483' and name 'vitis_hls'
Tue May 16 15:36:34 2023: GUIDANCE_SMGR: creating guidance session with uuid: 'c2d582e3-d2b9-436a-896b-53ce7e770483' and name 'vitis_hls'
Tue May 16 15:36:36 2023: STOP_SERVER received, server token: c0335c42-7790-47f3-a769-b201130220c0, passed token: c0335c42-7790-47f3-a769-b201130220c0
Tue May 16 15:36:36 2023: Socket received request to stop server.
Tue May 16 15:36:36 2023: Dispatch Server: do_await_stop
Tue May 16 15:36:36 2023: Dispatch Server: stopping mainFifo_
Tue May 16 15:36:36 2023: XCD main fifo: Stopping
Tue May 16 15:36:36 2023: XCD main fifo: do_read error code: Operation canceled
Tue May 16 15:36:36 2023: XCD main fifo: bytes_transferred: 0
Tue May 16 15:36:36 2023: SERVER: destructor for server bound to port 37544
Tue May 16 15:36:36 2023: XCD main fifo: Good unlink of /tmp/xcdmainc0335c42-7790-47f3-a769-b201130220c0
Tue May 16 15:36:36 2023: Server exiting with status 0.
Tue May 16 15:36:36 2023: Closing log file.
Tue May 16 15:37:46 2023: Running xcd server. This server was built by gradle.
Tue May 16 15:37:46 2023: Server was asked to start on port: '41473'
Tue May 16 15:37:46 2023: Server is using token UUID: '07b032f2-7fd6-4ff9-981b-470c62220104'
Tue May 16 15:37:46 2023: SESSION_MGR: creating session with session uuid: '6d04a3e9-ade5-4ab9-8d63-1f78fcd2ec76' and name 'default'
Tue May 16 15:37:46 2023: Attempting to start server on port '41473'
Tue May 16 15:37:46 2023: XCD main fifo: created main fifo '/tmp/xcdmain07b032f2-7fd6-4ff9-981b-470c62220104', fd read = 13
Tue May 16 15:37:46 2023: Running Dispatch Server
Tue May 16 15:37:46 2023: Version 2.2.0
Tue May 16 15:37:55 2023: Dispatch Server: Accepted socket connection from client
Tue May 16 15:37:55 2023: Starting Socket connection
Tue May 16 15:37:55 2023: EXCHANGE_TOKEN received, server token: 07b032f2-7fd6-4ff9-981b-470c62220104, passed token: 07b032f2-7fd6-4ff9-981b-470c62220104
Tue May 16 15:37:55 2023: SESSION_MGR: creating session with session uuid: '7f31bc94-c6cd-4f54-a07b-1cc64fb39459' and name 'vitis_hls'
Tue May 16 15:37:55 2023: KERNEL_SVC: creating session with uuid: '7f31bc94-c6cd-4f54-a07b-1cc64fb39459' and name 'vitis_hls'
Tue May 16 15:37:55 2023: GUIDANCE_SMGR: creating guidance session with uuid: '7f31bc94-c6cd-4f54-a07b-1cc64fb39459' and name 'vitis_hls'
Tue May 16 15:37:56 2023: STOP_SERVER received, server token: 07b032f2-7fd6-4ff9-981b-470c62220104, passed token: 07b032f2-7fd6-4ff9-981b-470c62220104
Tue May 16 15:37:56 2023: Socket received request to stop server.
Tue May 16 15:37:56 2023: Dispatch Server: do_await_stop
Tue May 16 15:37:56 2023: Dispatch Server: stopping mainFifo_
Tue May 16 15:37:56 2023: XCD main fifo: Stopping
Tue May 16 15:37:56 2023: XCD main fifo: do_read error code: Operation canceled
Tue May 16 15:37:56 2023: XCD main fifo: bytes_transferred: 0
Tue May 16 15:37:56 2023: SERVER: destructor for server bound to port 41473
Tue May 16 15:37:56 2023: XCD main fifo: Good unlink of /tmp/xcdmain07b032f2-7fd6-4ff9-981b-470c62220104
Tue May 16 15:37:56 2023: Server exiting with status 0.
Tue May 16 15:37:56 2023: Closing log file.
Tue May 16 15:39:57 2023: Running xcd server. This server was built by gradle.
Tue May 16 15:39:57 2023: Server was asked to start on port: '34137'
Tue May 16 15:39:57 2023: Server is using token UUID: '5402f6a4-ddf5-48d4-8a68-f8d94a32e2e2'
Tue May 16 15:39:57 2023: SESSION_MGR: creating session with session uuid: '6d04a3e9-ade5-4ab9-8d63-1f78fcd2ec76' and name 'default'
Tue May 16 15:39:57 2023: Attempting to start server on port '34137'
Tue May 16 15:39:57 2023: XCD main fifo: created main fifo '/tmp/xcdmain5402f6a4-ddf5-48d4-8a68-f8d94a32e2e2', fd read = 13
Tue May 16 15:39:57 2023: Running Dispatch Server
Tue May 16 15:39:57 2023: Version 2.2.0
Tue May 16 15:40:06 2023: Dispatch Server: Accepted socket connection from client
Tue May 16 15:40:06 2023: Starting Socket connection
Tue May 16 15:40:06 2023: EXCHANGE_TOKEN received, server token: 5402f6a4-ddf5-48d4-8a68-f8d94a32e2e2, passed token: 5402f6a4-ddf5-48d4-8a68-f8d94a32e2e2
Tue May 16 15:40:06 2023: SESSION_MGR: creating session with session uuid: 'faf29b4c-4c53-4ac3-85cd-0b2ec6353cef' and name 'vitis_hls'
Tue May 16 15:40:06 2023: KERNEL_SVC: creating session with uuid: 'faf29b4c-4c53-4ac3-85cd-0b2ec6353cef' and name 'vitis_hls'
Tue May 16 15:40:06 2023: GUIDANCE_SMGR: creating guidance session with uuid: 'faf29b4c-4c53-4ac3-85cd-0b2ec6353cef' and name 'vitis_hls'
Tue May 16 15:40:06 2023: STOP_SERVER received, server token: 5402f6a4-ddf5-48d4-8a68-f8d94a32e2e2, passed token: 5402f6a4-ddf5-48d4-8a68-f8d94a32e2e2
Tue May 16 15:40:06 2023: Socket received request to stop server.
Tue May 16 15:40:06 2023: Dispatch Server: do_await_stop
Tue May 16 15:40:06 2023: Dispatch Server: stopping mainFifo_
Tue May 16 15:40:06 2023: XCD main fifo: Stopping
Tue May 16 15:40:06 2023: XCD main fifo: do_read error code: Operation canceled
Tue May 16 15:40:06 2023: XCD main fifo: bytes_transferred: 0
Tue May 16 15:40:06 2023: SERVER: destructor for server bound to port 34137
Tue May 16 15:40:06 2023: XCD main fifo: Good unlink of /tmp/xcdmain5402f6a4-ddf5-48d4-8a68-f8d94a32e2e2
Tue May 16 15:40:06 2023: Server exiting with status 0.
Tue May 16 15:40:06 2023: Closing log file.
Tue May 16 15:44:05 2023: Running xcd server. This server was built by gradle.
Tue May 16 15:44:05 2023: Server was asked to start on port: '39103'
Tue May 16 15:44:05 2023: Server is using token UUID: '78f00f22-0fba-4739-9fea-080cdbba4440'
Tue May 16 15:44:05 2023: SESSION_MGR: creating session with session uuid: '6d04a3e9-ade5-4ab9-8d63-1f78fcd2ec76' and name 'default'
Tue May 16 15:44:05 2023: Attempting to start server on port '39103'
Tue May 16 15:44:05 2023: XCD main fifo: created main fifo '/tmp/xcdmain78f00f22-0fba-4739-9fea-080cdbba4440', fd read = 13
Tue May 16 15:44:05 2023: Running Dispatch Server
Tue May 16 15:44:05 2023: Version 2.2.0
Tue May 16 15:44:13 2023: Dispatch Server: Accepted socket connection from client
Tue May 16 15:44:13 2023: Starting Socket connection
Tue May 16 15:44:13 2023: EXCHANGE_TOKEN received, server token: 78f00f22-0fba-4739-9fea-080cdbba4440, passed token: 78f00f22-0fba-4739-9fea-080cdbba4440
Tue May 16 15:44:13 2023: SESSION_MGR: creating session with session uuid: '215af794-73bf-4537-a244-7e18b8bfe47f' and name 'vitis_hls'
Tue May 16 15:44:13 2023: KERNEL_SVC: creating session with uuid: '215af794-73bf-4537-a244-7e18b8bfe47f' and name 'vitis_hls'
Tue May 16 15:44:13 2023: GUIDANCE_SMGR: creating guidance session with uuid: '215af794-73bf-4537-a244-7e18b8bfe47f' and name 'vitis_hls'
Tue May 16 15:44:14 2023: STOP_SERVER received, server token: 78f00f22-0fba-4739-9fea-080cdbba4440, passed token: 78f00f22-0fba-4739-9fea-080cdbba4440
Tue May 16 15:44:14 2023: Socket received request to stop server.
Tue May 16 15:44:14 2023: Dispatch Server: do_await_stop
Tue May 16 15:44:14 2023: Dispatch Server: stopping mainFifo_
Tue May 16 15:44:14 2023: XCD main fifo: Stopping
Tue May 16 15:44:14 2023: XCD main fifo: do_read error code: Operation canceled
Tue May 16 15:44:14 2023: XCD main fifo: bytes_transferred: 0
Tue May 16 15:44:14 2023: SERVER: destructor for server bound to port 39103
Tue May 16 15:44:14 2023: XCD main fifo: Good unlink of /tmp/xcdmain78f00f22-0fba-4739-9fea-080cdbba4440
Tue May 16 15:44:14 2023: Server exiting with status 0.
Tue May 16 15:44:14 2023: Closing log file.
Tue May 16 15:45:26 2023: Running xcd server. This server was built by gradle.
Tue May 16 15:45:26 2023: Server was asked to start on port: '44578'
Tue May 16 15:45:26 2023: Server is using token UUID: '473f5958-c87a-4839-a405-dd649cc64475'
Tue May 16 15:45:26 2023: SESSION_MGR: creating session with session uuid: '6d04a3e9-ade5-4ab9-8d63-1f78fcd2ec76' and name 'default'
Tue May 16 15:45:26 2023: Attempting to start server on port '44578'
Tue May 16 15:45:26 2023: XCD main fifo: created main fifo '/tmp/xcdmain473f5958-c87a-4839-a405-dd649cc64475', fd read = 13
Tue May 16 15:45:26 2023: Running Dispatch Server
Tue May 16 15:45:26 2023: Version 2.2.0
Tue May 16 15:45:35 2023: Dispatch Server: Accepted socket connection from client
Tue May 16 15:45:35 2023: Starting Socket connection
Tue May 16 15:45:35 2023: EXCHANGE_TOKEN received, server token: 473f5958-c87a-4839-a405-dd649cc64475, passed token: 473f5958-c87a-4839-a405-dd649cc64475
Tue May 16 15:45:35 2023: SESSION_MGR: creating session with session uuid: '7d8eaa72-c23a-44b6-b3f0-7dafad3a6fd9' and name 'vitis_hls'
Tue May 16 15:45:35 2023: KERNEL_SVC: creating session with uuid: '7d8eaa72-c23a-44b6-b3f0-7dafad3a6fd9' and name 'vitis_hls'
Tue May 16 15:45:35 2023: GUIDANCE_SMGR: creating guidance session with uuid: '7d8eaa72-c23a-44b6-b3f0-7dafad3a6fd9' and name 'vitis_hls'
Tue May 16 15:45:35 2023: STOP_SERVER received, server token: 473f5958-c87a-4839-a405-dd649cc64475, passed token: 473f5958-c87a-4839-a405-dd649cc64475
Tue May 16 15:45:35 2023: Socket received request to stop server.
Tue May 16 15:45:35 2023: Dispatch Server: do_await_stop
Tue May 16 15:45:35 2023: Dispatch Server: stopping mainFifo_
Tue May 16 15:45:35 2023: XCD main fifo: Stopping
Tue May 16 15:45:35 2023: XCD main fifo: do_read error code: Operation canceled
Tue May 16 15:45:35 2023: XCD main fifo: bytes_transferred: 0
Tue May 16 15:45:35 2023: SERVER: destructor for server bound to port 44578
Tue May 16 15:45:35 2023: XCD main fifo: Good unlink of /tmp/xcdmain473f5958-c87a-4839-a405-dd649cc64475
Tue May 16 15:45:35 2023: Server exiting with status 0.
Tue May 16 15:45:35 2023: Closing log file.
Tue May 16 15:45:56 2023: Running xcd server. This server was built by gradle.
Tue May 16 15:45:56 2023: Server was asked to start on port: '34185'
Tue May 16 15:45:56 2023: Server is using token UUID: 'dac1cc37-05f4-4852-88ed-41bbad7e916f'
Tue May 16 15:45:56 2023: SESSION_MGR: creating session with session uuid: '6d04a3e9-ade5-4ab9-8d63-1f78fcd2ec76' and name 'default'
Tue May 16 15:45:56 2023: Attempting to start server on port '34185'
Tue May 16 15:45:56 2023: XCD main fifo: created main fifo '/tmp/xcdmaindac1cc37-05f4-4852-88ed-41bbad7e916f', fd read = 13
Tue May 16 15:45:56 2023: Running Dispatch Server
Tue May 16 15:45:56 2023: Version 2.2.0
Tue May 16 15:46:05 2023: Dispatch Server: Accepted socket connection from client
Tue May 16 15:46:05 2023: Starting Socket connection
Tue May 16 15:46:05 2023: EXCHANGE_TOKEN received, server token: dac1cc37-05f4-4852-88ed-41bbad7e916f, passed token: dac1cc37-05f4-4852-88ed-41bbad7e916f
Tue May 16 15:46:05 2023: SESSION_MGR: creating session with session uuid: 'c4dc0bd9-beb0-471c-b6d5-0af8a19e0fb2' and name 'vitis_hls'
Tue May 16 15:46:05 2023: KERNEL_SVC: creating session with uuid: 'c4dc0bd9-beb0-471c-b6d5-0af8a19e0fb2' and name 'vitis_hls'
Tue May 16 15:46:05 2023: GUIDANCE_SMGR: creating guidance session with uuid: 'c4dc0bd9-beb0-471c-b6d5-0af8a19e0fb2' and name 'vitis_hls'
Tue May 16 15:46:16 2023: STOP_SERVER received, server token: dac1cc37-05f4-4852-88ed-41bbad7e916f, passed token: dac1cc37-05f4-4852-88ed-41bbad7e916f
Tue May 16 15:46:16 2023: Socket received request to stop server.
Tue May 16 15:46:16 2023: Dispatch Server: do_await_stop
Tue May 16 15:46:16 2023: Dispatch Server: stopping mainFifo_
Tue May 16 15:46:16 2023: XCD main fifo: Stopping
Tue May 16 15:46:16 2023: XCD main fifo: do_read error code: Operation canceled
Tue May 16 15:46:16 2023: XCD main fifo: bytes_transferred: 0
Tue May 16 15:46:16 2023: SERVER: destructor for server bound to port 34185
Tue May 16 15:46:16 2023: XCD main fifo: Good unlink of /tmp/xcdmaindac1cc37-05f4-4852-88ed-41bbad7e916f
Tue May 16 15:46:16 2023: Server exiting with status 0.
Tue May 16 15:46:16 2023: Closing log file.
Tue May 16 15:47:40 2023: Running xcd server. This server was built by gradle.
Tue May 16 15:47:40 2023: Server was asked to start on port: '33486'
Tue May 16 15:47:40 2023: Server is using token UUID: '900a45b2-536b-450b-8ebd-d4feff6da083'
Tue May 16 15:47:40 2023: SESSION_MGR: creating session with session uuid: '6d04a3e9-ade5-4ab9-8d63-1f78fcd2ec76' and name 'default'
Tue May 16 15:47:40 2023: Attempting to start server on port '33486'
Tue May 16 15:47:40 2023: XCD main fifo: created main fifo '/tmp/xcdmain900a45b2-536b-450b-8ebd-d4feff6da083', fd read = 13
Tue May 16 15:47:40 2023: Running Dispatch Server
Tue May 16 15:47:40 2023: Version 2.2.0
Tue May 16 15:47:49 2023: Dispatch Server: Accepted socket connection from client
Tue May 16 15:47:49 2023: Starting Socket connection
Tue May 16 15:47:49 2023: EXCHANGE_TOKEN received, server token: 900a45b2-536b-450b-8ebd-d4feff6da083, passed token: 900a45b2-536b-450b-8ebd-d4feff6da083
Tue May 16 15:47:49 2023: SESSION_MGR: creating session with session uuid: 'dc87c469-39c1-4e40-96b4-64d55885d1fb' and name 'vitis_hls'
Tue May 16 15:47:49 2023: KERNEL_SVC: creating session with uuid: 'dc87c469-39c1-4e40-96b4-64d55885d1fb' and name 'vitis_hls'
Tue May 16 15:47:49 2023: GUIDANCE_SMGR: creating guidance session with uuid: 'dc87c469-39c1-4e40-96b4-64d55885d1fb' and name 'vitis_hls'
Tue May 16 15:48:00 2023: STOP_SERVER received, server token: 900a45b2-536b-450b-8ebd-d4feff6da083, passed token: 900a45b2-536b-450b-8ebd-d4feff6da083
Tue May 16 15:48:00 2023: Socket received request to stop server.
Tue May 16 15:48:00 2023: Dispatch Server: do_await_stop
Tue May 16 15:48:00 2023: Dispatch Server: stopping mainFifo_
Tue May 16 15:48:00 2023: XCD main fifo: Stopping
Tue May 16 15:48:00 2023: XCD main fifo: do_read error code: Operation canceled
Tue May 16 15:48:00 2023: XCD main fifo: bytes_transferred: 0
Tue May 16 15:48:00 2023: SERVER: destructor for server bound to port 33486
Tue May 16 15:48:00 2023: XCD main fifo: Good unlink of /tmp/xcdmain900a45b2-536b-450b-8ebd-d4feff6da083
Tue May 16 15:48:00 2023: Server exiting with status 0.
Tue May 16 15:48:00 2023: Closing log file.
Tue May 16 15:50:00 2023: Running xcd server. This server was built by gradle.
Tue May 16 15:50:00 2023: Server was asked to start on port: '33822'
Tue May 16 15:50:00 2023: Server is using token UUID: '771cf463-74f5-48fe-8ee5-303413e683a6'
Tue May 16 15:50:00 2023: SESSION_MGR: creating session with session uuid: '6d04a3e9-ade5-4ab9-8d63-1f78fcd2ec76' and name 'default'
Tue May 16 15:50:00 2023: Attempting to start server on port '33822'
Tue May 16 15:50:00 2023: XCD main fifo: created main fifo '/tmp/xcdmain771cf463-74f5-48fe-8ee5-303413e683a6', fd read = 13
Tue May 16 15:50:00 2023: Running Dispatch Server
Tue May 16 15:50:00 2023: Version 2.2.0
Tue May 16 15:50:09 2023: Dispatch Server: Accepted socket connection from client
Tue May 16 15:50:09 2023: Starting Socket connection
Tue May 16 15:50:09 2023: EXCHANGE_TOKEN received, server token: 771cf463-74f5-48fe-8ee5-303413e683a6, passed token: 771cf463-74f5-48fe-8ee5-303413e683a6
Tue May 16 15:50:09 2023: SESSION_MGR: creating session with session uuid: '94554bea-33c7-4e0d-9cf2-305b1fd71f28' and name 'vitis_hls'
Tue May 16 15:50:09 2023: KERNEL_SVC: creating session with uuid: '94554bea-33c7-4e0d-9cf2-305b1fd71f28' and name 'vitis_hls'
Tue May 16 15:50:09 2023: GUIDANCE_SMGR: creating guidance session with uuid: '94554bea-33c7-4e0d-9cf2-305b1fd71f28' and name 'vitis_hls'
Tue May 16 15:50:40 2023: STOP_SERVER received, server token: 771cf463-74f5-48fe-8ee5-303413e683a6, passed token: 771cf463-74f5-48fe-8ee5-303413e683a6
Tue May 16 15:50:40 2023: Socket received request to stop server.
Tue May 16 15:50:40 2023: Dispatch Server: do_await_stop
Tue May 16 15:50:40 2023: Dispatch Server: stopping mainFifo_
Tue May 16 15:50:40 2023: XCD main fifo: Stopping
Tue May 16 15:50:40 2023: XCD main fifo: do_read error code: Operation canceled
Tue May 16 15:50:40 2023: XCD main fifo: bytes_transferred: 0
Tue May 16 15:50:40 2023: SERVER: destructor for server bound to port 33822
Tue May 16 15:50:40 2023: XCD main fifo: Good unlink of /tmp/xcdmain771cf463-74f5-48fe-8ee5-303413e683a6
Tue May 16 15:50:40 2023: Server exiting with status 0.
Tue May 16 15:50:40 2023: Closing log file.
Tue May 16 15:51:52 2023: Running xcd server. This server was built by gradle.
Tue May 16 15:51:52 2023: Server was asked to start on port: '45368'
Tue May 16 15:51:52 2023: Server is using token UUID: 'e330b64b-0734-4da5-adf0-0f120a482a47'
Tue May 16 15:51:52 2023: SESSION_MGR: creating session with session uuid: '6d04a3e9-ade5-4ab9-8d63-1f78fcd2ec76' and name 'default'
Tue May 16 15:51:52 2023: Attempting to start server on port '45368'
Tue May 16 15:51:52 2023: XCD main fifo: created main fifo '/tmp/xcdmaine330b64b-0734-4da5-adf0-0f120a482a47', fd read = 13
Tue May 16 15:51:52 2023: Running Dispatch Server
Tue May 16 15:51:52 2023: Version 2.2.0
Tue May 16 15:52:01 2023: Dispatch Server: Accepted socket connection from client
Tue May 16 15:52:01 2023: Starting Socket connection
Tue May 16 15:52:01 2023: EXCHANGE_TOKEN received, server token: e330b64b-0734-4da5-adf0-0f120a482a47, passed token: e330b64b-0734-4da5-adf0-0f120a482a47
Tue May 16 15:52:01 2023: SESSION_MGR: creating session with session uuid: 'a03444f5-fd3a-4188-bad9-bc765e629ef1' and name 'vitis_hls'
Tue May 16 15:52:01 2023: KERNEL_SVC: creating session with uuid: 'a03444f5-fd3a-4188-bad9-bc765e629ef1' and name 'vitis_hls'
Tue May 16 15:52:01 2023: GUIDANCE_SMGR: creating guidance session with uuid: 'a03444f5-fd3a-4188-bad9-bc765e629ef1' and name 'vitis_hls'
Tue May 16 15:55:44 2023: STOP_SERVER received, server token: e330b64b-0734-4da5-adf0-0f120a482a47, passed token: e330b64b-0734-4da5-adf0-0f120a482a47
Tue May 16 15:55:44 2023: Socket received request to stop server.
Tue May 16 15:55:44 2023: Dispatch Server: do_await_stop
Tue May 16 15:55:44 2023: Dispatch Server: stopping mainFifo_
Tue May 16 15:55:44 2023: XCD main fifo: Stopping
Tue May 16 15:55:44 2023: XCD main fifo: do_read error code: Operation canceled
Tue May 16 15:55:44 2023: XCD main fifo: bytes_transferred: 0
Tue May 16 15:55:44 2023: SERVER: destructor for server bound to port 45368
Tue May 16 15:55:44 2023: XCD main fifo: Good unlink of /tmp/xcdmaine330b64b-0734-4da5-adf0-0f120a482a47
Tue May 16 15:55:44 2023: Server exiting with status 0.
Tue May 16 15:55:44 2023: Closing log file.
