vhls_src/layer2_layer2.cpp:30:9: warning: HLS pragma dump _XLX_SEP_ PragmaIsValid=1_XLX_SEP_ PragmaType=interface_XLX_SEP_ PragmaContext=_XLX_SEP_ PragmaFunction=layer2_XLX_SEP_ PragmaOptions=m_axi depth=1 port=input_feature_map bundle=fm_XLX_SEP_ [-Wdump-hls-pragmas]
#pragma HLS INTERFACE m_axi depth=1 port=input_feature_map bundle=fm
        ^
vhls_src/layer2_layer2.cpp:31:9: warning: HLS pragma dump _XLX_SEP_ PragmaIsValid=1_XLX_SEP_ PragmaType=interface_XLX_SEP_ PragmaContext=_XLX_SEP_ PragmaFunction=layer2_XLX_SEP_ PragmaOptions=m_axi depth=1 port=layer_weights bundle=wt_XLX_SEP_ [-Wdump-hls-pragmas]
#pragma HLS INTERFACE m_axi depth=1 port=layer_weights bundle=wt
        ^
vhls_src/layer2_layer2.cpp:32:9: warning: HLS pragma dump _XLX_SEP_ PragmaIsValid=1_XLX_SEP_ PragmaType=interface_XLX_SEP_ PragmaContext=_XLX_SEP_ PragmaFunction=layer2_XLX_SEP_ PragmaOptions=m_axi depth=1 port=layer_bias bundle=wt_XLX_SEP_ [-Wdump-hls-pragmas]
#pragma HLS INTERFACE m_axi depth=1 port=layer_bias bundle=wt
        ^
vhls_src/layer2_layer2.cpp:33:9: warning: HLS pragma dump _XLX_SEP_ PragmaIsValid=1_XLX_SEP_ PragmaType=interface_XLX_SEP_ PragmaContext=_XLX_SEP_ PragmaFunction=layer2_XLX_SEP_ PragmaOptions=m_axi depth=1 port=output_feature_map bundle=fm_XLX_SEP_ [-Wdump-hls-pragmas]
#pragma HLS INTERFACE m_axi depth=1 port=output_feature_map bundle=fm
        ^
vhls_src/layer2_layer2.cpp:35:9: warning: HLS pragma dump _XLX_SEP_ PragmaIsValid=1_XLX_SEP_ PragmaType=interface_XLX_SEP_ PragmaContext=_XLX_SEP_ PragmaFunction=layer2_XLX_SEP_ PragmaOptions=s_axilite register port=return_XLX_SEP_ [-Wdump-hls-pragmas]
#pragma HLS INTERFACE s_axilite register port=return
        ^
vhls_src/layer2_layer2.cpp:43:9: warning: HLS pragma dump _XLX_SEP_ PragmaIsValid=1_XLX_SEP_ PragmaType=array_partition_XLX_SEP_ PragmaContext=_XLX_SEP_ PragmaFunction=layer2_XLX_SEP_ PragmaOptions=variable=conv_in_buf dim=2 complete_XLX_SEP_ [-Wdump-hls-pragmas]
#pragma HLS array_partition variable=conv_in_buf dim=2 complete
        ^
vhls_src/layer2_layer2.cpp:53:9: warning: HLS pragma dump _XLX_SEP_ PragmaIsValid=1_XLX_SEP_ PragmaType=array_partition_XLX_SEP_ PragmaContext=_XLX_SEP_ PragmaFunction=layer2_XLX_SEP_ PragmaOptions=variable=conv_out_buf dim=2 complete_XLX_SEP_ [-Wdump-hls-pragmas]
#pragma HLS array_partition variable=conv_out_buf dim=2 complete
        ^
vhls_src/layer2_layer2.cpp:145:9: warning: HLS pragma dump _XLX_SEP_ PragmaIsValid=1_XLX_SEP_ PragmaType=pipeline_XLX_SEP_ PragmaContext=_XLX_SEP_ PragmaFunction=conv_XLX_SEP_ PragmaOptions=_XLX_SEP_ [-Wdump-hls-pragmas]
#pragma HLS pipeline
        ^
8 warnings generated.
