/export/hdd/scratch/rsamanta9/QDTrack/proj/solution1/.autopilot/db/layer3_utils.pp.0.cpp:29152:7: warning: Added loop label VITIS_LOOP_1213_1:   [xilinx-label-all-loops]
      for (i = 0; i < __N - 1; ++i) {
      ^~~
      VITIS_LOOP_1213_1: 
/export/hdd/scratch/rsamanta9/QDTrack/proj/solution1/.autopilot/db/layer3_utils.pp.0.cpp:29152:7: note: FIX-IT applied suggested code changes
/export/hdd/scratch/rsamanta9/QDTrack/proj/solution1/.autopilot/db/layer3_utils.pp.0.cpp:30126:5: warning: Added loop label VITIS_LOOP_676_1:   [xilinx-label-all-loops]
    for (unsigned i = low; i != high; ++i) {
    ^~~
    VITIS_LOOP_676_1: 
/export/hdd/scratch/rsamanta9/QDTrack/proj/solution1/.autopilot/db/layer3_utils.pp.0.cpp:30126:5: note: FIX-IT applied suggested code changes
/export/hdd/scratch/rsamanta9/QDTrack/proj/solution1/.autopilot/db/layer3_utils.pp.0.cpp:30140:5: warning: Added loop label VITIS_LOOP_690_1:   [xilinx-label-all-loops]
    for (unsigned i = low; i != high; ++i) {
    ^~~
    VITIS_LOOP_690_1: 
/export/hdd/scratch/rsamanta9/QDTrack/proj/solution1/.autopilot/db/layer3_utils.pp.0.cpp:30140:5: note: FIX-IT applied suggested code changes
/export/hdd/scratch/rsamanta9/QDTrack/proj/solution1/.autopilot/db/layer3_utils.pp.0.cpp:30154:5: warning: Added loop label VITIS_LOOP_704_1:   [xilinx-label-all-loops]
    for (unsigned i = low; i != high; ++i) {
    ^~~
    VITIS_LOOP_704_1: 
/export/hdd/scratch/rsamanta9/QDTrack/proj/solution1/.autopilot/db/layer3_utils.pp.0.cpp:30154:5: note: FIX-IT applied suggested code changes
/export/hdd/scratch/rsamanta9/QDTrack/proj/solution1/.autopilot/db/layer3_utils.pp.0.cpp:31753:7: warning: Added loop label VITIS_LOOP_1247_1:   [xilinx-label-all-loops]
      for (i = 0; i < __N - 1; ++i) {
      ^~~
      VITIS_LOOP_1247_1: 
/export/hdd/scratch/rsamanta9/QDTrack/proj/solution1/.autopilot/db/layer3_utils.pp.0.cpp:31753:7: note: FIX-IT applied suggested code changes
/export/hdd/scratch/rsamanta9/QDTrack/proj/solution1/.autopilot/db/layer3_utils.pp.0.cpp:33771:5: warning: Added loop label VITIS_LOOP_137_1:   [xilinx-label-all-loops]
    for(int k = 0; k < OUT_FM_DEPTH; k++)
    ^~~
    VITIS_LOOP_137_1: 
/export/hdd/scratch/rsamanta9/QDTrack/proj/solution1/.autopilot/db/layer3_utils.pp.0.cpp:33771:5: note: FIX-IT applied suggested code changes
/export/hdd/scratch/rsamanta9/QDTrack/proj/solution1/.autopilot/db/layer3_utils.pp.0.cpp:33773:9: warning: Added loop label VITIS_LOOP_139_2:   [xilinx-label-all-loops]
        for(int i = 0; i < OUT_FM_HEIGHT; i++)
        ^~~
        VITIS_LOOP_139_2: 
/export/hdd/scratch/rsamanta9/QDTrack/proj/solution1/.autopilot/db/layer3_utils.pp.0.cpp:33773:9: note: FIX-IT applied suggested code changes
/export/hdd/scratch/rsamanta9/QDTrack/proj/solution1/.autopilot/db/layer3_utils.pp.0.cpp:33775:13: warning: Added loop label VITIS_LOOP_141_3:   [xilinx-label-all-loops]
            for(int j = 0; j < OUT_FM_WIDTH; j++)
            ^~~
            VITIS_LOOP_141_3: 
/export/hdd/scratch/rsamanta9/QDTrack/proj/solution1/.autopilot/db/layer3_utils.pp.0.cpp:33775:13: note: FIX-IT applied suggested code changes
