

================================================================
== Vitis HLS Report for 'layer3_Pipeline_BIAS_LOOP'
================================================================
* Date:           Tue Aug 29 22:27:53 2023

* Version:        2023.1.1 (Build 3869133 on Jun 15 2023)
* Project:        proj
* Solution:       solution1 (Vivado IP Flow Target)
* Product family: zynquplus
* Target device:  xczu9eg-ffvb1156-2-e


================================================================
== Performance Estimates
================================================================
+ Timing: 
    * Summary: 
    +--------+----------+----------+------------+
    |  Clock |  Target  | Estimated| Uncertainty|
    +--------+----------+----------+------------+
    |ap_clk  |  10.00 ns|  7.300 ns|     2.70 ns|
    +--------+----------+----------+------------+

+ Latency: 
    * Summary: 
    +---------+---------+----------+----------+-----+-----+---------+
    |  Latency (cycles) |  Latency (absolute) |  Interval | Pipeline|
    |   min   |   max   |    min   |    max   | min | max |   Type  |
    +---------+---------+----------+----------+-----+-----+---------+
    |      515|      515|  5.150 us|  5.150 us|  515|  515|       no|
    +---------+---------+----------+----------+-----+-----+---------+

    + Detail: 
        * Instance: 
        N/A

        * Loop: 
        +-------------+---------+---------+----------+-----------+-----------+------+----------+
        |             |  Latency (cycles) | Iteration|  Initiation Interval  | Trip |          |
        |  Loop Name  |   min   |   max   |  Latency |  achieved |   target  | Count| Pipelined|
        +-------------+---------+---------+----------+-----------+-----------+------+----------+
        |- BIAS_LOOP  |      513|      513|         3|          1|          1|   512|       yes|
        +-------------+---------+---------+----------+-----------+-----------+------+----------+

============================================================
+ Verbose Summary: Synthesis Manager
============================================================
InlineROM: 1
ExposeGlobal: 0
============================================================
+ Verbose Summary: CDFG Model
============================================================
IsTopModel: 0
ResetActiveHigh: 1
IsCombinational: 0
IsDatapathOnly: 0
HasWiredReturn: 1
HasMFsm: 2
HasVarLatency: 1
IsPipeline: 0
IsRtlPipelined: 0
IsInstanceOverlapped: 0
IsDontTouch: 0
HasImplIP: 0
IsGatedGlobalClock: 0

+ Individual pipeline summary: 
  * Pipeline-0: initiation interval (II) = 1, depth = 3


============================================================
+ Verbose Summary: Schedule
============================================================
* Number of FSM states : 3
* Pipeline : 1
  Pipeline-0 : II = 1, D = 3, States = { 1 2 3 }
* Dataflow Pipeline: 0

* FSM state transitions: 
1 --> 2 
2 --> 3 
3 --> 

* FSM state operations: 

State 1 <SV = 0> <Delay = 1.21>
ST_1 : Operation 6 [1/1] (0.00ns)   --->   "%f = alloca i32 1"   --->   Operation 6 'alloca' 'f' <Predicate = true> <Delay = 0.00>
ST_1 : Operation 7 [1/1] (0.00ns)   --->   "%sext_ln90_read = read i63 @_ssdm_op_Read.ap_auto.i63, i63 %sext_ln90"   --->   Operation 7 'read' 'sext_ln90_read' <Predicate = true> <Delay = 0.00>
ST_1 : Operation 8 [1/1] (0.00ns)   --->   "%sext_ln90_cast = sext i63 %sext_ln90_read"   --->   Operation 8 'sext' 'sext_ln90_cast' <Predicate = true> <Delay = 0.00>
ST_1 : Operation 9 [1/1] (0.00ns)   --->   "%specinterface_ln0 = specinterface void @_ssdm_op_SpecInterface, i16 %wt, void @empty_20, i32 0, i32 0, void @empty_16, i32 0, i32 1, void @empty_24, void @empty_23, void @empty_16, i32 16, i32 16, i32 16, i32 16, void @empty_16, void @empty_16, i32 4294967295, i32 0"   --->   Operation 9 'specinterface' 'specinterface_ln0' <Predicate = true> <Delay = 0.00>
ST_1 : Operation 10 [1/1] (0.42ns)   --->   "%store_ln0 = store i10 0, i10 %f"   --->   Operation 10 'store' 'store_ln0' <Predicate = true> <Delay = 0.42>
ST_1 : Operation 11 [1/1] (0.00ns)   --->   "%br_ln0 = br void %for.inc.i"   --->   Operation 11 'br' 'br_ln0' <Predicate = true> <Delay = 0.00>
ST_1 : Operation 12 [1/1] (0.00ns)   --->   "%f_2 = load i10 %f" [vhls_src/layer3_utils.cpp:90->vhls_src/layer3_layer3.cpp:52]   --->   Operation 12 'load' 'f_2' <Predicate = true> <Delay = 0.00>
ST_1 : Operation 13 [1/1] (0.00ns)   --->   "%wt_addr = getelementptr i16 %wt, i64 %sext_ln90_cast" [vhls_src/layer3_utils.cpp:90->vhls_src/layer3_layer3.cpp:52]   --->   Operation 13 'getelementptr' 'wt_addr' <Predicate = true> <Delay = 0.00>
ST_1 : Operation 14 [1/1] (0.00ns)   --->   "%specpipeline_ln0 = specpipeline void @_ssdm_op_SpecPipeline, i32 4294967295, i32 0, i32 1, i32 0, void @p_str"   --->   Operation 14 'specpipeline' 'specpipeline_ln0' <Predicate = true> <Delay = 0.00>
ST_1 : Operation 15 [1/1] (0.78ns)   --->   "%icmp_ln90 = icmp_eq  i10 %f_2, i10 512" [vhls_src/layer3_utils.cpp:90->vhls_src/layer3_layer3.cpp:52]   --->   Operation 15 'icmp' 'icmp_ln90' <Predicate = true> <Delay = 0.78> <CoreInst = "Cmp">   --->   Core 9 'Cmp' <Latency = 0> <II = 1> <Delay = 0.78> <FuncUnit> <Opcode : 'icmp'> <InPorts = 2> <OutPorts = 1>
ST_1 : Operation 16 [1/1] (0.78ns)   --->   "%add_ln90 = add i10 %f_2, i10 1" [vhls_src/layer3_utils.cpp:90->vhls_src/layer3_layer3.cpp:52]   --->   Operation 16 'add' 'add_ln90' <Predicate = true> <Delay = 0.78> <CoreInst = "Adder">   --->   Core 1 'Adder' <Latency = 0> <II = 1> <Delay = 0.78> <FuncUnit> <Opcode : 'add' 'sub'> <InPorts = 2> <OutPorts = 1>
ST_1 : Operation 17 [1/1] (0.00ns)   --->   "%br_ln90 = br i1 %icmp_ln90, void %for.inc.i.split, void %_ZN7layer_39load_biasEP8ap_fixedILi16ELi3EL9ap_q_mode5EL9ap_o_mode3ELi0EES4_.exit.exitStub" [vhls_src/layer3_utils.cpp:90->vhls_src/layer3_layer3.cpp:52]   --->   Operation 17 'br' 'br_ln90' <Predicate = true> <Delay = 0.00>
ST_1 : Operation 18 [1/1] (0.42ns)   --->   "%store_ln90 = store i10 %add_ln90, i10 %f" [vhls_src/layer3_utils.cpp:90->vhls_src/layer3_layer3.cpp:52]   --->   Operation 18 'store' 'store_ln90' <Predicate = (!icmp_ln90)> <Delay = 0.42>

State 2 <SV = 1> <Delay = 7.30>
ST_2 : Operation 19 [1/1] (7.30ns)   --->   "%wt_addr_read = read i16 @_ssdm_op_Read.m_axi.p1i16, i16 %wt_addr" [vhls_src/layer3_utils.cpp:92->vhls_src/layer3_layer3.cpp:52]   --->   Operation 19 'read' 'wt_addr_read' <Predicate = true> <Delay = 7.30> <CoreInst = "m_axi">   --->   Core 121 'm_axi' <Latency = 0> <II = 1> <Delay = 1.00> <Adapter> <Opcode : 'read' 'write' 'readreq' 'writereq' 'writeresp'>
ST_2 : Operation 26 [1/1] (0.00ns)   --->   "%ret_ln0 = ret"   --->   Operation 26 'ret' 'ret_ln0' <Predicate = (icmp_ln90)> <Delay = 0.00>

State 3 <SV = 2> <Delay = 1.23>
ST_3 : Operation 20 [1/1] (0.00ns)   --->   "%f_cast = zext i10 %f_2" [vhls_src/layer3_utils.cpp:90->vhls_src/layer3_layer3.cpp:52]   --->   Operation 20 'zext' 'f_cast' <Predicate = true> <Delay = 0.00>
ST_3 : Operation 21 [1/1] (0.00ns)   --->   "%speclooptripcount_ln90 = speclooptripcount void @_ssdm_op_SpecLoopTripCount, i64 512, i64 512, i64 512" [vhls_src/layer3_utils.cpp:90->vhls_src/layer3_layer3.cpp:52]   --->   Operation 21 'speclooptripcount' 'speclooptripcount_ln90' <Predicate = true> <Delay = 0.00>
ST_3 : Operation 22 [1/1] (0.00ns)   --->   "%specloopname_ln90 = specloopname void @_ssdm_op_SpecLoopName, void @empty_8" [vhls_src/layer3_utils.cpp:90->vhls_src/layer3_layer3.cpp:52]   --->   Operation 22 'specloopname' 'specloopname_ln90' <Predicate = true> <Delay = 0.00>
ST_3 : Operation 23 [1/1] (0.00ns)   --->   "%conv_bias_buf_addr = getelementptr i16 %conv_bias_buf, i64 0, i64 %f_cast" [vhls_src/layer3_utils.cpp:92->vhls_src/layer3_layer3.cpp:52]   --->   Operation 23 'getelementptr' 'conv_bias_buf_addr' <Predicate = true> <Delay = 0.00>
ST_3 : Operation 24 [1/1] (1.23ns)   --->   "%store_ln92 = store i16 %wt_addr_read, i9 %conv_bias_buf_addr" [vhls_src/layer3_utils.cpp:92->vhls_src/layer3_layer3.cpp:52]   --->   Operation 24 'store' 'store_ln92' <Predicate = true> <Delay = 1.23> <CoreInst = "RAM">   --->   Core 83 'RAM' <Latency = 1> <II = 1> <Delay = 1.23> <Storage> <Opcode : 'load' 'store'> <Ports = 2> <Width = 16> <Depth = 512> <RAM>
ST_3 : Operation 25 [1/1] (0.00ns)   --->   "%br_ln90 = br void %for.inc.i" [vhls_src/layer3_utils.cpp:90->vhls_src/layer3_layer3.cpp:52]   --->   Operation 25 'br' 'br_ln90' <Predicate = true> <Delay = 0.00>


============================================================
+ Verbose Summary: Timing violations
============================================================
Target clock period: 10.000ns, clock uncertainty: 2.700ns.

 <State 1>: 1.214ns
The critical path consists of the following:
	'alloca' operation ('f') [4]  (0.000 ns)
	'load' operation ('f', vhls_src/layer3_utils.cpp:90->vhls_src/layer3_layer3.cpp:52) on local variable 'f' [11]  (0.000 ns)
	'add' operation ('add_ln90', vhls_src/layer3_utils.cpp:90->vhls_src/layer3_layer3.cpp:52) [15]  (0.787 ns)
	'store' operation ('store_ln90', vhls_src/layer3_utils.cpp:90->vhls_src/layer3_layer3.cpp:52) of variable 'add_ln90', vhls_src/layer3_utils.cpp:90->vhls_src/layer3_layer3.cpp:52 on local variable 'f' [24]  (0.427 ns)

 <State 2>: 7.300ns
The critical path consists of the following:
	bus read operation ('wt_addr_read', vhls_src/layer3_utils.cpp:92->vhls_src/layer3_layer3.cpp:52) on port 'wt' (vhls_src/layer3_utils.cpp:92->vhls_src/layer3_layer3.cpp:52) [22]  (7.300 ns)

 <State 3>: 1.237ns
The critical path consists of the following:
	'getelementptr' operation ('conv_bias_buf_addr', vhls_src/layer3_utils.cpp:92->vhls_src/layer3_layer3.cpp:52) [21]  (0.000 ns)
	'store' operation ('store_ln92', vhls_src/layer3_utils.cpp:92->vhls_src/layer3_layer3.cpp:52) of variable 'wt_addr_read', vhls_src/layer3_utils.cpp:92->vhls_src/layer3_layer3.cpp:52 on array 'conv_bias_buf' [23]  (1.237 ns)


============================================================
+ Verbose Summary: Binding
============================================================
N/A
* FSMD analyzer results:
  - Output states:
 - Input state : 
  - Chain level:
	State 1
	State 2
	State 3


============================================================
+ Verbose Summary: Datapath Resource usage 
============================================================
N/A
