vhls_src/layer3_layer3.cpp:22:9: warning: HLS pragma dump _XLX_SEP_ PragmaIsValid=1_XLX_SEP_ PragmaType=interface_XLX_SEP_ PragmaContext=_XLX_SEP_ PragmaFunction=layer3_XLX_SEP_ PragmaOptions=m_axi depth=1 port=input_feature_map bundle=fm_XLX_SEP_ [-Wdump-hls-pragmas]
#pragma HLS INTERFACE m_axi depth=1 port=input_feature_map bundle=fm
        ^
vhls_src/layer3_layer3.cpp:23:9: warning: HLS pragma dump _XLX_SEP_ PragmaIsValid=1_XLX_SEP_ PragmaType=interface_XLX_SEP_ PragmaContext=_XLX_SEP_ PragmaFunction=layer3_XLX_SEP_ PragmaOptions=m_axi depth=1 port=layer_weights bundle=wt_XLX_SEP_ [-Wdump-hls-pragmas]
#pragma HLS INTERFACE m_axi depth=1 port=layer_weights bundle=wt
        ^
vhls_src/layer3_layer3.cpp:24:9: warning: HLS pragma dump _XLX_SEP_ PragmaIsValid=1_XLX_SEP_ PragmaType=interface_XLX_SEP_ PragmaContext=_XLX_SEP_ PragmaFunction=layer3_XLX_SEP_ PragmaOptions=m_axi depth=1 port=layer_bias bundle=wt_XLX_SEP_ [-Wdump-hls-pragmas]
#pragma HLS INTERFACE m_axi depth=1 port=layer_bias bundle=wt
        ^
vhls_src/layer3_layer3.cpp:25:9: warning: HLS pragma dump _XLX_SEP_ PragmaIsValid=1_XLX_SEP_ PragmaType=interface_XLX_SEP_ PragmaContext=_XLX_SEP_ PragmaFunction=layer3_XLX_SEP_ PragmaOptions=m_axi depth=1 port=output_feature_map bundle=fm_XLX_SEP_ [-Wdump-hls-pragmas]
#pragma HLS INTERFACE m_axi depth=1 port=output_feature_map bundle=fm
        ^
vhls_src/layer3_layer3.cpp:26:9: warning: HLS pragma dump _XLX_SEP_ PragmaIsValid=1_XLX_SEP_ PragmaType=interface_XLX_SEP_ PragmaContext=_XLX_SEP_ PragmaFunction=layer3_XLX_SEP_ PragmaOptions=m_axi depth=1 port=last_layer bundle=fm_XLX_SEP_ [-Wdump-hls-pragmas]
#pragma HLS INTERFACE m_axi depth=1 port=last_layer bundle=fm
        ^
vhls_src/layer3_layer3.cpp:28:9: warning: HLS pragma dump _XLX_SEP_ PragmaIsValid=1_XLX_SEP_ PragmaType=interface_XLX_SEP_ PragmaContext=_XLX_SEP_ PragmaFunction=layer3_XLX_SEP_ PragmaOptions=s_axilite register port=return_XLX_SEP_ [-Wdump-hls-pragmas]
#pragma HLS INTERFACE s_axilite register port=return
        ^
vhls_src/layer3_layer3.cpp:36:9: warning: HLS pragma dump _XLX_SEP_ PragmaIsValid=1_XLX_SEP_ PragmaType=array_partition_XLX_SEP_ PragmaContext=_XLX_SEP_ PragmaFunction=layer3_XLX_SEP_ PragmaOptions=variable=conv_in_buf dim=2 complete_XLX_SEP_ [-Wdump-hls-pragmas]
#pragma HLS array_partition variable=conv_in_buf dim=2 complete
        ^
vhls_src/layer3_layer3.cpp:46:9: warning: HLS pragma dump _XLX_SEP_ PragmaIsValid=1_XLX_SEP_ PragmaType=array_partition_XLX_SEP_ PragmaContext=_XLX_SEP_ PragmaFunction=layer3_XLX_SEP_ PragmaOptions=variable=conv_out_buf dim=2 complete_XLX_SEP_ [-Wdump-hls-pragmas]
#pragma HLS array_partition variable=conv_out_buf dim=2 complete
        ^
vhls_src/layer3_layer3.cpp:140:9: warning: HLS pragma dump _XLX_SEP_ PragmaIsValid=1_XLX_SEP_ PragmaType=pipeline_XLX_SEP_ PragmaContext=_XLX_SEP_ PragmaFunction=conv_XLX_SEP_ PragmaOptions=_XLX_SEP_ [-Wdump-hls-pragmas]
#pragma HLS pipeline
        ^
9 warnings generated.
