/export/hdd/scratch/rsamanta9/QDTrack/proj/solution1/.autopilot/db/layer1_layer1.pp.0.cpp:29150:7: warning: Added loop label VITIS_LOOP_1213_1:   [xilinx-label-all-loops]
      for (i = 0; i < __N - 1; ++i) {
      ^~~
      VITIS_LOOP_1213_1: 
/export/hdd/scratch/rsamanta9/QDTrack/proj/solution1/.autopilot/db/layer1_layer1.pp.0.cpp:29150:7: note: FIX-IT applied suggested code changes
/export/hdd/scratch/rsamanta9/QDTrack/proj/solution1/.autopilot/db/layer1_layer1.pp.0.cpp:30124:5: warning: Added loop label VITIS_LOOP_676_1:   [xilinx-label-all-loops]
    for (unsigned i = low; i != high; ++i) {
    ^~~
    VITIS_LOOP_676_1: 
/export/hdd/scratch/rsamanta9/QDTrack/proj/solution1/.autopilot/db/layer1_layer1.pp.0.cpp:30124:5: note: FIX-IT applied suggested code changes
/export/hdd/scratch/rsamanta9/QDTrack/proj/solution1/.autopilot/db/layer1_layer1.pp.0.cpp:30138:5: warning: Added loop label VITIS_LOOP_690_1:   [xilinx-label-all-loops]
    for (unsigned i = low; i != high; ++i) {
    ^~~
    VITIS_LOOP_690_1: 
/export/hdd/scratch/rsamanta9/QDTrack/proj/solution1/.autopilot/db/layer1_layer1.pp.0.cpp:30138:5: note: FIX-IT applied suggested code changes
/export/hdd/scratch/rsamanta9/QDTrack/proj/solution1/.autopilot/db/layer1_layer1.pp.0.cpp:30152:5: warning: Added loop label VITIS_LOOP_704_1:   [xilinx-label-all-loops]
    for (unsigned i = low; i != high; ++i) {
    ^~~
    VITIS_LOOP_704_1: 
/export/hdd/scratch/rsamanta9/QDTrack/proj/solution1/.autopilot/db/layer1_layer1.pp.0.cpp:30152:5: note: FIX-IT applied suggested code changes
/export/hdd/scratch/rsamanta9/QDTrack/proj/solution1/.autopilot/db/layer1_layer1.pp.0.cpp:31751:7: warning: Added loop label VITIS_LOOP_1247_1:   [xilinx-label-all-loops]
      for (i = 0; i < __N - 1; ++i) {
      ^~~
      VITIS_LOOP_1247_1: 
/export/hdd/scratch/rsamanta9/QDTrack/proj/solution1/.autopilot/db/layer1_layer1.pp.0.cpp:31751:7: note: FIX-IT applied suggested code changes
