

================================================================
== Vitis HLS Report for 'layer_top_Pipeline_OUTPUT_BUFFER_HEIGHT_OUTPUT_BUFFER_WIDTH'
================================================================
* Date:           Tue Aug 29 22:28:07 2023

* Version:        2023.1.1 (Build 3869133 on Jun 15 2023)
* Project:        proj
* Solution:       solution1 (Vivado IP Flow Target)
* Product family: zynquplus
* Target device:  xczu9eg-ffvb1156-2-e


================================================================
== Performance Estimates
================================================================
+ Timing: 
    * Summary: 
    +--------+----------+----------+------------+
    |  Clock |  Target  | Estimated| Uncertainty|
    +--------+----------+----------+------------+
    |ap_clk  |  10.00 ns|  4.937 ns|     2.70 ns|
    +--------+----------+----------+------------+

+ Latency: 
    * Summary: 
    +---------+---------+----------+----------+-------+-------+---------+
    |  Latency (cycles) |  Latency (absolute) |    Interval   | Pipeline|
    |   min   |   max   |    min   |    max   |  min  |  max  |   Type  |
    +---------+---------+----------+----------+-------+-------+---------+
    |    14722|    14722|  0.147 ms|  0.147 ms|  14722|  14722|       no|
    +---------+---------+----------+----------+-------+-------+---------+

    + Detail: 
        * Instance: 
        N/A

        * Loop: 
        +--------------------------------------------+---------+---------+----------+-----------+-----------+-------+----------+
        |                                            |  Latency (cycles) | Iteration|  Initiation Interval  |  Trip |          |
        |                  Loop Name                 |   min   |   max   |  Latency |  achieved |   target  | Count | Pipelined|
        +--------------------------------------------+---------+---------+----------+-----------+-----------+-------+----------+
        |- OUTPUT_BUFFER_HEIGHT_OUTPUT_BUFFER_WIDTH  |    14720|    14720|         2|          1|          1|  14720|       yes|
        +--------------------------------------------+---------+---------+----------+-----------+-----------+-------+----------+



================================================================
== Utilization Estimates
================================================================
* Summary: 
+-----------------+---------+------+--------+--------+-----+
|       Name      | BRAM_18K|  DSP |   FF   |   LUT  | URAM|
+-----------------+---------+------+--------+--------+-----+
|DSP              |        -|     -|       -|       -|    -|
|Expression       |        -|     -|       0|     226|    -|
|FIFO             |        -|     -|       -|       -|    -|
|Instance         |        -|     -|       0|     845|    -|
|Memory           |        -|     -|       -|       -|    -|
|Multiplexer      |        -|     -|       -|      72|    -|
|Register         |        -|     -|      47|       -|    -|
+-----------------+---------+------+--------+--------+-----+
|Total            |        0|     0|      47|    1143|    0|
+-----------------+---------+------+--------+--------+-----+
|Available        |     1824|  2520|  548160|  274080|    0|
+-----------------+---------+------+--------+--------+-----+
|Utilization (%)  |        0|     0|      ~0|      ~0|    0|
+-----------------+---------+------+--------+--------+-----+

+ Detail: 
    * Instance: 
    +-----------------------+------------------+---------+----+---+-----+-----+
    |        Instance       |      Module      | BRAM_18K| DSP| FF| LUT | URAM|
    +-----------------------+------------------+---------+----+---+-----+-----+
    |mux_160_8_16_1_1_U649  |mux_160_8_16_1_1  |        0|   0|  0|  845|    0|
    +-----------------------+------------------+---------+----+---+-----+-----+
    |Total                  |                  |        0|   0|  0|  845|    0|
    +-----------------------+------------------+---------+----+---+-----+-----+

    * DSP: 
    N/A

    * Memory: 
    N/A

    * FIFO: 
    N/A

    * Expression: 
    +---------------------------+----------+----+---+----+------------+------------+
    |       Variable Name       | Operation| DSP| FF| LUT| Bitwidth P0| Bitwidth P1|
    +---------------------------+----------+----+---+----+------------+------------+
    |add_ln112_fu_3140_p2       |         +|   0|  0|  22|          15|          15|
    |add_ln115_1_fu_2533_p2     |         +|   0|  0|  21|          14|           1|
    |add_ln115_fu_2545_p2       |         +|   0|  0|  14|           7|           1|
    |add_ln118_fu_2737_p2       |         +|   0|  0|  15|           8|           1|
    |add_ln130_1_fu_2786_p2     |         +|   0|  0|  21|          21|          21|
    |add_ln130_2_fu_2795_p2     |         +|   0|  0|  21|          21|          21|
    |add_ln130_fu_2761_p2       |         +|   0|  0|  21|          14|          14|
    |temp_fu_3135_p2            |         +|   0|  0|  23|          16|          16|
    |icmp_ln115_fu_2527_p2      |      icmp|   0|  0|  21|          14|          12|
    |icmp_ln118_fu_2551_p2      |      icmp|   0|  0|  15|           8|           8|
    |layer1_fm_buf_d0           |    select|   0|  0|  15|           1|           1|
    |select_ln115_1_fu_2565_p3  |    select|   0|  0|   7|           1|           7|
    |select_ln115_fu_2557_p3    |    select|   0|  0|   8|           1|           1|
    |ap_enable_pp0              |       xor|   0|  0|   2|           1|           2|
    +---------------------------+----------+----+---+----+------------+------------+
    |Total                      |          |   0|  0| 226|         142|         121|
    +---------------------------+----------+----+---+----+------------+------------+

    * Multiplexer: 
    +-----------------------------------------+----+-----------+-----+-----------+
    |                   Name                  | LUT| Input Size| Bits| Total Bits|
    +-----------------------------------------+----+-----------+-----+-----------+
    |ap_done_int                              |   9|          2|    1|          2|
    |ap_enable_reg_pp0_iter1                  |   9|          2|    1|          2|
    |ap_sig_allocacmp_i_load                  |   9|          2|    7|         14|
    |ap_sig_allocacmp_indvar_flatten326_load  |   9|          2|   14|         28|
    |ap_sig_allocacmp_j_load                  |   9|          2|    8|         16|
    |i_fu_390                                 |   9|          2|    7|         14|
    |indvar_flatten326_fu_394                 |   9|          2|   14|         28|
    |j_fu_386                                 |   9|          2|    8|         16|
    +-----------------------------------------+----+-----------+-----+-----------+
    |Total                                    |  72|         16|   60|        120|
    +-----------------------------------------+----+-----------+-----+-----------+

    * Register: 
    +--------------------------+----+----+-----+-----------+
    |           Name           | FF | LUT| Bits| Const Bits|
    +--------------------------+----+----+-----+-----------+
    |ap_CS_fsm                 |   1|   0|    1|          0|
    |ap_done_reg               |   1|   0|    1|          0|
    |ap_enable_reg_pp0_iter1   |   1|   0|    1|          0|
    |i_fu_390                  |   7|   0|    7|          0|
    |indvar_flatten326_fu_394  |  14|   0|   14|          0|
    |j_fu_386                  |   8|   0|    8|          0|
    |select_ln115_1_reg_3207   |   7|   0|    7|          0|
    |select_ln115_reg_3201     |   8|   0|    8|          0|
    +--------------------------+----+----+-----+-----------+
    |Total                     |  47|   0|   47|          0|
    +--------------------------+----+----+-----+-----------+



================================================================
== Interface
================================================================
* Summary: 
+---------------------------+-----+-----+------------+-------------------------------------------------------------+--------------+
|         RTL Ports         | Dir | Bits|  Protocol  |                        Source Object                        |    C Type    |
+---------------------------+-----+-----+------------+-------------------------------------------------------------+--------------+
|ap_clk                     |   in|    1|  ap_ctrl_hs|  layer_top_Pipeline_OUTPUT_BUFFER_HEIGHT_OUTPUT_BUFFER_WIDTH|  return value|
|ap_rst                     |   in|    1|  ap_ctrl_hs|  layer_top_Pipeline_OUTPUT_BUFFER_HEIGHT_OUTPUT_BUFFER_WIDTH|  return value|
|ap_start                   |   in|    1|  ap_ctrl_hs|  layer_top_Pipeline_OUTPUT_BUFFER_HEIGHT_OUTPUT_BUFFER_WIDTH|  return value|
|ap_done                    |  out|    1|  ap_ctrl_hs|  layer_top_Pipeline_OUTPUT_BUFFER_HEIGHT_OUTPUT_BUFFER_WIDTH|  return value|
|ap_idle                    |  out|    1|  ap_ctrl_hs|  layer_top_Pipeline_OUTPUT_BUFFER_HEIGHT_OUTPUT_BUFFER_WIDTH|  return value|
|ap_ready                   |  out|    1|  ap_ctrl_hs|  layer_top_Pipeline_OUTPUT_BUFFER_HEIGHT_OUTPUT_BUFFER_WIDTH|  return value|
|phi_mul                    |   in|   14|     ap_none|                                                      phi_mul|        scalar|
|conv_out_buf_address0      |  out|    7|   ap_memory|                                                 conv_out_buf|         array|
|conv_out_buf_ce0           |  out|    1|   ap_memory|                                                 conv_out_buf|         array|
|conv_out_buf_q0            |   in|   16|   ap_memory|                                                 conv_out_buf|         array|
|conv_out_buf_1_address0    |  out|    7|   ap_memory|                                               conv_out_buf_1|         array|
|conv_out_buf_1_ce0         |  out|    1|   ap_memory|                                               conv_out_buf_1|         array|
|conv_out_buf_1_q0          |   in|   16|   ap_memory|                                               conv_out_buf_1|         array|
|conv_out_buf_2_address0    |  out|    7|   ap_memory|                                               conv_out_buf_2|         array|
|conv_out_buf_2_ce0         |  out|    1|   ap_memory|                                               conv_out_buf_2|         array|
|conv_out_buf_2_q0          |   in|   16|   ap_memory|                                               conv_out_buf_2|         array|
|conv_out_buf_3_address0    |  out|    7|   ap_memory|                                               conv_out_buf_3|         array|
|conv_out_buf_3_ce0         |  out|    1|   ap_memory|                                               conv_out_buf_3|         array|
|conv_out_buf_3_q0          |   in|   16|   ap_memory|                                               conv_out_buf_3|         array|
|conv_out_buf_4_address0    |  out|    7|   ap_memory|                                               conv_out_buf_4|         array|
|conv_out_buf_4_ce0         |  out|    1|   ap_memory|                                               conv_out_buf_4|         array|
|conv_out_buf_4_q0          |   in|   16|   ap_memory|                                               conv_out_buf_4|         array|
|conv_out_buf_5_address0    |  out|    7|   ap_memory|                                               conv_out_buf_5|         array|
|conv_out_buf_5_ce0         |  out|    1|   ap_memory|                                               conv_out_buf_5|         array|
|conv_out_buf_5_q0          |   in|   16|   ap_memory|                                               conv_out_buf_5|         array|
|conv_out_buf_6_address0    |  out|    7|   ap_memory|                                               conv_out_buf_6|         array|
|conv_out_buf_6_ce0         |  out|    1|   ap_memory|                                               conv_out_buf_6|         array|
|conv_out_buf_6_q0          |   in|   16|   ap_memory|                                               conv_out_buf_6|         array|
|conv_out_buf_7_address0    |  out|    7|   ap_memory|                                               conv_out_buf_7|         array|
|conv_out_buf_7_ce0         |  out|    1|   ap_memory|                                               conv_out_buf_7|         array|
|conv_out_buf_7_q0          |   in|   16|   ap_memory|                                               conv_out_buf_7|         array|
|conv_out_buf_8_address0    |  out|    7|   ap_memory|                                               conv_out_buf_8|         array|
|conv_out_buf_8_ce0         |  out|    1|   ap_memory|                                               conv_out_buf_8|         array|
|conv_out_buf_8_q0          |   in|   16|   ap_memory|                                               conv_out_buf_8|         array|
|conv_out_buf_9_address0    |  out|    7|   ap_memory|                                               conv_out_buf_9|         array|
|conv_out_buf_9_ce0         |  out|    1|   ap_memory|                                               conv_out_buf_9|         array|
|conv_out_buf_9_q0          |   in|   16|   ap_memory|                                               conv_out_buf_9|         array|
|conv_out_buf_10_address0   |  out|    7|   ap_memory|                                              conv_out_buf_10|         array|
|conv_out_buf_10_ce0        |  out|    1|   ap_memory|                                              conv_out_buf_10|         array|
|conv_out_buf_10_q0         |   in|   16|   ap_memory|                                              conv_out_buf_10|         array|
|conv_out_buf_11_address0   |  out|    7|   ap_memory|                                              conv_out_buf_11|         array|
|conv_out_buf_11_ce0        |  out|    1|   ap_memory|                                              conv_out_buf_11|         array|
|conv_out_buf_11_q0         |   in|   16|   ap_memory|                                              conv_out_buf_11|         array|
|conv_out_buf_12_address0   |  out|    7|   ap_memory|                                              conv_out_buf_12|         array|
|conv_out_buf_12_ce0        |  out|    1|   ap_memory|                                              conv_out_buf_12|         array|
|conv_out_buf_12_q0         |   in|   16|   ap_memory|                                              conv_out_buf_12|         array|
|conv_out_buf_13_address0   |  out|    7|   ap_memory|                                              conv_out_buf_13|         array|
|conv_out_buf_13_ce0        |  out|    1|   ap_memory|                                              conv_out_buf_13|         array|
|conv_out_buf_13_q0         |   in|   16|   ap_memory|                                              conv_out_buf_13|         array|
|conv_out_buf_14_address0   |  out|    7|   ap_memory|                                              conv_out_buf_14|         array|
|conv_out_buf_14_ce0        |  out|    1|   ap_memory|                                              conv_out_buf_14|         array|
|conv_out_buf_14_q0         |   in|   16|   ap_memory|                                              conv_out_buf_14|         array|
|conv_out_buf_15_address0   |  out|    7|   ap_memory|                                              conv_out_buf_15|         array|
|conv_out_buf_15_ce0        |  out|    1|   ap_memory|                                              conv_out_buf_15|         array|
|conv_out_buf_15_q0         |   in|   16|   ap_memory|                                              conv_out_buf_15|         array|
|conv_out_buf_16_address0   |  out|    7|   ap_memory|                                              conv_out_buf_16|         array|
|conv_out_buf_16_ce0        |  out|    1|   ap_memory|                                              conv_out_buf_16|         array|
|conv_out_buf_16_q0         |   in|   16|   ap_memory|                                              conv_out_buf_16|         array|
|conv_out_buf_17_address0   |  out|    7|   ap_memory|                                              conv_out_buf_17|         array|
|conv_out_buf_17_ce0        |  out|    1|   ap_memory|                                              conv_out_buf_17|         array|
|conv_out_buf_17_q0         |   in|   16|   ap_memory|                                              conv_out_buf_17|         array|
|conv_out_buf_18_address0   |  out|    7|   ap_memory|                                              conv_out_buf_18|         array|
|conv_out_buf_18_ce0        |  out|    1|   ap_memory|                                              conv_out_buf_18|         array|
|conv_out_buf_18_q0         |   in|   16|   ap_memory|                                              conv_out_buf_18|         array|
|conv_out_buf_19_address0   |  out|    7|   ap_memory|                                              conv_out_buf_19|         array|
|conv_out_buf_19_ce0        |  out|    1|   ap_memory|                                              conv_out_buf_19|         array|
|conv_out_buf_19_q0         |   in|   16|   ap_memory|                                              conv_out_buf_19|         array|
|conv_out_buf_20_address0   |  out|    7|   ap_memory|                                              conv_out_buf_20|         array|
|conv_out_buf_20_ce0        |  out|    1|   ap_memory|                                              conv_out_buf_20|         array|
|conv_out_buf_20_q0         |   in|   16|   ap_memory|                                              conv_out_buf_20|         array|
|conv_out_buf_21_address0   |  out|    7|   ap_memory|                                              conv_out_buf_21|         array|
|conv_out_buf_21_ce0        |  out|    1|   ap_memory|                                              conv_out_buf_21|         array|
|conv_out_buf_21_q0         |   in|   16|   ap_memory|                                              conv_out_buf_21|         array|
|conv_out_buf_22_address0   |  out|    7|   ap_memory|                                              conv_out_buf_22|         array|
|conv_out_buf_22_ce0        |  out|    1|   ap_memory|                                              conv_out_buf_22|         array|
|conv_out_buf_22_q0         |   in|   16|   ap_memory|                                              conv_out_buf_22|         array|
|conv_out_buf_23_address0   |  out|    7|   ap_memory|                                              conv_out_buf_23|         array|
|conv_out_buf_23_ce0        |  out|    1|   ap_memory|                                              conv_out_buf_23|         array|
|conv_out_buf_23_q0         |   in|   16|   ap_memory|                                              conv_out_buf_23|         array|
|conv_out_buf_24_address0   |  out|    7|   ap_memory|                                              conv_out_buf_24|         array|
|conv_out_buf_24_ce0        |  out|    1|   ap_memory|                                              conv_out_buf_24|         array|
|conv_out_buf_24_q0         |   in|   16|   ap_memory|                                              conv_out_buf_24|         array|
|conv_out_buf_25_address0   |  out|    7|   ap_memory|                                              conv_out_buf_25|         array|
|conv_out_buf_25_ce0        |  out|    1|   ap_memory|                                              conv_out_buf_25|         array|
|conv_out_buf_25_q0         |   in|   16|   ap_memory|                                              conv_out_buf_25|         array|
|conv_out_buf_26_address0   |  out|    7|   ap_memory|                                              conv_out_buf_26|         array|
|conv_out_buf_26_ce0        |  out|    1|   ap_memory|                                              conv_out_buf_26|         array|
|conv_out_buf_26_q0         |   in|   16|   ap_memory|                                              conv_out_buf_26|         array|
|conv_out_buf_27_address0   |  out|    7|   ap_memory|                                              conv_out_buf_27|         array|
|conv_out_buf_27_ce0        |  out|    1|   ap_memory|                                              conv_out_buf_27|         array|
|conv_out_buf_27_q0         |   in|   16|   ap_memory|                                              conv_out_buf_27|         array|
|conv_out_buf_28_address0   |  out|    7|   ap_memory|                                              conv_out_buf_28|         array|
|conv_out_buf_28_ce0        |  out|    1|   ap_memory|                                              conv_out_buf_28|         array|
|conv_out_buf_28_q0         |   in|   16|   ap_memory|                                              conv_out_buf_28|         array|
|conv_out_buf_29_address0   |  out|    7|   ap_memory|                                              conv_out_buf_29|         array|
|conv_out_buf_29_ce0        |  out|    1|   ap_memory|                                              conv_out_buf_29|         array|
|conv_out_buf_29_q0         |   in|   16|   ap_memory|                                              conv_out_buf_29|         array|
|conv_out_buf_30_address0   |  out|    7|   ap_memory|                                              conv_out_buf_30|         array|
|conv_out_buf_30_ce0        |  out|    1|   ap_memory|                                              conv_out_buf_30|         array|
|conv_out_buf_30_q0         |   in|   16|   ap_memory|                                              conv_out_buf_30|         array|
|conv_out_buf_31_address0   |  out|    7|   ap_memory|                                              conv_out_buf_31|         array|
|conv_out_buf_31_ce0        |  out|    1|   ap_memory|                                              conv_out_buf_31|         array|
|conv_out_buf_31_q0         |   in|   16|   ap_memory|                                              conv_out_buf_31|         array|
|conv_out_buf_32_address0   |  out|    7|   ap_memory|                                              conv_out_buf_32|         array|
|conv_out_buf_32_ce0        |  out|    1|   ap_memory|                                              conv_out_buf_32|         array|
|conv_out_buf_32_q0         |   in|   16|   ap_memory|                                              conv_out_buf_32|         array|
|conv_out_buf_33_address0   |  out|    7|   ap_memory|                                              conv_out_buf_33|         array|
|conv_out_buf_33_ce0        |  out|    1|   ap_memory|                                              conv_out_buf_33|         array|
|conv_out_buf_33_q0         |   in|   16|   ap_memory|                                              conv_out_buf_33|         array|
|conv_out_buf_34_address0   |  out|    7|   ap_memory|                                              conv_out_buf_34|         array|
|conv_out_buf_34_ce0        |  out|    1|   ap_memory|                                              conv_out_buf_34|         array|
|conv_out_buf_34_q0         |   in|   16|   ap_memory|                                              conv_out_buf_34|         array|
|conv_out_buf_35_address0   |  out|    7|   ap_memory|                                              conv_out_buf_35|         array|
|conv_out_buf_35_ce0        |  out|    1|   ap_memory|                                              conv_out_buf_35|         array|
|conv_out_buf_35_q0         |   in|   16|   ap_memory|                                              conv_out_buf_35|         array|
|conv_out_buf_36_address0   |  out|    7|   ap_memory|                                              conv_out_buf_36|         array|
|conv_out_buf_36_ce0        |  out|    1|   ap_memory|                                              conv_out_buf_36|         array|
|conv_out_buf_36_q0         |   in|   16|   ap_memory|                                              conv_out_buf_36|         array|
|conv_out_buf_37_address0   |  out|    7|   ap_memory|                                              conv_out_buf_37|         array|
|conv_out_buf_37_ce0        |  out|    1|   ap_memory|                                              conv_out_buf_37|         array|
|conv_out_buf_37_q0         |   in|   16|   ap_memory|                                              conv_out_buf_37|         array|
|conv_out_buf_38_address0   |  out|    7|   ap_memory|                                              conv_out_buf_38|         array|
|conv_out_buf_38_ce0        |  out|    1|   ap_memory|                                              conv_out_buf_38|         array|
|conv_out_buf_38_q0         |   in|   16|   ap_memory|                                              conv_out_buf_38|         array|
|conv_out_buf_39_address0   |  out|    7|   ap_memory|                                              conv_out_buf_39|         array|
|conv_out_buf_39_ce0        |  out|    1|   ap_memory|                                              conv_out_buf_39|         array|
|conv_out_buf_39_q0         |   in|   16|   ap_memory|                                              conv_out_buf_39|         array|
|conv_out_buf_40_address0   |  out|    7|   ap_memory|                                              conv_out_buf_40|         array|
|conv_out_buf_40_ce0        |  out|    1|   ap_memory|                                              conv_out_buf_40|         array|
|conv_out_buf_40_q0         |   in|   16|   ap_memory|                                              conv_out_buf_40|         array|
|conv_out_buf_41_address0   |  out|    7|   ap_memory|                                              conv_out_buf_41|         array|
|conv_out_buf_41_ce0        |  out|    1|   ap_memory|                                              conv_out_buf_41|         array|
|conv_out_buf_41_q0         |   in|   16|   ap_memory|                                              conv_out_buf_41|         array|
|conv_out_buf_42_address0   |  out|    7|   ap_memory|                                              conv_out_buf_42|         array|
|conv_out_buf_42_ce0        |  out|    1|   ap_memory|                                              conv_out_buf_42|         array|
|conv_out_buf_42_q0         |   in|   16|   ap_memory|                                              conv_out_buf_42|         array|
|conv_out_buf_43_address0   |  out|    7|   ap_memory|                                              conv_out_buf_43|         array|
|conv_out_buf_43_ce0        |  out|    1|   ap_memory|                                              conv_out_buf_43|         array|
|conv_out_buf_43_q0         |   in|   16|   ap_memory|                                              conv_out_buf_43|         array|
|conv_out_buf_44_address0   |  out|    7|   ap_memory|                                              conv_out_buf_44|         array|
|conv_out_buf_44_ce0        |  out|    1|   ap_memory|                                              conv_out_buf_44|         array|
|conv_out_buf_44_q0         |   in|   16|   ap_memory|                                              conv_out_buf_44|         array|
|conv_out_buf_45_address0   |  out|    7|   ap_memory|                                              conv_out_buf_45|         array|
|conv_out_buf_45_ce0        |  out|    1|   ap_memory|                                              conv_out_buf_45|         array|
|conv_out_buf_45_q0         |   in|   16|   ap_memory|                                              conv_out_buf_45|         array|
|conv_out_buf_46_address0   |  out|    7|   ap_memory|                                              conv_out_buf_46|         array|
|conv_out_buf_46_ce0        |  out|    1|   ap_memory|                                              conv_out_buf_46|         array|
|conv_out_buf_46_q0         |   in|   16|   ap_memory|                                              conv_out_buf_46|         array|
|conv_out_buf_47_address0   |  out|    7|   ap_memory|                                              conv_out_buf_47|         array|
|conv_out_buf_47_ce0        |  out|    1|   ap_memory|                                              conv_out_buf_47|         array|
|conv_out_buf_47_q0         |   in|   16|   ap_memory|                                              conv_out_buf_47|         array|
|conv_out_buf_48_address0   |  out|    7|   ap_memory|                                              conv_out_buf_48|         array|
|conv_out_buf_48_ce0        |  out|    1|   ap_memory|                                              conv_out_buf_48|         array|
|conv_out_buf_48_q0         |   in|   16|   ap_memory|                                              conv_out_buf_48|         array|
|conv_out_buf_49_address0   |  out|    7|   ap_memory|                                              conv_out_buf_49|         array|
|conv_out_buf_49_ce0        |  out|    1|   ap_memory|                                              conv_out_buf_49|         array|
|conv_out_buf_49_q0         |   in|   16|   ap_memory|                                              conv_out_buf_49|         array|
|conv_out_buf_50_address0   |  out|    7|   ap_memory|                                              conv_out_buf_50|         array|
|conv_out_buf_50_ce0        |  out|    1|   ap_memory|                                              conv_out_buf_50|         array|
|conv_out_buf_50_q0         |   in|   16|   ap_memory|                                              conv_out_buf_50|         array|
|conv_out_buf_51_address0   |  out|    7|   ap_memory|                                              conv_out_buf_51|         array|
|conv_out_buf_51_ce0        |  out|    1|   ap_memory|                                              conv_out_buf_51|         array|
|conv_out_buf_51_q0         |   in|   16|   ap_memory|                                              conv_out_buf_51|         array|
|conv_out_buf_52_address0   |  out|    7|   ap_memory|                                              conv_out_buf_52|         array|
|conv_out_buf_52_ce0        |  out|    1|   ap_memory|                                              conv_out_buf_52|         array|
|conv_out_buf_52_q0         |   in|   16|   ap_memory|                                              conv_out_buf_52|         array|
|conv_out_buf_53_address0   |  out|    7|   ap_memory|                                              conv_out_buf_53|         array|
|conv_out_buf_53_ce0        |  out|    1|   ap_memory|                                              conv_out_buf_53|         array|
|conv_out_buf_53_q0         |   in|   16|   ap_memory|                                              conv_out_buf_53|         array|
|conv_out_buf_54_address0   |  out|    7|   ap_memory|                                              conv_out_buf_54|         array|
|conv_out_buf_54_ce0        |  out|    1|   ap_memory|                                              conv_out_buf_54|         array|
|conv_out_buf_54_q0         |   in|   16|   ap_memory|                                              conv_out_buf_54|         array|
|conv_out_buf_55_address0   |  out|    7|   ap_memory|                                              conv_out_buf_55|         array|
|conv_out_buf_55_ce0        |  out|    1|   ap_memory|                                              conv_out_buf_55|         array|
|conv_out_buf_55_q0         |   in|   16|   ap_memory|                                              conv_out_buf_55|         array|
|conv_out_buf_56_address0   |  out|    7|   ap_memory|                                              conv_out_buf_56|         array|
|conv_out_buf_56_ce0        |  out|    1|   ap_memory|                                              conv_out_buf_56|         array|
|conv_out_buf_56_q0         |   in|   16|   ap_memory|                                              conv_out_buf_56|         array|
|conv_out_buf_57_address0   |  out|    7|   ap_memory|                                              conv_out_buf_57|         array|
|conv_out_buf_57_ce0        |  out|    1|   ap_memory|                                              conv_out_buf_57|         array|
|conv_out_buf_57_q0         |   in|   16|   ap_memory|                                              conv_out_buf_57|         array|
|conv_out_buf_58_address0   |  out|    7|   ap_memory|                                              conv_out_buf_58|         array|
|conv_out_buf_58_ce0        |  out|    1|   ap_memory|                                              conv_out_buf_58|         array|
|conv_out_buf_58_q0         |   in|   16|   ap_memory|                                              conv_out_buf_58|         array|
|conv_out_buf_59_address0   |  out|    7|   ap_memory|                                              conv_out_buf_59|         array|
|conv_out_buf_59_ce0        |  out|    1|   ap_memory|                                              conv_out_buf_59|         array|
|conv_out_buf_59_q0         |   in|   16|   ap_memory|                                              conv_out_buf_59|         array|
|conv_out_buf_60_address0   |  out|    7|   ap_memory|                                              conv_out_buf_60|         array|
|conv_out_buf_60_ce0        |  out|    1|   ap_memory|                                              conv_out_buf_60|         array|
|conv_out_buf_60_q0         |   in|   16|   ap_memory|                                              conv_out_buf_60|         array|
|conv_out_buf_61_address0   |  out|    7|   ap_memory|                                              conv_out_buf_61|         array|
|conv_out_buf_61_ce0        |  out|    1|   ap_memory|                                              conv_out_buf_61|         array|
|conv_out_buf_61_q0         |   in|   16|   ap_memory|                                              conv_out_buf_61|         array|
|conv_out_buf_62_address0   |  out|    7|   ap_memory|                                              conv_out_buf_62|         array|
|conv_out_buf_62_ce0        |  out|    1|   ap_memory|                                              conv_out_buf_62|         array|
|conv_out_buf_62_q0         |   in|   16|   ap_memory|                                              conv_out_buf_62|         array|
|conv_out_buf_63_address0   |  out|    7|   ap_memory|                                              conv_out_buf_63|         array|
|conv_out_buf_63_ce0        |  out|    1|   ap_memory|                                              conv_out_buf_63|         array|
|conv_out_buf_63_q0         |   in|   16|   ap_memory|                                              conv_out_buf_63|         array|
|conv_out_buf_64_address0   |  out|    7|   ap_memory|                                              conv_out_buf_64|         array|
|conv_out_buf_64_ce0        |  out|    1|   ap_memory|                                              conv_out_buf_64|         array|
|conv_out_buf_64_q0         |   in|   16|   ap_memory|                                              conv_out_buf_64|         array|
|conv_out_buf_65_address0   |  out|    7|   ap_memory|                                              conv_out_buf_65|         array|
|conv_out_buf_65_ce0        |  out|    1|   ap_memory|                                              conv_out_buf_65|         array|
|conv_out_buf_65_q0         |   in|   16|   ap_memory|                                              conv_out_buf_65|         array|
|conv_out_buf_66_address0   |  out|    7|   ap_memory|                                              conv_out_buf_66|         array|
|conv_out_buf_66_ce0        |  out|    1|   ap_memory|                                              conv_out_buf_66|         array|
|conv_out_buf_66_q0         |   in|   16|   ap_memory|                                              conv_out_buf_66|         array|
|conv_out_buf_67_address0   |  out|    7|   ap_memory|                                              conv_out_buf_67|         array|
|conv_out_buf_67_ce0        |  out|    1|   ap_memory|                                              conv_out_buf_67|         array|
|conv_out_buf_67_q0         |   in|   16|   ap_memory|                                              conv_out_buf_67|         array|
|conv_out_buf_68_address0   |  out|    7|   ap_memory|                                              conv_out_buf_68|         array|
|conv_out_buf_68_ce0        |  out|    1|   ap_memory|                                              conv_out_buf_68|         array|
|conv_out_buf_68_q0         |   in|   16|   ap_memory|                                              conv_out_buf_68|         array|
|conv_out_buf_69_address0   |  out|    7|   ap_memory|                                              conv_out_buf_69|         array|
|conv_out_buf_69_ce0        |  out|    1|   ap_memory|                                              conv_out_buf_69|         array|
|conv_out_buf_69_q0         |   in|   16|   ap_memory|                                              conv_out_buf_69|         array|
|conv_out_buf_70_address0   |  out|    7|   ap_memory|                                              conv_out_buf_70|         array|
|conv_out_buf_70_ce0        |  out|    1|   ap_memory|                                              conv_out_buf_70|         array|
|conv_out_buf_70_q0         |   in|   16|   ap_memory|                                              conv_out_buf_70|         array|
|conv_out_buf_71_address0   |  out|    7|   ap_memory|                                              conv_out_buf_71|         array|
|conv_out_buf_71_ce0        |  out|    1|   ap_memory|                                              conv_out_buf_71|         array|
|conv_out_buf_71_q0         |   in|   16|   ap_memory|                                              conv_out_buf_71|         array|
|conv_out_buf_72_address0   |  out|    7|   ap_memory|                                              conv_out_buf_72|         array|
|conv_out_buf_72_ce0        |  out|    1|   ap_memory|                                              conv_out_buf_72|         array|
|conv_out_buf_72_q0         |   in|   16|   ap_memory|                                              conv_out_buf_72|         array|
|conv_out_buf_73_address0   |  out|    7|   ap_memory|                                              conv_out_buf_73|         array|
|conv_out_buf_73_ce0        |  out|    1|   ap_memory|                                              conv_out_buf_73|         array|
|conv_out_buf_73_q0         |   in|   16|   ap_memory|                                              conv_out_buf_73|         array|
|conv_out_buf_74_address0   |  out|    7|   ap_memory|                                              conv_out_buf_74|         array|
|conv_out_buf_74_ce0        |  out|    1|   ap_memory|                                              conv_out_buf_74|         array|
|conv_out_buf_74_q0         |   in|   16|   ap_memory|                                              conv_out_buf_74|         array|
|conv_out_buf_75_address0   |  out|    7|   ap_memory|                                              conv_out_buf_75|         array|
|conv_out_buf_75_ce0        |  out|    1|   ap_memory|                                              conv_out_buf_75|         array|
|conv_out_buf_75_q0         |   in|   16|   ap_memory|                                              conv_out_buf_75|         array|
|conv_out_buf_76_address0   |  out|    7|   ap_memory|                                              conv_out_buf_76|         array|
|conv_out_buf_76_ce0        |  out|    1|   ap_memory|                                              conv_out_buf_76|         array|
|conv_out_buf_76_q0         |   in|   16|   ap_memory|                                              conv_out_buf_76|         array|
|conv_out_buf_77_address0   |  out|    7|   ap_memory|                                              conv_out_buf_77|         array|
|conv_out_buf_77_ce0        |  out|    1|   ap_memory|                                              conv_out_buf_77|         array|
|conv_out_buf_77_q0         |   in|   16|   ap_memory|                                              conv_out_buf_77|         array|
|conv_out_buf_78_address0   |  out|    7|   ap_memory|                                              conv_out_buf_78|         array|
|conv_out_buf_78_ce0        |  out|    1|   ap_memory|                                              conv_out_buf_78|         array|
|conv_out_buf_78_q0         |   in|   16|   ap_memory|                                              conv_out_buf_78|         array|
|conv_out_buf_79_address0   |  out|    7|   ap_memory|                                              conv_out_buf_79|         array|
|conv_out_buf_79_ce0        |  out|    1|   ap_memory|                                              conv_out_buf_79|         array|
|conv_out_buf_79_q0         |   in|   16|   ap_memory|                                              conv_out_buf_79|         array|
|conv_out_buf_80_address0   |  out|    7|   ap_memory|                                              conv_out_buf_80|         array|
|conv_out_buf_80_ce0        |  out|    1|   ap_memory|                                              conv_out_buf_80|         array|
|conv_out_buf_80_q0         |   in|   16|   ap_memory|                                              conv_out_buf_80|         array|
|conv_out_buf_81_address0   |  out|    7|   ap_memory|                                              conv_out_buf_81|         array|
|conv_out_buf_81_ce0        |  out|    1|   ap_memory|                                              conv_out_buf_81|         array|
|conv_out_buf_81_q0         |   in|   16|   ap_memory|                                              conv_out_buf_81|         array|
|conv_out_buf_82_address0   |  out|    7|   ap_memory|                                              conv_out_buf_82|         array|
|conv_out_buf_82_ce0        |  out|    1|   ap_memory|                                              conv_out_buf_82|         array|
|conv_out_buf_82_q0         |   in|   16|   ap_memory|                                              conv_out_buf_82|         array|
|conv_out_buf_83_address0   |  out|    7|   ap_memory|                                              conv_out_buf_83|         array|
|conv_out_buf_83_ce0        |  out|    1|   ap_memory|                                              conv_out_buf_83|         array|
|conv_out_buf_83_q0         |   in|   16|   ap_memory|                                              conv_out_buf_83|         array|
|conv_out_buf_84_address0   |  out|    7|   ap_memory|                                              conv_out_buf_84|         array|
|conv_out_buf_84_ce0        |  out|    1|   ap_memory|                                              conv_out_buf_84|         array|
|conv_out_buf_84_q0         |   in|   16|   ap_memory|                                              conv_out_buf_84|         array|
|conv_out_buf_85_address0   |  out|    7|   ap_memory|                                              conv_out_buf_85|         array|
|conv_out_buf_85_ce0        |  out|    1|   ap_memory|                                              conv_out_buf_85|         array|
|conv_out_buf_85_q0         |   in|   16|   ap_memory|                                              conv_out_buf_85|         array|
|conv_out_buf_86_address0   |  out|    7|   ap_memory|                                              conv_out_buf_86|         array|
|conv_out_buf_86_ce0        |  out|    1|   ap_memory|                                              conv_out_buf_86|         array|
|conv_out_buf_86_q0         |   in|   16|   ap_memory|                                              conv_out_buf_86|         array|
|conv_out_buf_87_address0   |  out|    7|   ap_memory|                                              conv_out_buf_87|         array|
|conv_out_buf_87_ce0        |  out|    1|   ap_memory|                                              conv_out_buf_87|         array|
|conv_out_buf_87_q0         |   in|   16|   ap_memory|                                              conv_out_buf_87|         array|
|conv_out_buf_88_address0   |  out|    7|   ap_memory|                                              conv_out_buf_88|         array|
|conv_out_buf_88_ce0        |  out|    1|   ap_memory|                                              conv_out_buf_88|         array|
|conv_out_buf_88_q0         |   in|   16|   ap_memory|                                              conv_out_buf_88|         array|
|conv_out_buf_89_address0   |  out|    7|   ap_memory|                                              conv_out_buf_89|         array|
|conv_out_buf_89_ce0        |  out|    1|   ap_memory|                                              conv_out_buf_89|         array|
|conv_out_buf_89_q0         |   in|   16|   ap_memory|                                              conv_out_buf_89|         array|
|conv_out_buf_90_address0   |  out|    7|   ap_memory|                                              conv_out_buf_90|         array|
|conv_out_buf_90_ce0        |  out|    1|   ap_memory|                                              conv_out_buf_90|         array|
|conv_out_buf_90_q0         |   in|   16|   ap_memory|                                              conv_out_buf_90|         array|
|conv_out_buf_91_address0   |  out|    7|   ap_memory|                                              conv_out_buf_91|         array|
|conv_out_buf_91_ce0        |  out|    1|   ap_memory|                                              conv_out_buf_91|         array|
|conv_out_buf_91_q0         |   in|   16|   ap_memory|                                              conv_out_buf_91|         array|
|conv_out_buf_92_address0   |  out|    7|   ap_memory|                                              conv_out_buf_92|         array|
|conv_out_buf_92_ce0        |  out|    1|   ap_memory|                                              conv_out_buf_92|         array|
|conv_out_buf_92_q0         |   in|   16|   ap_memory|                                              conv_out_buf_92|         array|
|conv_out_buf_93_address0   |  out|    7|   ap_memory|                                              conv_out_buf_93|         array|
|conv_out_buf_93_ce0        |  out|    1|   ap_memory|                                              conv_out_buf_93|         array|
|conv_out_buf_93_q0         |   in|   16|   ap_memory|                                              conv_out_buf_93|         array|
|conv_out_buf_94_address0   |  out|    7|   ap_memory|                                              conv_out_buf_94|         array|
|conv_out_buf_94_ce0        |  out|    1|   ap_memory|                                              conv_out_buf_94|         array|
|conv_out_buf_94_q0         |   in|   16|   ap_memory|                                              conv_out_buf_94|         array|
|conv_out_buf_95_address0   |  out|    7|   ap_memory|                                              conv_out_buf_95|         array|
|conv_out_buf_95_ce0        |  out|    1|   ap_memory|                                              conv_out_buf_95|         array|
|conv_out_buf_95_q0         |   in|   16|   ap_memory|                                              conv_out_buf_95|         array|
|conv_out_buf_96_address0   |  out|    7|   ap_memory|                                              conv_out_buf_96|         array|
|conv_out_buf_96_ce0        |  out|    1|   ap_memory|                                              conv_out_buf_96|         array|
|conv_out_buf_96_q0         |   in|   16|   ap_memory|                                              conv_out_buf_96|         array|
|conv_out_buf_97_address0   |  out|    7|   ap_memory|                                              conv_out_buf_97|         array|
|conv_out_buf_97_ce0        |  out|    1|   ap_memory|                                              conv_out_buf_97|         array|
|conv_out_buf_97_q0         |   in|   16|   ap_memory|                                              conv_out_buf_97|         array|
|conv_out_buf_98_address0   |  out|    7|   ap_memory|                                              conv_out_buf_98|         array|
|conv_out_buf_98_ce0        |  out|    1|   ap_memory|                                              conv_out_buf_98|         array|
|conv_out_buf_98_q0         |   in|   16|   ap_memory|                                              conv_out_buf_98|         array|
|conv_out_buf_99_address0   |  out|    7|   ap_memory|                                              conv_out_buf_99|         array|
|conv_out_buf_99_ce0        |  out|    1|   ap_memory|                                              conv_out_buf_99|         array|
|conv_out_buf_99_q0         |   in|   16|   ap_memory|                                              conv_out_buf_99|         array|
|conv_out_buf_100_address0  |  out|    7|   ap_memory|                                             conv_out_buf_100|         array|
|conv_out_buf_100_ce0       |  out|    1|   ap_memory|                                             conv_out_buf_100|         array|
|conv_out_buf_100_q0        |   in|   16|   ap_memory|                                             conv_out_buf_100|         array|
|conv_out_buf_101_address0  |  out|    7|   ap_memory|                                             conv_out_buf_101|         array|
|conv_out_buf_101_ce0       |  out|    1|   ap_memory|                                             conv_out_buf_101|         array|
|conv_out_buf_101_q0        |   in|   16|   ap_memory|                                             conv_out_buf_101|         array|
|conv_out_buf_102_address0  |  out|    7|   ap_memory|                                             conv_out_buf_102|         array|
|conv_out_buf_102_ce0       |  out|    1|   ap_memory|                                             conv_out_buf_102|         array|
|conv_out_buf_102_q0        |   in|   16|   ap_memory|                                             conv_out_buf_102|         array|
|conv_out_buf_103_address0  |  out|    7|   ap_memory|                                             conv_out_buf_103|         array|
|conv_out_buf_103_ce0       |  out|    1|   ap_memory|                                             conv_out_buf_103|         array|
|conv_out_buf_103_q0        |   in|   16|   ap_memory|                                             conv_out_buf_103|         array|
|conv_out_buf_104_address0  |  out|    7|   ap_memory|                                             conv_out_buf_104|         array|
|conv_out_buf_104_ce0       |  out|    1|   ap_memory|                                             conv_out_buf_104|         array|
|conv_out_buf_104_q0        |   in|   16|   ap_memory|                                             conv_out_buf_104|         array|
|conv_out_buf_105_address0  |  out|    7|   ap_memory|                                             conv_out_buf_105|         array|
|conv_out_buf_105_ce0       |  out|    1|   ap_memory|                                             conv_out_buf_105|         array|
|conv_out_buf_105_q0        |   in|   16|   ap_memory|                                             conv_out_buf_105|         array|
|conv_out_buf_106_address0  |  out|    7|   ap_memory|                                             conv_out_buf_106|         array|
|conv_out_buf_106_ce0       |  out|    1|   ap_memory|                                             conv_out_buf_106|         array|
|conv_out_buf_106_q0        |   in|   16|   ap_memory|                                             conv_out_buf_106|         array|
|conv_out_buf_107_address0  |  out|    7|   ap_memory|                                             conv_out_buf_107|         array|
|conv_out_buf_107_ce0       |  out|    1|   ap_memory|                                             conv_out_buf_107|         array|
|conv_out_buf_107_q0        |   in|   16|   ap_memory|                                             conv_out_buf_107|         array|
|conv_out_buf_108_address0  |  out|    7|   ap_memory|                                             conv_out_buf_108|         array|
|conv_out_buf_108_ce0       |  out|    1|   ap_memory|                                             conv_out_buf_108|         array|
|conv_out_buf_108_q0        |   in|   16|   ap_memory|                                             conv_out_buf_108|         array|
|conv_out_buf_109_address0  |  out|    7|   ap_memory|                                             conv_out_buf_109|         array|
|conv_out_buf_109_ce0       |  out|    1|   ap_memory|                                             conv_out_buf_109|         array|
|conv_out_buf_109_q0        |   in|   16|   ap_memory|                                             conv_out_buf_109|         array|
|conv_out_buf_110_address0  |  out|    7|   ap_memory|                                             conv_out_buf_110|         array|
|conv_out_buf_110_ce0       |  out|    1|   ap_memory|                                             conv_out_buf_110|         array|
|conv_out_buf_110_q0        |   in|   16|   ap_memory|                                             conv_out_buf_110|         array|
|conv_out_buf_111_address0  |  out|    7|   ap_memory|                                             conv_out_buf_111|         array|
|conv_out_buf_111_ce0       |  out|    1|   ap_memory|                                             conv_out_buf_111|         array|
|conv_out_buf_111_q0        |   in|   16|   ap_memory|                                             conv_out_buf_111|         array|
|conv_out_buf_112_address0  |  out|    7|   ap_memory|                                             conv_out_buf_112|         array|
|conv_out_buf_112_ce0       |  out|    1|   ap_memory|                                             conv_out_buf_112|         array|
|conv_out_buf_112_q0        |   in|   16|   ap_memory|                                             conv_out_buf_112|         array|
|conv_out_buf_113_address0  |  out|    7|   ap_memory|                                             conv_out_buf_113|         array|
|conv_out_buf_113_ce0       |  out|    1|   ap_memory|                                             conv_out_buf_113|         array|
|conv_out_buf_113_q0        |   in|   16|   ap_memory|                                             conv_out_buf_113|         array|
|conv_out_buf_114_address0  |  out|    7|   ap_memory|                                             conv_out_buf_114|         array|
|conv_out_buf_114_ce0       |  out|    1|   ap_memory|                                             conv_out_buf_114|         array|
|conv_out_buf_114_q0        |   in|   16|   ap_memory|                                             conv_out_buf_114|         array|
|conv_out_buf_115_address0  |  out|    7|   ap_memory|                                             conv_out_buf_115|         array|
|conv_out_buf_115_ce0       |  out|    1|   ap_memory|                                             conv_out_buf_115|         array|
|conv_out_buf_115_q0        |   in|   16|   ap_memory|                                             conv_out_buf_115|         array|
|conv_out_buf_116_address0  |  out|    7|   ap_memory|                                             conv_out_buf_116|         array|
|conv_out_buf_116_ce0       |  out|    1|   ap_memory|                                             conv_out_buf_116|         array|
|conv_out_buf_116_q0        |   in|   16|   ap_memory|                                             conv_out_buf_116|         array|
|conv_out_buf_117_address0  |  out|    7|   ap_memory|                                             conv_out_buf_117|         array|
|conv_out_buf_117_ce0       |  out|    1|   ap_memory|                                             conv_out_buf_117|         array|
|conv_out_buf_117_q0        |   in|   16|   ap_memory|                                             conv_out_buf_117|         array|
|conv_out_buf_118_address0  |  out|    7|   ap_memory|                                             conv_out_buf_118|         array|
|conv_out_buf_118_ce0       |  out|    1|   ap_memory|                                             conv_out_buf_118|         array|
|conv_out_buf_118_q0        |   in|   16|   ap_memory|                                             conv_out_buf_118|         array|
|conv_out_buf_119_address0  |  out|    7|   ap_memory|                                             conv_out_buf_119|         array|
|conv_out_buf_119_ce0       |  out|    1|   ap_memory|                                             conv_out_buf_119|         array|
|conv_out_buf_119_q0        |   in|   16|   ap_memory|                                             conv_out_buf_119|         array|
|conv_out_buf_120_address0  |  out|    7|   ap_memory|                                             conv_out_buf_120|         array|
|conv_out_buf_120_ce0       |  out|    1|   ap_memory|                                             conv_out_buf_120|         array|
|conv_out_buf_120_q0        |   in|   16|   ap_memory|                                             conv_out_buf_120|         array|
|conv_out_buf_121_address0  |  out|    7|   ap_memory|                                             conv_out_buf_121|         array|
|conv_out_buf_121_ce0       |  out|    1|   ap_memory|                                             conv_out_buf_121|         array|
|conv_out_buf_121_q0        |   in|   16|   ap_memory|                                             conv_out_buf_121|         array|
|conv_out_buf_122_address0  |  out|    7|   ap_memory|                                             conv_out_buf_122|         array|
|conv_out_buf_122_ce0       |  out|    1|   ap_memory|                                             conv_out_buf_122|         array|
|conv_out_buf_122_q0        |   in|   16|   ap_memory|                                             conv_out_buf_122|         array|
|conv_out_buf_123_address0  |  out|    7|   ap_memory|                                             conv_out_buf_123|         array|
|conv_out_buf_123_ce0       |  out|    1|   ap_memory|                                             conv_out_buf_123|         array|
|conv_out_buf_123_q0        |   in|   16|   ap_memory|                                             conv_out_buf_123|         array|
|conv_out_buf_124_address0  |  out|    7|   ap_memory|                                             conv_out_buf_124|         array|
|conv_out_buf_124_ce0       |  out|    1|   ap_memory|                                             conv_out_buf_124|         array|
|conv_out_buf_124_q0        |   in|   16|   ap_memory|                                             conv_out_buf_124|         array|
|conv_out_buf_125_address0  |  out|    7|   ap_memory|                                             conv_out_buf_125|         array|
|conv_out_buf_125_ce0       |  out|    1|   ap_memory|                                             conv_out_buf_125|         array|
|conv_out_buf_125_q0        |   in|   16|   ap_memory|                                             conv_out_buf_125|         array|
|conv_out_buf_126_address0  |  out|    7|   ap_memory|                                             conv_out_buf_126|         array|
|conv_out_buf_126_ce0       |  out|    1|   ap_memory|                                             conv_out_buf_126|         array|
|conv_out_buf_126_q0        |   in|   16|   ap_memory|                                             conv_out_buf_126|         array|
|conv_out_buf_127_address0  |  out|    7|   ap_memory|                                             conv_out_buf_127|         array|
|conv_out_buf_127_ce0       |  out|    1|   ap_memory|                                             conv_out_buf_127|         array|
|conv_out_buf_127_q0        |   in|   16|   ap_memory|                                             conv_out_buf_127|         array|
|conv_out_buf_128_address0  |  out|    7|   ap_memory|                                             conv_out_buf_128|         array|
|conv_out_buf_128_ce0       |  out|    1|   ap_memory|                                             conv_out_buf_128|         array|
|conv_out_buf_128_q0        |   in|   16|   ap_memory|                                             conv_out_buf_128|         array|
|conv_out_buf_129_address0  |  out|    7|   ap_memory|                                             conv_out_buf_129|         array|
|conv_out_buf_129_ce0       |  out|    1|   ap_memory|                                             conv_out_buf_129|         array|
|conv_out_buf_129_q0        |   in|   16|   ap_memory|                                             conv_out_buf_129|         array|
|conv_out_buf_130_address0  |  out|    7|   ap_memory|                                             conv_out_buf_130|         array|
|conv_out_buf_130_ce0       |  out|    1|   ap_memory|                                             conv_out_buf_130|         array|
|conv_out_buf_130_q0        |   in|   16|   ap_memory|                                             conv_out_buf_130|         array|
|conv_out_buf_131_address0  |  out|    7|   ap_memory|                                             conv_out_buf_131|         array|
|conv_out_buf_131_ce0       |  out|    1|   ap_memory|                                             conv_out_buf_131|         array|
|conv_out_buf_131_q0        |   in|   16|   ap_memory|                                             conv_out_buf_131|         array|
|conv_out_buf_132_address0  |  out|    7|   ap_memory|                                             conv_out_buf_132|         array|
|conv_out_buf_132_ce0       |  out|    1|   ap_memory|                                             conv_out_buf_132|         array|
|conv_out_buf_132_q0        |   in|   16|   ap_memory|                                             conv_out_buf_132|         array|
|conv_out_buf_133_address0  |  out|    7|   ap_memory|                                             conv_out_buf_133|         array|
|conv_out_buf_133_ce0       |  out|    1|   ap_memory|                                             conv_out_buf_133|         array|
|conv_out_buf_133_q0        |   in|   16|   ap_memory|                                             conv_out_buf_133|         array|
|conv_out_buf_134_address0  |  out|    7|   ap_memory|                                             conv_out_buf_134|         array|
|conv_out_buf_134_ce0       |  out|    1|   ap_memory|                                             conv_out_buf_134|         array|
|conv_out_buf_134_q0        |   in|   16|   ap_memory|                                             conv_out_buf_134|         array|
|conv_out_buf_135_address0  |  out|    7|   ap_memory|                                             conv_out_buf_135|         array|
|conv_out_buf_135_ce0       |  out|    1|   ap_memory|                                             conv_out_buf_135|         array|
|conv_out_buf_135_q0        |   in|   16|   ap_memory|                                             conv_out_buf_135|         array|
|conv_out_buf_136_address0  |  out|    7|   ap_memory|                                             conv_out_buf_136|         array|
|conv_out_buf_136_ce0       |  out|    1|   ap_memory|                                             conv_out_buf_136|         array|
|conv_out_buf_136_q0        |   in|   16|   ap_memory|                                             conv_out_buf_136|         array|
|conv_out_buf_137_address0  |  out|    7|   ap_memory|                                             conv_out_buf_137|         array|
|conv_out_buf_137_ce0       |  out|    1|   ap_memory|                                             conv_out_buf_137|         array|
|conv_out_buf_137_q0        |   in|   16|   ap_memory|                                             conv_out_buf_137|         array|
|conv_out_buf_138_address0  |  out|    7|   ap_memory|                                             conv_out_buf_138|         array|
|conv_out_buf_138_ce0       |  out|    1|   ap_memory|                                             conv_out_buf_138|         array|
|conv_out_buf_138_q0        |   in|   16|   ap_memory|                                             conv_out_buf_138|         array|
|conv_out_buf_139_address0  |  out|    7|   ap_memory|                                             conv_out_buf_139|         array|
|conv_out_buf_139_ce0       |  out|    1|   ap_memory|                                             conv_out_buf_139|         array|
|conv_out_buf_139_q0        |   in|   16|   ap_memory|                                             conv_out_buf_139|         array|
|conv_out_buf_140_address0  |  out|    7|   ap_memory|                                             conv_out_buf_140|         array|
|conv_out_buf_140_ce0       |  out|    1|   ap_memory|                                             conv_out_buf_140|         array|
|conv_out_buf_140_q0        |   in|   16|   ap_memory|                                             conv_out_buf_140|         array|
|conv_out_buf_141_address0  |  out|    7|   ap_memory|                                             conv_out_buf_141|         array|
|conv_out_buf_141_ce0       |  out|    1|   ap_memory|                                             conv_out_buf_141|         array|
|conv_out_buf_141_q0        |   in|   16|   ap_memory|                                             conv_out_buf_141|         array|
|conv_out_buf_142_address0  |  out|    7|   ap_memory|                                             conv_out_buf_142|         array|
|conv_out_buf_142_ce0       |  out|    1|   ap_memory|                                             conv_out_buf_142|         array|
|conv_out_buf_142_q0        |   in|   16|   ap_memory|                                             conv_out_buf_142|         array|
|conv_out_buf_143_address0  |  out|    7|   ap_memory|                                             conv_out_buf_143|         array|
|conv_out_buf_143_ce0       |  out|    1|   ap_memory|                                             conv_out_buf_143|         array|
|conv_out_buf_143_q0        |   in|   16|   ap_memory|                                             conv_out_buf_143|         array|
|conv_out_buf_144_address0  |  out|    7|   ap_memory|                                             conv_out_buf_144|         array|
|conv_out_buf_144_ce0       |  out|    1|   ap_memory|                                             conv_out_buf_144|         array|
|conv_out_buf_144_q0        |   in|   16|   ap_memory|                                             conv_out_buf_144|         array|
|conv_out_buf_145_address0  |  out|    7|   ap_memory|                                             conv_out_buf_145|         array|
|conv_out_buf_145_ce0       |  out|    1|   ap_memory|                                             conv_out_buf_145|         array|
|conv_out_buf_145_q0        |   in|   16|   ap_memory|                                             conv_out_buf_145|         array|
|conv_out_buf_146_address0  |  out|    7|   ap_memory|                                             conv_out_buf_146|         array|
|conv_out_buf_146_ce0       |  out|    1|   ap_memory|                                             conv_out_buf_146|         array|
|conv_out_buf_146_q0        |   in|   16|   ap_memory|                                             conv_out_buf_146|         array|
|conv_out_buf_147_address0  |  out|    7|   ap_memory|                                             conv_out_buf_147|         array|
|conv_out_buf_147_ce0       |  out|    1|   ap_memory|                                             conv_out_buf_147|         array|
|conv_out_buf_147_q0        |   in|   16|   ap_memory|                                             conv_out_buf_147|         array|
|conv_out_buf_148_address0  |  out|    7|   ap_memory|                                             conv_out_buf_148|         array|
|conv_out_buf_148_ce0       |  out|    1|   ap_memory|                                             conv_out_buf_148|         array|
|conv_out_buf_148_q0        |   in|   16|   ap_memory|                                             conv_out_buf_148|         array|
|conv_out_buf_149_address0  |  out|    7|   ap_memory|                                             conv_out_buf_149|         array|
|conv_out_buf_149_ce0       |  out|    1|   ap_memory|                                             conv_out_buf_149|         array|
|conv_out_buf_149_q0        |   in|   16|   ap_memory|                                             conv_out_buf_149|         array|
|conv_out_buf_150_address0  |  out|    7|   ap_memory|                                             conv_out_buf_150|         array|
|conv_out_buf_150_ce0       |  out|    1|   ap_memory|                                             conv_out_buf_150|         array|
|conv_out_buf_150_q0        |   in|   16|   ap_memory|                                             conv_out_buf_150|         array|
|conv_out_buf_151_address0  |  out|    7|   ap_memory|                                             conv_out_buf_151|         array|
|conv_out_buf_151_ce0       |  out|    1|   ap_memory|                                             conv_out_buf_151|         array|
|conv_out_buf_151_q0        |   in|   16|   ap_memory|                                             conv_out_buf_151|         array|
|conv_out_buf_152_address0  |  out|    7|   ap_memory|                                             conv_out_buf_152|         array|
|conv_out_buf_152_ce0       |  out|    1|   ap_memory|                                             conv_out_buf_152|         array|
|conv_out_buf_152_q0        |   in|   16|   ap_memory|                                             conv_out_buf_152|         array|
|conv_out_buf_153_address0  |  out|    7|   ap_memory|                                             conv_out_buf_153|         array|
|conv_out_buf_153_ce0       |  out|    1|   ap_memory|                                             conv_out_buf_153|         array|
|conv_out_buf_153_q0        |   in|   16|   ap_memory|                                             conv_out_buf_153|         array|
|conv_out_buf_154_address0  |  out|    7|   ap_memory|                                             conv_out_buf_154|         array|
|conv_out_buf_154_ce0       |  out|    1|   ap_memory|                                             conv_out_buf_154|         array|
|conv_out_buf_154_q0        |   in|   16|   ap_memory|                                             conv_out_buf_154|         array|
|conv_out_buf_155_address0  |  out|    7|   ap_memory|                                             conv_out_buf_155|         array|
|conv_out_buf_155_ce0       |  out|    1|   ap_memory|                                             conv_out_buf_155|         array|
|conv_out_buf_155_q0        |   in|   16|   ap_memory|                                             conv_out_buf_155|         array|
|conv_out_buf_156_address0  |  out|    7|   ap_memory|                                             conv_out_buf_156|         array|
|conv_out_buf_156_ce0       |  out|    1|   ap_memory|                                             conv_out_buf_156|         array|
|conv_out_buf_156_q0        |   in|   16|   ap_memory|                                             conv_out_buf_156|         array|
|conv_out_buf_157_address0  |  out|    7|   ap_memory|                                             conv_out_buf_157|         array|
|conv_out_buf_157_ce0       |  out|    1|   ap_memory|                                             conv_out_buf_157|         array|
|conv_out_buf_157_q0        |   in|   16|   ap_memory|                                             conv_out_buf_157|         array|
|conv_out_buf_158_address0  |  out|    7|   ap_memory|                                             conv_out_buf_158|         array|
|conv_out_buf_158_ce0       |  out|    1|   ap_memory|                                             conv_out_buf_158|         array|
|conv_out_buf_158_q0        |   in|   16|   ap_memory|                                             conv_out_buf_158|         array|
|conv_out_buf_159_address0  |  out|    7|   ap_memory|                                             conv_out_buf_159|         array|
|conv_out_buf_159_ce0       |  out|    1|   ap_memory|                                             conv_out_buf_159|         array|
|conv_out_buf_159_q0        |   in|   16|   ap_memory|                                             conv_out_buf_159|         array|
|bias_buf_load              |   in|   16|     ap_none|                                                bias_buf_load|        scalar|
|trunc_ln125_1              |   in|   15|     ap_none|                                                trunc_ln125_1|        scalar|
|layer1_fm_buf_address0     |  out|   21|   ap_memory|                                                layer1_fm_buf|         array|
|layer1_fm_buf_ce0          |  out|    1|   ap_memory|                                                layer1_fm_buf|         array|
|layer1_fm_buf_we0          |  out|    1|   ap_memory|                                                layer1_fm_buf|         array|
|layer1_fm_buf_d0           |  out|   15|   ap_memory|                                                layer1_fm_buf|         array|
+---------------------------+-----+-----+------------+-------------------------------------------------------------+--------------+

