

================================================================
== Vitis HLS Report for 'layer2_Pipeline_WEIGHT_KERNEL_HEIGHT_WEIGHT_KERNEL_WIDTH'
================================================================
* Date:           Tue Aug 29 22:28:11 2023

* Version:        2023.1.1 (Build 3869133 on Jun 15 2023)
* Project:        proj
* Solution:       solution1 (Vivado IP Flow Target)
* Product family: zynquplus
* Target device:  xczu9eg-ffvb1156-2-e


================================================================
== Performance Estimates
================================================================
+ Timing: 
    * Summary: 
    +--------+----------+----------+------------+
    |  Clock |  Target  | Estimated| Uncertainty|
    +--------+----------+----------+------------+
    |ap_clk  |  10.00 ns|  7.300 ns|     2.70 ns|
    +--------+----------+----------+------------+

+ Latency: 
    * Summary: 
    +---------+---------+----------+----------+-----+-----+---------+
    |  Latency (cycles) |  Latency (absolute) |  Interval | Pipeline|
    |   min   |   max   |    min   |    max   | min | max |   Type  |
    +---------+---------+----------+----------+-----+-----+---------+
    |       12|       12|  0.120 us|  0.120 us|   12|   12|       no|
    +---------+---------+----------+----------+-----+-----+---------+

    + Detail: 
        * Instance: 
        N/A

        * Loop: 
        +--------------------------------------------+---------+---------+----------+-----------+-----------+------+----------+
        |                                            |  Latency (cycles) | Iteration|  Initiation Interval  | Trip |          |
        |                  Loop Name                 |   min   |   max   |  Latency |  achieved |   target  | Count| Pipelined|
        +--------------------------------------------+---------+---------+----------+-----------+-----------+------+----------+
        |- WEIGHT_KERNEL_HEIGHT_WEIGHT_KERNEL_WIDTH  |       10|       10|         3|          1|          1|     9|       yes|
        +--------------------------------------------+---------+---------+----------+-----------+-----------+------+----------+



================================================================
== Utilization Estimates
================================================================
* Summary: 
+-----------------+---------+------+--------+--------+-----+
|       Name      | BRAM_18K|  DSP |   FF   |   LUT  | URAM|
+-----------------+---------+------+--------+--------+-----+
|DSP              |        -|     -|       -|       -|    -|
|Expression       |        -|     -|       0|      73|    -|
|FIFO             |        -|     -|       -|       -|    -|
|Instance         |        -|     -|       -|       -|    -|
|Memory           |        -|     -|       -|       -|    -|
|Multiplexer      |        -|     -|       -|      63|    -|
|Register         |        -|     -|      29|       -|    -|
+-----------------+---------+------+--------+--------+-----+
|Total            |        0|     0|      29|     136|    0|
+-----------------+---------+------+--------+--------+-----+
|Available        |     1824|  2520|  548160|  274080|    0|
+-----------------+---------+------+--------+--------+-----+
|Utilization (%)  |        0|     0|      ~0|      ~0|    0|
+-----------------+---------+------+--------+--------+-----+

+ Detail: 
    * Instance: 
    N/A

    * DSP: 
    N/A

    * Memory: 
    N/A

    * FIFO: 
    N/A

    * Expression: 
    +---------------------------+----------+----+---+----+------------+------------+
    |       Variable Name       | Operation| DSP| FF| LUT| Bitwidth P0| Bitwidth P1|
    +---------------------------+----------+----+---+----+------------+------------+
    |add_ln73_1_fu_128_p2       |         +|   0|  0|  12|           4|           1|
    |add_ln73_fu_145_p2         |         +|   0|  0|   9|           2|           1|
    |add_ln76_fu_206_p2         |         +|   0|  0|   9|           2|           1|
    |add_ln78_fu_195_p2         |         +|   0|  0|   7|           4|           4|
    |sub_ln78_fu_185_p2         |         -|   0|  0|   7|           4|           4|
    |ap_block_pp0_stage0_11001  |       and|   0|  0|   2|           1|           1|
    |icmp_ln73_fu_122_p2        |      icmp|   0|  0|  12|           4|           4|
    |icmp_ln76_fu_151_p2        |      icmp|   0|  0|   9|           2|           2|
    |select_ln73_1_fu_165_p3    |    select|   0|  0|   2|           1|           2|
    |select_ln73_fu_157_p3      |    select|   0|  0|   2|           1|           1|
    |ap_enable_pp0              |       xor|   0|  0|   2|           1|           2|
    +---------------------------+----------+----+---+----+------------+------------+
    |Total                      |          |   0|  0|  73|          26|          23|
    +---------------------------+----------+----+---+----+------------+------------+

    * Multiplexer: 
    +-----------------------------------------+----+-----------+-----+-----------+
    |                   Name                  | LUT| Input Size| Bits| Total Bits|
    +-----------------------------------------+----+-----------+-----+-----------+
    |ap_done_int                              |   9|          2|    1|          2|
    |ap_enable_reg_pp0_iter1                  |   9|          2|    1|          2|
    |ap_sig_allocacmp_indvar_flatten492_load  |   9|          2|    4|          8|
    |indvar_flatten492_fu_66                  |   9|          2|    4|          8|
    |kh_fu_62                                 |   9|          2|    2|          4|
    |kw_fu_58                                 |   9|          2|    2|          4|
    |wt_blk_n_R                               |   9|          2|    1|          2|
    +-----------------------------------------+----+-----------+-----+-----------+
    |Total                                    |  63|         14|   15|         30|
    +-----------------------------------------+----+-----------+-----+-----------+

    * Register: 
    +----------------------------------+----+----+-----+-----------+
    |               Name               | FF | LUT| Bits| Const Bits|
    +----------------------------------+----+----+-----+-----------+
    |ap_CS_fsm                         |   1|   0|    1|          0|
    |ap_done_reg                       |   1|   0|    1|          0|
    |ap_enable_reg_pp0_iter1           |   1|   0|    1|          0|
    |ap_enable_reg_pp0_iter2           |   1|   0|    1|          0|
    |ap_loop_exit_ready_pp0_iter1_reg  |   1|   0|    1|          0|
    |indvar_flatten492_fu_66           |   4|   0|    4|          0|
    |kh_fu_62                          |   2|   0|    2|          0|
    |kw_fu_58                          |   2|   0|    2|          0|
    |wt_addr_read_reg_252              |  16|   0|   16|          0|
    +----------------------------------+----+----+-----+-----------+
    |Total                             |  29|   0|   29|          0|
    +----------------------------------+----+----+-----+-----------+



================================================================
== Interface
================================================================
* Summary: 
+----------------------+-----+-----+------------+----------------------------------------------------------+--------------+
|       RTL Ports      | Dir | Bits|  Protocol  |                       Source Object                      |    C Type    |
+----------------------+-----+-----+------------+----------------------------------------------------------+--------------+
|ap_clk                |   in|    1|  ap_ctrl_hs|  layer2_Pipeline_WEIGHT_KERNEL_HEIGHT_WEIGHT_KERNEL_WIDTH|  return value|
|ap_rst                |   in|    1|  ap_ctrl_hs|  layer2_Pipeline_WEIGHT_KERNEL_HEIGHT_WEIGHT_KERNEL_WIDTH|  return value|
|ap_start              |   in|    1|  ap_ctrl_hs|  layer2_Pipeline_WEIGHT_KERNEL_HEIGHT_WEIGHT_KERNEL_WIDTH|  return value|
|ap_done               |  out|    1|  ap_ctrl_hs|  layer2_Pipeline_WEIGHT_KERNEL_HEIGHT_WEIGHT_KERNEL_WIDTH|  return value|
|ap_idle               |  out|    1|  ap_ctrl_hs|  layer2_Pipeline_WEIGHT_KERNEL_HEIGHT_WEIGHT_KERNEL_WIDTH|  return value|
|ap_ready              |  out|    1|  ap_ctrl_hs|  layer2_Pipeline_WEIGHT_KERNEL_HEIGHT_WEIGHT_KERNEL_WIDTH|  return value|
|m_axi_wt_AWVALID      |  out|    1|       m_axi|                                                        wt|       pointer|
|m_axi_wt_AWREADY      |   in|    1|       m_axi|                                                        wt|       pointer|
|m_axi_wt_AWADDR       |  out|   64|       m_axi|                                                        wt|       pointer|
|m_axi_wt_AWID         |  out|    1|       m_axi|                                                        wt|       pointer|
|m_axi_wt_AWLEN        |  out|   32|       m_axi|                                                        wt|       pointer|
|m_axi_wt_AWSIZE       |  out|    3|       m_axi|                                                        wt|       pointer|
|m_axi_wt_AWBURST      |  out|    2|       m_axi|                                                        wt|       pointer|
|m_axi_wt_AWLOCK       |  out|    2|       m_axi|                                                        wt|       pointer|
|m_axi_wt_AWCACHE      |  out|    4|       m_axi|                                                        wt|       pointer|
|m_axi_wt_AWPROT       |  out|    3|       m_axi|                                                        wt|       pointer|
|m_axi_wt_AWQOS        |  out|    4|       m_axi|                                                        wt|       pointer|
|m_axi_wt_AWREGION     |  out|    4|       m_axi|                                                        wt|       pointer|
|m_axi_wt_AWUSER       |  out|    1|       m_axi|                                                        wt|       pointer|
|m_axi_wt_WVALID       |  out|    1|       m_axi|                                                        wt|       pointer|
|m_axi_wt_WREADY       |   in|    1|       m_axi|                                                        wt|       pointer|
|m_axi_wt_WDATA        |  out|   16|       m_axi|                                                        wt|       pointer|
|m_axi_wt_WSTRB        |  out|    2|       m_axi|                                                        wt|       pointer|
|m_axi_wt_WLAST        |  out|    1|       m_axi|                                                        wt|       pointer|
|m_axi_wt_WID          |  out|    1|       m_axi|                                                        wt|       pointer|
|m_axi_wt_WUSER        |  out|    1|       m_axi|                                                        wt|       pointer|
|m_axi_wt_ARVALID      |  out|    1|       m_axi|                                                        wt|       pointer|
|m_axi_wt_ARREADY      |   in|    1|       m_axi|                                                        wt|       pointer|
|m_axi_wt_ARADDR       |  out|   64|       m_axi|                                                        wt|       pointer|
|m_axi_wt_ARID         |  out|    1|       m_axi|                                                        wt|       pointer|
|m_axi_wt_ARLEN        |  out|   32|       m_axi|                                                        wt|       pointer|
|m_axi_wt_ARSIZE       |  out|    3|       m_axi|                                                        wt|       pointer|
|m_axi_wt_ARBURST      |  out|    2|       m_axi|                                                        wt|       pointer|
|m_axi_wt_ARLOCK       |  out|    2|       m_axi|                                                        wt|       pointer|
|m_axi_wt_ARCACHE      |  out|    4|       m_axi|                                                        wt|       pointer|
|m_axi_wt_ARPROT       |  out|    3|       m_axi|                                                        wt|       pointer|
|m_axi_wt_ARQOS        |  out|    4|       m_axi|                                                        wt|       pointer|
|m_axi_wt_ARREGION     |  out|    4|       m_axi|                                                        wt|       pointer|
|m_axi_wt_ARUSER       |  out|    1|       m_axi|                                                        wt|       pointer|
|m_axi_wt_RVALID       |   in|    1|       m_axi|                                                        wt|       pointer|
|m_axi_wt_RREADY       |  out|    1|       m_axi|                                                        wt|       pointer|
|m_axi_wt_RDATA        |   in|   16|       m_axi|                                                        wt|       pointer|
|m_axi_wt_RLAST        |   in|    1|       m_axi|                                                        wt|       pointer|
|m_axi_wt_RID          |   in|    1|       m_axi|                                                        wt|       pointer|
|m_axi_wt_RFIFONUM     |   in|   10|       m_axi|                                                        wt|       pointer|
|m_axi_wt_RUSER        |   in|    1|       m_axi|                                                        wt|       pointer|
|m_axi_wt_RRESP        |   in|    2|       m_axi|                                                        wt|       pointer|
|m_axi_wt_BVALID       |   in|    1|       m_axi|                                                        wt|       pointer|
|m_axi_wt_BREADY       |  out|    1|       m_axi|                                                        wt|       pointer|
|m_axi_wt_BRESP        |   in|    2|       m_axi|                                                        wt|       pointer|
|m_axi_wt_BID          |   in|    1|       m_axi|                                                        wt|       pointer|
|m_axi_wt_BUSER        |   in|    1|       m_axi|                                                        wt|       pointer|
|sext_ln75             |   in|   63|     ap_none|                                                 sext_ln75|        scalar|
|conv_wt_buf_address0  |  out|    4|   ap_memory|                                               conv_wt_buf|         array|
|conv_wt_buf_ce0       |  out|    1|   ap_memory|                                               conv_wt_buf|         array|
|conv_wt_buf_we0       |  out|    1|   ap_memory|                                               conv_wt_buf|         array|
|conv_wt_buf_d0        |  out|   16|   ap_memory|                                               conv_wt_buf|         array|
+----------------------+-----+-----+------------+----------------------------------------------------------+--------------+

