

================================================================
== Vitis HLS Report for 'layer_top_Pipeline_BIAS_LOOP'
================================================================
* Date:           Mon Apr 10 11:47:23 2023

* Version:        2022.1.2 (Build 3605665 on Fri Aug  5 22:52:02 MDT 2022)
* Project:        proj
* Solution:       solution1 (Vivado IP Flow Target)
* Product family: zynquplus
* Target device:  xczu9eg-ffvb1156-2-e


================================================================
== Performance Estimates
================================================================
+ Timing: 
    * Summary: 
    +--------+----------+----------+------------+
    |  Clock |  Target  | Estimated| Uncertainty|
    +--------+----------+----------+------------+
    |ap_clk  |  10.00 ns|  7.300 ns|     2.70 ns|
    +--------+----------+----------+------------+

+ Latency: 
    * Summary: 
    +---------+---------+----------+----------+-----+-----+---------+
    |  Latency (cycles) |  Latency (absolute) |  Interval | Pipeline|
    |   min   |   max   |    min   |    max   | min | max |   Type  |
    +---------+---------+----------+----------+-----+-----+---------+
    |      131|      131|  1.310 us|  1.310 us|  131|  131|       no|
    +---------+---------+----------+----------+-----+-----+---------+

    + Detail: 
        * Instance: 
        N/A

        * Loop: 
        +-------------+---------+---------+----------+-----------+-----------+------+----------+
        |             |  Latency (cycles) | Iteration|  Initiation Interval  | Trip |          |
        |  Loop Name  |   min   |   max   |  Latency |  achieved |   target  | Count| Pipelined|
        +-------------+---------+---------+----------+-----------+-----------+------+----------+
        |- BIAS_LOOP  |      129|      129|         3|          1|          1|   128|       yes|
        +-------------+---------+---------+----------+-----------+-----------+------+----------+



================================================================
== Utilization Estimates
================================================================
* Summary: 
+-----------------+---------+------+--------+--------+-----+
|       Name      | BRAM_18K|  DSP |   FF   |   LUT  | URAM|
+-----------------+---------+------+--------+--------+-----+
|DSP              |        -|     -|       -|       -|    -|
|Expression       |        -|     -|       0|      30|    -|
|FIFO             |        -|     -|       -|       -|    -|
|Instance         |        -|     -|       -|       -|    -|
|Memory           |        -|     -|       -|       -|    -|
|Multiplexer      |        -|     -|       -|      45|    -|
|Register         |        -|     -|      45|       -|    -|
+-----------------+---------+------+--------+--------+-----+
|Total            |        0|     0|      45|      75|    0|
+-----------------+---------+------+--------+--------+-----+
|Available        |     1824|  2520|  548160|  274080|    0|
+-----------------+---------+------+--------+--------+-----+
|Utilization (%)  |        0|     0|      ~0|      ~0|    0|
+-----------------+---------+------+--------+--------+-----+

+ Detail: 
    * Instance: 
    N/A

    * DSP: 
    N/A

    * Memory: 
    N/A

    * FIFO: 
    N/A

    * Expression: 
    +---------------------------+----------+----+---+----+------------+------------+
    |       Variable Name       | Operation| DSP| FF| LUT| Bitwidth P0| Bitwidth P1|
    +---------------------------+----------+----+---+----+------------+------------+
    |add_ln89_fu_102_p2         |         +|   0|  0|  15|           8|           1|
    |ap_block_pp0_stage0_11001  |       and|   0|  0|   2|           1|           1|
    |icmp_ln89_fu_96_p2         |      icmp|   0|  0|  11|           8|           9|
    |ap_enable_pp0              |       xor|   0|  0|   2|           1|           2|
    +---------------------------+----------+----+---+----+------------+------------+
    |Total                      |          |   0|  0|  30|          18|          13|
    +---------------------------+----------+----+---+----+------------+------------+

    * Multiplexer: 
    +-------------------------+----+-----------+-----+-----------+
    |           Name          | LUT| Input Size| Bits| Total Bits|
    +-------------------------+----+-----------+-----+-----------+
    |ap_done_int              |   9|          2|    1|          2|
    |ap_enable_reg_pp0_iter1  |   9|          2|    1|          2|
    |ap_sig_allocacmp_f_1     |   9|          2|    8|         16|
    |f_fu_50                  |   9|          2|    8|         16|
    |wt_blk_n_R               |   9|          2|    1|          2|
    +-------------------------+----+-----------+-----+-----------+
    |Total                    |  45|         10|   19|         38|
    +-------------------------+----+-----------+-----+-----------+

    * Register: 
    +----------------------------------+----+----+-----+-----------+
    |               Name               | FF | LUT| Bits| Const Bits|
    +----------------------------------+----+----+-----+-----------+
    |ap_CS_fsm                         |   1|   0|    1|          0|
    |ap_done_reg                       |   1|   0|    1|          0|
    |ap_enable_reg_pp0_iter1           |   1|   0|    1|          0|
    |ap_enable_reg_pp0_iter2           |   1|   0|    1|          0|
    |ap_loop_exit_ready_pp0_iter1_reg  |   1|   0|    1|          0|
    |f_1_reg_124                       |   8|   0|    8|          0|
    |f_1_reg_124_pp0_iter1_reg         |   8|   0|    8|          0|
    |f_fu_50                           |   8|   0|    8|          0|
    |wt_addr_read_reg_138              |  16|   0|   16|          0|
    +----------------------------------+----+----+-----+-----------+
    |Total                             |  45|   0|   45|          0|
    +----------------------------------+----+----+-----+-----------+



================================================================
== Interface
================================================================
* Summary: 
+--------------------------+-----+-----+------------+------------------------------+--------------+
|         RTL Ports        | Dir | Bits|  Protocol  |         Source Object        |    C Type    |
+--------------------------+-----+-----+------------+------------------------------+--------------+
|ap_clk                    |   in|    1|  ap_ctrl_hs|  layer_top_Pipeline_BIAS_LOOP|  return value|
|ap_rst                    |   in|    1|  ap_ctrl_hs|  layer_top_Pipeline_BIAS_LOOP|  return value|
|ap_start                  |   in|    1|  ap_ctrl_hs|  layer_top_Pipeline_BIAS_LOOP|  return value|
|ap_done                   |  out|    1|  ap_ctrl_hs|  layer_top_Pipeline_BIAS_LOOP|  return value|
|ap_idle                   |  out|    1|  ap_ctrl_hs|  layer_top_Pipeline_BIAS_LOOP|  return value|
|ap_ready                  |  out|    1|  ap_ctrl_hs|  layer_top_Pipeline_BIAS_LOOP|  return value|
|m_axi_wt_AWVALID          |  out|    1|       m_axi|                            wt|       pointer|
|m_axi_wt_AWREADY          |   in|    1|       m_axi|                            wt|       pointer|
|m_axi_wt_AWADDR           |  out|   64|       m_axi|                            wt|       pointer|
|m_axi_wt_AWID             |  out|    1|       m_axi|                            wt|       pointer|
|m_axi_wt_AWLEN            |  out|   32|       m_axi|                            wt|       pointer|
|m_axi_wt_AWSIZE           |  out|    3|       m_axi|                            wt|       pointer|
|m_axi_wt_AWBURST          |  out|    2|       m_axi|                            wt|       pointer|
|m_axi_wt_AWLOCK           |  out|    2|       m_axi|                            wt|       pointer|
|m_axi_wt_AWCACHE          |  out|    4|       m_axi|                            wt|       pointer|
|m_axi_wt_AWPROT           |  out|    3|       m_axi|                            wt|       pointer|
|m_axi_wt_AWQOS            |  out|    4|       m_axi|                            wt|       pointer|
|m_axi_wt_AWREGION         |  out|    4|       m_axi|                            wt|       pointer|
|m_axi_wt_AWUSER           |  out|    1|       m_axi|                            wt|       pointer|
|m_axi_wt_WVALID           |  out|    1|       m_axi|                            wt|       pointer|
|m_axi_wt_WREADY           |   in|    1|       m_axi|                            wt|       pointer|
|m_axi_wt_WDATA            |  out|   16|       m_axi|                            wt|       pointer|
|m_axi_wt_WSTRB            |  out|    2|       m_axi|                            wt|       pointer|
|m_axi_wt_WLAST            |  out|    1|       m_axi|                            wt|       pointer|
|m_axi_wt_WID              |  out|    1|       m_axi|                            wt|       pointer|
|m_axi_wt_WUSER            |  out|    1|       m_axi|                            wt|       pointer|
|m_axi_wt_ARVALID          |  out|    1|       m_axi|                            wt|       pointer|
|m_axi_wt_ARREADY          |   in|    1|       m_axi|                            wt|       pointer|
|m_axi_wt_ARADDR           |  out|   64|       m_axi|                            wt|       pointer|
|m_axi_wt_ARID             |  out|    1|       m_axi|                            wt|       pointer|
|m_axi_wt_ARLEN            |  out|   32|       m_axi|                            wt|       pointer|
|m_axi_wt_ARSIZE           |  out|    3|       m_axi|                            wt|       pointer|
|m_axi_wt_ARBURST          |  out|    2|       m_axi|                            wt|       pointer|
|m_axi_wt_ARLOCK           |  out|    2|       m_axi|                            wt|       pointer|
|m_axi_wt_ARCACHE          |  out|    4|       m_axi|                            wt|       pointer|
|m_axi_wt_ARPROT           |  out|    3|       m_axi|                            wt|       pointer|
|m_axi_wt_ARQOS            |  out|    4|       m_axi|                            wt|       pointer|
|m_axi_wt_ARREGION         |  out|    4|       m_axi|                            wt|       pointer|
|m_axi_wt_ARUSER           |  out|    1|       m_axi|                            wt|       pointer|
|m_axi_wt_RVALID           |   in|    1|       m_axi|                            wt|       pointer|
|m_axi_wt_RREADY           |  out|    1|       m_axi|                            wt|       pointer|
|m_axi_wt_RDATA            |   in|   16|       m_axi|                            wt|       pointer|
|m_axi_wt_RLAST            |   in|    1|       m_axi|                            wt|       pointer|
|m_axi_wt_RID              |   in|    1|       m_axi|                            wt|       pointer|
|m_axi_wt_RFIFONUM         |   in|   10|       m_axi|                            wt|       pointer|
|m_axi_wt_RUSER            |   in|    1|       m_axi|                            wt|       pointer|
|m_axi_wt_RRESP            |   in|    2|       m_axi|                            wt|       pointer|
|m_axi_wt_BVALID           |   in|    1|       m_axi|                            wt|       pointer|
|m_axi_wt_BREADY           |  out|    1|       m_axi|                            wt|       pointer|
|m_axi_wt_BRESP            |   in|    2|       m_axi|                            wt|       pointer|
|m_axi_wt_BID              |   in|    1|       m_axi|                            wt|       pointer|
|m_axi_wt_BUSER            |   in|    1|       m_axi|                            wt|       pointer|
|sext_ln89                 |   in|   63|     ap_none|                     sext_ln89|        scalar|
|conv_bias_buf_V_address0  |  out|    7|   ap_memory|               conv_bias_buf_V|         array|
|conv_bias_buf_V_ce0       |  out|    1|   ap_memory|               conv_bias_buf_V|         array|
|conv_bias_buf_V_we0       |  out|    1|   ap_memory|               conv_bias_buf_V|         array|
|conv_bias_buf_V_d0        |  out|   16|   ap_memory|               conv_bias_buf_V|         array|
+--------------------------+-----+-----+------------+------------------------------+--------------+

============================================================
+ Verbose Summary: Synthesis Manager
============================================================
InlineROM: 1
ExposeGlobal: 0
============================================================
+ Verbose Summary: CDFG Model
============================================================
IsTopModel: 0
ResetActiveHigh: 1
IsCombinational: 2
IsDatapathOnly: 2
HasWiredReturn: 1
HasMFsm: 2
HasVarLatency: 1
IsPipeline: 0
IsRtlPipelined: 0
IsInstanceOverlapped: 0
IsDontTouch: 0
HasImplIP: 0
IsGatedGlobalClock: 0

+ Individual pipeline summary: 
  * Pipeline-0: initiation interval (II) = 1, depth = 3


============================================================
+ Verbose Summary: Schedule
============================================================
* Number of FSM states : 3
* Pipeline : 1
  Pipeline-0 : II = 1, D = 3, States = { 1 2 3 }
* Dataflow Pipeline: 0

* FSM state transitions: 
1 --> 2 
2 --> 3 
3 --> 

* FSM state operations: 

State 1 <SV = 0> <Delay = 1.27>
ST_1 : Operation 6 [1/1] (0.00ns)   --->   "%f = alloca i32 1"   --->   Operation 6 'alloca' 'f' <Predicate = true> <Delay = 0.00>
ST_1 : Operation 7 [1/1] (0.00ns)   --->   "%sext_ln89_read = read i63 @_ssdm_op_Read.ap_auto.i63, i63 %sext_ln89"   --->   Operation 7 'read' 'sext_ln89_read' <Predicate = true> <Delay = 0.00>
ST_1 : Operation 8 [1/1] (0.00ns)   --->   "%sext_ln89_cast = sext i63 %sext_ln89_read"   --->   Operation 8 'sext' 'sext_ln89_cast' <Predicate = true> <Delay = 0.00>
ST_1 : Operation 9 [1/1] (0.00ns)   --->   "%specinterface_ln0 = specinterface void @_ssdm_op_SpecInterface, i16 %wt, void @empty_3, i32 0, i32 0, void @empty_4, i32 0, i32 1, void @empty_13, void @empty_6, void @empty_4, i32 16, i32 16, i32 16, i32 16, void @empty_4, void @empty_4, i32 4294967295, i32 0"   --->   Operation 9 'specinterface' 'specinterface_ln0' <Predicate = true> <Delay = 0.00>
ST_1 : Operation 10 [1/1] (0.42ns)   --->   "%store_ln0 = store i8 0, i8 %f"   --->   Operation 10 'store' 'store_ln0' <Predicate = true> <Delay = 0.42>
ST_1 : Operation 11 [1/1] (0.00ns)   --->   "%br_ln0 = br void %for.inc.i"   --->   Operation 11 'br' 'br_ln0' <Predicate = true> <Delay = 0.00>
ST_1 : Operation 12 [1/1] (0.00ns)   --->   "%f_1 = load i8 %f" [utils.cpp:89]   --->   Operation 12 'load' 'f_1' <Predicate = true> <Delay = 0.00>
ST_1 : Operation 13 [1/1] (0.00ns)   --->   "%specbitsmap_ln0 = specbitsmap void @_ssdm_op_SpecBitsMap, i16 %wt"   --->   Operation 13 'specbitsmap' 'specbitsmap_ln0' <Predicate = true> <Delay = 0.00>
ST_1 : Operation 14 [1/1] (0.00ns)   --->   "%wt_addr = getelementptr i16 %wt, i64 %sext_ln89_cast" [utils.cpp:89]   --->   Operation 14 'getelementptr' 'wt_addr' <Predicate = true> <Delay = 0.00>
ST_1 : Operation 15 [1/1] (0.00ns)   --->   "%specpipeline_ln0 = specpipeline void @_ssdm_op_SpecPipeline, i32 4294967295, i32 0, i32 1, i32 0, void @p_str"   --->   Operation 15 'specpipeline' 'specpipeline_ln0' <Predicate = true> <Delay = 0.00>
ST_1 : Operation 16 [1/1] (0.84ns)   --->   "%icmp_ln89 = icmp_eq  i8 %f_1, i8 128" [utils.cpp:89]   --->   Operation 16 'icmp' 'icmp_ln89' <Predicate = true> <Delay = 0.84> <CoreInst = "Cmp">   --->   Core 9 'Cmp' <Latency = 0> <II = 1> <Delay = 0.88> <FuncUnit> <Opcode : 'icmp'> <InPorts = 2> <OutPorts = 1>
ST_1 : Operation 17 [1/1] (0.00ns)   --->   "%empty = speclooptripcount i32 @_ssdm_op_SpecLoopTripCount, i64 128, i64 128, i64 128"   --->   Operation 17 'speclooptripcount' 'empty' <Predicate = true> <Delay = 0.00>
ST_1 : Operation 18 [1/1] (0.76ns)   --->   "%add_ln89 = add i8 %f_1, i8 1" [utils.cpp:89]   --->   Operation 18 'add' 'add_ln89' <Predicate = true> <Delay = 0.76> <CoreInst = "Adder">   --->   Core 1 'Adder' <Latency = 0> <II = 1> <Delay = 0.76> <FuncUnit> <Opcode : 'add' 'sub'> <InPorts = 2> <OutPorts = 1>
ST_1 : Operation 19 [1/1] (0.00ns)   --->   "%br_ln89 = br i1 %icmp_ln89, void %for.inc.i.split, void %_Z9load_biasP8ap_fixedILi16ELi3EL9ap_q_mode5EL9ap_o_mode3ELi0EES3_.exit.exitStub" [utils.cpp:89]   --->   Operation 19 'br' 'br_ln89' <Predicate = true> <Delay = 0.00>
ST_1 : Operation 20 [1/1] (0.42ns)   --->   "%store_ln89 = store i8 %add_ln89, i8 %f" [utils.cpp:89]   --->   Operation 20 'store' 'store_ln89' <Predicate = (!icmp_ln89)> <Delay = 0.42>

State 2 <SV = 1> <Delay = 7.30>
ST_2 : Operation 21 [1/1] (7.30ns)   --->   "%wt_addr_read = read i16 @_ssdm_op_Read.m_axi.p1i16, i64 %wt_addr" [utils.cpp:91]   --->   Operation 21 'read' 'wt_addr_read' <Predicate = true> <Delay = 7.30> <CoreInst = "m_axi">   --->   Core 121 'm_axi' <Latency = 0> <II = 1> <Delay = 1.00> <Adapter> <Opcode : 'read' 'write' 'readreq' 'writereq' 'writeresp'>
ST_2 : Operation 27 [1/1] (0.00ns)   --->   "%ret_ln0 = ret"   --->   Operation 27 'ret' 'ret_ln0' <Predicate = (icmp_ln89)> <Delay = 0.00>

State 3 <SV = 2> <Delay = 1.23>
ST_3 : Operation 22 [1/1] (0.00ns)   --->   "%f_cast = zext i8 %f_1" [utils.cpp:89]   --->   Operation 22 'zext' 'f_cast' <Predicate = true> <Delay = 0.00>
ST_3 : Operation 23 [1/1] (0.00ns)   --->   "%specloopname_ln89 = specloopname void @_ssdm_op_SpecLoopName, void @empty_18" [utils.cpp:89]   --->   Operation 23 'specloopname' 'specloopname_ln89' <Predicate = true> <Delay = 0.00>
ST_3 : Operation 24 [1/1] (0.00ns)   --->   "%conv_bias_buf_V_addr = getelementptr i16 %conv_bias_buf_V, i64 0, i64 %f_cast" [utils.cpp:91]   --->   Operation 24 'getelementptr' 'conv_bias_buf_V_addr' <Predicate = true> <Delay = 0.00>
ST_3 : Operation 25 [1/1] (1.23ns)   --->   "%store_ln91 = store i16 %wt_addr_read, i7 %conv_bias_buf_V_addr" [utils.cpp:91]   --->   Operation 25 'store' 'store_ln91' <Predicate = true> <Delay = 1.23> <CoreInst = "RAM">   --->   Core 83 'RAM' <Latency = 1> <II = 1> <Delay = 1.23> <Storage> <Opcode : 'load' 'store'> <Ports = 2> <Width = 16> <Depth = 128> <RAM>
ST_3 : Operation 26 [1/1] (0.00ns)   --->   "%br_ln89 = br void %for.inc.i" [utils.cpp:89]   --->   Operation 26 'br' 'br_ln89' <Predicate = true> <Delay = 0.00>


============================================================
+ Verbose Summary: Binding
============================================================
STG Binding: 
---------------- STG Properties BEGIN ----------------
- Is combinational: 0
- Is one-state seq: 0
- Is datapath-only: 0
- Is pipelined: 0
- Is top level: 0
Port [ Return ] is wired: 1; IO mode=ap_ctrl_hs:ce=0
Port [ wt]:  wired=1; compound=1; hidden=0; nouse=0; global=0; static=0; extern=0; dir=0; type=4; pingpong=0; private_global=0; IO mode=m_axi:ce=0
Port [ sext_ln89]:  wired=1; compound=0; hidden=0; nouse=0; global=0; static=0; extern=0; dir=0; type=0; pingpong=0; private_global=0; IO mode=ap_none:ce=0
Port [ conv_bias_buf_V]:  wired=1; compound=1; hidden=0; nouse=0; global=0; static=0; extern=0; dir=1; type=1; pingpong=0; private_global=0; MemPort=[03]; IO mode=ap_memory:ce=0
---------------- STG Properties END ------------------

---------------- Datapath Model BEGIN ----------------

<LifeTime>
<method=bitvector/>
f                    (alloca           ) [ 0100]
sext_ln89_read       (read             ) [ 0000]
sext_ln89_cast       (sext             ) [ 0000]
specinterface_ln0    (specinterface    ) [ 0000]
store_ln0            (store            ) [ 0000]
br_ln0               (br               ) [ 0000]
f_1                  (load             ) [ 0111]
specbitsmap_ln0      (specbitsmap      ) [ 0000]
wt_addr              (getelementptr    ) [ 0110]
specpipeline_ln0     (specpipeline     ) [ 0000]
icmp_ln89            (icmp             ) [ 0110]
empty                (speclooptripcount) [ 0000]
add_ln89             (add              ) [ 0000]
br_ln89              (br               ) [ 0000]
store_ln89           (store            ) [ 0000]
wt_addr_read         (read             ) [ 0101]
f_cast               (zext             ) [ 0000]
specloopname_ln89    (specloopname     ) [ 0000]
conv_bias_buf_V_addr (getelementptr    ) [ 0000]
store_ln91           (store            ) [ 0000]
br_ln89              (br               ) [ 0000]
ret_ln0              (ret              ) [ 0000]
</LifeTime>

<model>

<comp_list>
<comp id="0" class="1000" name="wt">
<pin_list>
<pin id="1" dir="1" index="0" bw="1" slack="0"/>
</pin_list>
<bind>
<StgValue><ssdm name="wt"/></StgValue>
</bind>
</comp>

<comp id="2" class="1000" name="sext_ln89">
<pin_list>
<pin id="3" dir="1" index="0" bw="1" slack="0"/>
</pin_list>
<bind>
<StgValue><ssdm name="sext_ln89"/></StgValue>
</bind>
</comp>

<comp id="4" class="1000" name="conv_bias_buf_V">
<pin_list>
<pin id="5" dir="1" index="0" bw="1" slack="0"/>
</pin_list>
<bind>
<StgValue><ssdm name="conv_bias_buf_V"/><MemPortTyVec>0 3 </MemPortTyVec>
</StgValue>
</bind>
</comp>

<comp id="6" class="1001" name="const_6">
<pin_list>
<pin id="7" dir="1" index="0" bw="1" slack="0"/>
</pin_list>
<bind>
<StgValue><ssdm name=""/></StgValue>
</bind>
</comp>

<comp id="8" class="1001" name="const_8">
<pin_list>
<pin id="9" dir="1" index="0" bw="1" slack="0"/>
</pin_list>
<bind>
<StgValue><ssdm name="_ssdm_op_Read.ap_auto.i63"/></StgValue>
</bind>
</comp>

<comp id="10" class="1001" name="const_10">
<pin_list>
<pin id="11" dir="1" index="0" bw="1" slack="2147483647"/>
</pin_list>
<bind>
<StgValue><ssdm name="_ssdm_op_SpecInterface"/></StgValue>
</bind>
</comp>

<comp id="12" class="1001" name="const_12">
<pin_list>
<pin id="13" dir="1" index="0" bw="1" slack="2147483647"/>
</pin_list>
<bind>
<StgValue><ssdm name="empty_3"/></StgValue>
</bind>
</comp>

<comp id="14" class="1001" name="const_14">
<pin_list>
<pin id="15" dir="1" index="0" bw="1" slack="2147483647"/>
</pin_list>
<bind>
<StgValue><ssdm name=""/></StgValue>
</bind>
</comp>

<comp id="16" class="1001" name="const_16">
<pin_list>
<pin id="17" dir="1" index="0" bw="1" slack="2147483647"/>
</pin_list>
<bind>
<StgValue><ssdm name="empty_4"/></StgValue>
</bind>
</comp>

<comp id="18" class="1001" name="const_18">
<pin_list>
<pin id="19" dir="1" index="0" bw="1" slack="2147483647"/>
</pin_list>
<bind>
<StgValue><ssdm name="empty_13"/></StgValue>
</bind>
</comp>

<comp id="20" class="1001" name="const_20">
<pin_list>
<pin id="21" dir="1" index="0" bw="1" slack="2147483647"/>
</pin_list>
<bind>
<StgValue><ssdm name="empty_6"/></StgValue>
</bind>
</comp>

<comp id="22" class="1001" name="const_22">
<pin_list>
<pin id="23" dir="1" index="0" bw="1" slack="2147483647"/>
</pin_list>
<bind>
<StgValue><ssdm name=""/></StgValue>
</bind>
</comp>

<comp id="24" class="1001" name="const_24">
<pin_list>
<pin id="25" dir="1" index="0" bw="1" slack="2147483647"/>
</pin_list>
<bind>
<StgValue><ssdm name=""/></StgValue>
</bind>
</comp>

<comp id="26" class="1001" name="const_26">
<pin_list>
<pin id="27" dir="1" index="0" bw="1" slack="0"/>
</pin_list>
<bind>
<StgValue><ssdm name=""/></StgValue>
</bind>
</comp>

<comp id="28" class="1001" name="const_28">
<pin_list>
<pin id="29" dir="1" index="0" bw="1" slack="2147483647"/>
</pin_list>
<bind>
<StgValue><ssdm name="_ssdm_op_SpecBitsMap"/></StgValue>
</bind>
</comp>

<comp id="30" class="1001" name="const_30">
<pin_list>
<pin id="31" dir="1" index="0" bw="1" slack="2147483647"/>
</pin_list>
<bind>
<StgValue><ssdm name="_ssdm_op_SpecPipeline"/></StgValue>
</bind>
</comp>

<comp id="32" class="1001" name="const_32">
<pin_list>
<pin id="33" dir="1" index="0" bw="1" slack="2147483647"/>
</pin_list>
<bind>
<StgValue><ssdm name="p_str"/></StgValue>
</bind>
</comp>

<comp id="34" class="1001" name="const_34">
<pin_list>
<pin id="35" dir="1" index="0" bw="1" slack="0"/>
</pin_list>
<bind>
<StgValue><ssdm name=""/></StgValue>
</bind>
</comp>

<comp id="36" class="1001" name="const_36">
<pin_list>
<pin id="37" dir="1" index="0" bw="1" slack="2147483647"/>
</pin_list>
<bind>
<StgValue><ssdm name="_ssdm_op_SpecLoopTripCount"/></StgValue>
</bind>
</comp>

<comp id="38" class="1001" name="const_38">
<pin_list>
<pin id="39" dir="1" index="0" bw="1" slack="2147483647"/>
</pin_list>
<bind>
<StgValue><ssdm name=""/></StgValue>
</bind>
</comp>

<comp id="40" class="1001" name="const_40">
<pin_list>
<pin id="41" dir="1" index="0" bw="1" slack="0"/>
</pin_list>
<bind>
<StgValue><ssdm name=""/></StgValue>
</bind>
</comp>

<comp id="42" class="1001" name="const_42">
<pin_list>
<pin id="43" dir="1" index="0" bw="1" slack="0"/>
</pin_list>
<bind>
<StgValue><ssdm name="_ssdm_op_Read.m_axi.p1i16"/></StgValue>
</bind>
</comp>

<comp id="44" class="1001" name="const_44">
<pin_list>
<pin id="45" dir="1" index="0" bw="1" slack="2147483647"/>
</pin_list>
<bind>
<StgValue><ssdm name="_ssdm_op_SpecLoopName"/></StgValue>
</bind>
</comp>

<comp id="46" class="1001" name="const_46">
<pin_list>
<pin id="47" dir="1" index="0" bw="1" slack="2147483647"/>
</pin_list>
<bind>
<StgValue><ssdm name="empty_18"/></StgValue>
</bind>
</comp>

<comp id="48" class="1001" name="const_48">
<pin_list>
<pin id="49" dir="1" index="0" bw="1" slack="0"/>
</pin_list>
<bind>
<StgValue><ssdm name=""/></StgValue>
</bind>
</comp>

<comp id="50" class="1004" name="f_fu_50">
<pin_list>
<pin id="51" dir="0" index="0" bw="1" slack="0"/>
<pin id="52" dir="1" index="1" bw="8" slack="0"/>
</pin_list>
<bind>
<opcode="alloca(26) " fcode="alloca"/>
<opset="f/1 "/>
</bind>
</comp>

<comp id="54" class="1004" name="sext_ln89_read_read_fu_54">
<pin_list>
<pin id="55" dir="0" index="0" bw="63" slack="0"/>
<pin id="56" dir="0" index="1" bw="63" slack="0"/>
<pin id="57" dir="1" index="2" bw="63" slack="0"/>
</pin_list>
<bind>
<opcode="read(1150) " fcode="read"/>
<opset="sext_ln89_read/1 "/>
</bind>
</comp>

<comp id="60" class="1004" name="wt_addr_read_read_fu_60">
<pin_list>
<pin id="61" dir="0" index="0" bw="16" slack="0"/>
<pin id="62" dir="0" index="1" bw="16" slack="1"/>
<pin id="63" dir="1" index="2" bw="16" slack="1"/>
</pin_list>
<bind>
<opcode="read(1150) " fcode="read"/>
<opset="wt_addr_read/2 "/>
</bind>
</comp>

<comp id="65" class="1004" name="conv_bias_buf_V_addr_gep_fu_65">
<pin_list>
<pin id="66" dir="0" index="0" bw="16" slack="0"/>
<pin id="67" dir="0" index="1" bw="1" slack="0"/>
<pin id="68" dir="0" index="2" bw="8" slack="0"/>
<pin id="69" dir="1" index="3" bw="7" slack="0"/>
</pin_list>
<bind>
<opcode="getelementptr(29) " fcode="getelementptr"/>
<opset="conv_bias_buf_V_addr/3 "/>
</bind>
</comp>

<comp id="72" class="1004" name="store_ln91_access_fu_72">
<pin_list>
<pin id="73" dir="0" index="0" bw="7" slack="0"/>
<pin id="74" dir="0" index="1" bw="16" slack="1"/>
<pin id="75" dir="0" index="2" bw="0" slack="2147483647"/>
<pin id="76" dir="1" index="3" bw="16" slack="2147483647"/>
</pin_list>
<bind>
<opcode="store(28) " fcode="store"/>
<opset="store_ln91/3 "/>
</bind>
</comp>

<comp id="78" class="1004" name="sext_ln89_cast_fu_78">
<pin_list>
<pin id="79" dir="0" index="0" bw="63" slack="0"/>
<pin id="80" dir="1" index="1" bw="64" slack="0"/>
</pin_list>
<bind>
<opcode="sext(35) " fcode="sext"/>
<opset="sext_ln89_cast/1 "/>
</bind>
</comp>

<comp id="82" class="1004" name="store_ln0_store_fu_82">
<pin_list>
<pin id="83" dir="0" index="0" bw="1" slack="0"/>
<pin id="84" dir="0" index="1" bw="8" slack="0"/>
<pin id="85" dir="1" index="2" bw="0" slack="2147483647"/>
</pin_list>
<bind>
<opcode="store(28) " fcode="store"/>
<opset="store_ln0/1 "/>
</bind>
</comp>

<comp id="87" class="1004" name="f_1_load_fu_87">
<pin_list>
<pin id="88" dir="0" index="0" bw="8" slack="0"/>
<pin id="89" dir="1" index="1" bw="8" slack="0"/>
</pin_list>
<bind>
<opcode="load(27) " fcode="load"/>
<opset="f_1/1 "/>
</bind>
</comp>

<comp id="90" class="1004" name="wt_addr_fu_90">
<pin_list>
<pin id="91" dir="0" index="0" bw="64" slack="0"/>
<pin id="92" dir="0" index="1" bw="64" slack="0"/>
<pin id="93" dir="1" index="2" bw="64" slack="1"/>
</pin_list>
<bind>
<opcode="getelementptr(29) " fcode="getelementptr"/>
<opset="wt_addr/1 "/>
</bind>
</comp>

<comp id="96" class="1004" name="icmp_ln89_fu_96">
<pin_list>
<pin id="97" dir="0" index="0" bw="8" slack="0"/>
<pin id="98" dir="0" index="1" bw="8" slack="0"/>
<pin id="99" dir="1" index="2" bw="1" slack="1"/>
</pin_list>
<bind>
<opcode="icmp(45) " fcode="icmp"/>
<opset="icmp_ln89/1 "/>
</bind>
</comp>

<comp id="102" class="1004" name="add_ln89_fu_102">
<pin_list>
<pin id="103" dir="0" index="0" bw="8" slack="0"/>
<pin id="104" dir="0" index="1" bw="1" slack="0"/>
<pin id="105" dir="1" index="2" bw="8" slack="0"/>
</pin_list>
<bind>
<opcode="add(8) " fcode="add"/>
<opset="add_ln89/1 "/>
</bind>
</comp>

<comp id="108" class="1004" name="store_ln89_store_fu_108">
<pin_list>
<pin id="109" dir="0" index="0" bw="8" slack="0"/>
<pin id="110" dir="0" index="1" bw="8" slack="0"/>
<pin id="111" dir="1" index="2" bw="0" slack="2147483647"/>
</pin_list>
<bind>
<opcode="store(28) " fcode="store"/>
<opset="store_ln89/1 "/>
</bind>
</comp>

<comp id="113" class="1004" name="f_cast_fu_113">
<pin_list>
<pin id="114" dir="0" index="0" bw="8" slack="2"/>
<pin id="115" dir="1" index="1" bw="64" slack="0"/>
</pin_list>
<bind>
<opcode="zext(34) " fcode="zext"/>
<opset="f_cast/3 "/>
</bind>
</comp>

<comp id="117" class="1005" name="f_reg_117">
<pin_list>
<pin id="118" dir="0" index="0" bw="8" slack="0"/>
<pin id="119" dir="1" index="1" bw="8" slack="0"/>
</pin_list>
<bind>
<opset="f "/>
</bind>
</comp>

<comp id="124" class="1005" name="f_1_reg_124">
<pin_list>
<pin id="125" dir="0" index="0" bw="8" slack="2"/>
<pin id="126" dir="1" index="1" bw="8" slack="2"/>
</pin_list>
<bind>
<opset="f_1 "/>
</bind>
</comp>

<comp id="129" class="1005" name="wt_addr_reg_129">
<pin_list>
<pin id="130" dir="0" index="0" bw="16" slack="1"/>
<pin id="131" dir="1" index="1" bw="16" slack="1"/>
</pin_list>
<bind>
<opset="wt_addr "/>
</bind>
</comp>

<comp id="134" class="1005" name="icmp_ln89_reg_134">
<pin_list>
<pin id="135" dir="0" index="0" bw="1" slack="1"/>
<pin id="136" dir="1" index="1" bw="1" slack="2147483647"/>
</pin_list>
<bind>
<opset="icmp_ln89 "/>
</bind>
</comp>

<comp id="138" class="1005" name="wt_addr_read_reg_138">
<pin_list>
<pin id="139" dir="0" index="0" bw="16" slack="1"/>
<pin id="140" dir="1" index="1" bw="16" slack="1"/>
</pin_list>
<bind>
<opset="wt_addr_read "/>
</bind>
</comp>

</comp_list>

<net_list>
<net id="53"><net_src comp="6" pin="0"/><net_sink comp="50" pin=0"/></net>

<net id="58"><net_src comp="8" pin="0"/><net_sink comp="54" pin=0"/></net>

<net id="59"><net_src comp="2" pin="0"/><net_sink comp="54" pin=1"/></net>

<net id="64"><net_src comp="42" pin="0"/><net_sink comp="60" pin=0"/></net>

<net id="70"><net_src comp="4" pin="0"/><net_sink comp="65" pin=0"/></net>

<net id="71"><net_src comp="48" pin="0"/><net_sink comp="65" pin=1"/></net>

<net id="77"><net_src comp="65" pin="3"/><net_sink comp="72" pin=0"/></net>

<net id="81"><net_src comp="54" pin="2"/><net_sink comp="78" pin=0"/></net>

<net id="86"><net_src comp="26" pin="0"/><net_sink comp="82" pin=0"/></net>

<net id="94"><net_src comp="0" pin="0"/><net_sink comp="90" pin=0"/></net>

<net id="95"><net_src comp="78" pin="1"/><net_sink comp="90" pin=1"/></net>

<net id="100"><net_src comp="87" pin="1"/><net_sink comp="96" pin=0"/></net>

<net id="101"><net_src comp="34" pin="0"/><net_sink comp="96" pin=1"/></net>

<net id="106"><net_src comp="87" pin="1"/><net_sink comp="102" pin=0"/></net>

<net id="107"><net_src comp="40" pin="0"/><net_sink comp="102" pin=1"/></net>

<net id="112"><net_src comp="102" pin="2"/><net_sink comp="108" pin=0"/></net>

<net id="116"><net_src comp="113" pin="1"/><net_sink comp="65" pin=2"/></net>

<net id="120"><net_src comp="50" pin="1"/><net_sink comp="117" pin=0"/></net>

<net id="121"><net_src comp="117" pin="1"/><net_sink comp="82" pin=1"/></net>

<net id="122"><net_src comp="117" pin="1"/><net_sink comp="87" pin=0"/></net>

<net id="123"><net_src comp="117" pin="1"/><net_sink comp="108" pin=1"/></net>

<net id="127"><net_src comp="87" pin="1"/><net_sink comp="124" pin=0"/></net>

<net id="128"><net_src comp="124" pin="1"/><net_sink comp="113" pin=0"/></net>

<net id="132"><net_src comp="90" pin="2"/><net_sink comp="129" pin=0"/></net>

<net id="133"><net_src comp="129" pin="1"/><net_sink comp="60" pin=1"/></net>

<net id="137"><net_src comp="96" pin="2"/><net_sink comp="134" pin=0"/></net>

<net id="141"><net_src comp="60" pin="2"/><net_sink comp="138" pin=0"/></net>

<net id="142"><net_src comp="138" pin="1"/><net_sink comp="72" pin=1"/></net>

</net_list>

</model> 
---------------- Datapath Model END ------------------

* FSMD analyzer results:
  - Output states:
	Port: wt | {}
	Port: conv_bias_buf_V | {3 }
 - Input state : 
	Port: layer_top_Pipeline_BIAS_LOOP : wt | {2 }
	Port: layer_top_Pipeline_BIAS_LOOP : sext_ln89 | {1 }
  - Chain level:
	State 1
		store_ln0 : 1
		f_1 : 1
		wt_addr : 1
		icmp_ln89 : 2
		add_ln89 : 2
		br_ln89 : 3
		store_ln89 : 3
	State 2
	State 3
		conv_bias_buf_V_addr : 1
		store_ln91 : 2


============================================================
+ Verbose Summary: Datapath Resource usage 
============================================================

* Functional unit list:
|----------|---------------------------|---------|---------|
| Operation|      Functional Unit      |    FF   |   LUT   |
|----------|---------------------------|---------|---------|
|    add   |      add_ln89_fu_102      |    0    |    15   |
|----------|---------------------------|---------|---------|
|   icmp   |      icmp_ln89_fu_96      |    0    |    11   |
|----------|---------------------------|---------|---------|
|   read   | sext_ln89_read_read_fu_54 |    0    |    0    |
|          |  wt_addr_read_read_fu_60  |    0    |    0    |
|----------|---------------------------|---------|---------|
|   sext   |    sext_ln89_cast_fu_78   |    0    |    0    |
|----------|---------------------------|---------|---------|
|   zext   |       f_cast_fu_113       |    0    |    0    |
|----------|---------------------------|---------|---------|
|   Total  |                           |    0    |    26   |
|----------|---------------------------|---------|---------|

Memories:
N/A

* Register list:
+--------------------+--------+
|                    |   FF   |
+--------------------+--------+
|     f_1_reg_124    |    8   |
|      f_reg_117     |    8   |
|  icmp_ln89_reg_134 |    1   |
|wt_addr_read_reg_138|   16   |
|   wt_addr_reg_129  |   16   |
+--------------------+--------+
|        Total       |   49   |
+--------------------+--------+

* Multiplexer (MUX) list: 
|--------|------|------|------|--------|
|  Comp  |  Pin | Size |  BW  | S x BW |
|--------|------|------|------|--------|
|  Total |      |      |      |    0   |
|--------|------|------|------|--------|



* Summary:
+-----------+--------+--------+
|           |   FF   |   LUT  |
+-----------+--------+--------+
|  Function |    0   |   26   |
|   Memory  |    -   |    -   |
|Multiplexer|    -   |    -   |
|  Register |   49   |    -   |
+-----------+--------+--------+
|   Total   |   49   |   26   |
+-----------+--------+--------+
