

================================================================
== Vitis HLS Report for 'layer_top_Pipeline_OUTPUT_BUFFER_HEIGHT_OUTPUT_BUFFER_WIDTH'
================================================================
* Date:           Mon Apr 10 11:47:28 2023

* Version:        2022.1.2 (Build 3605665 on Fri Aug  5 22:52:02 MDT 2022)
* Project:        proj
* Solution:       solution1 (Vivado IP Flow Target)
* Product family: zynquplus
* Target device:  xczu9eg-ffvb1156-2-e


================================================================
== Performance Estimates
================================================================
+ Timing: 
    * Summary: 
    +--------+----------+----------+------------+
    |  Clock |  Target  | Estimated| Uncertainty|
    +--------+----------+----------+------------+
    |ap_clk  |  10.00 ns|  7.300 ns|     2.70 ns|
    +--------+----------+----------+------------+

+ Latency: 
    * Summary: 
    +---------+---------+----------+----------+-------+-------+---------+
    |  Latency (cycles) |  Latency (absolute) |    Interval   | Pipeline|
    |   min   |   max   |    min   |    max   |  min  |  max  |   Type  |
    +---------+---------+----------+----------+-------+-------+---------+
    |    14745|    14745|  0.147 ms|  0.147 ms|  14745|  14745|       no|
    +---------+---------+----------+----------+-------+-------+---------+

    + Detail: 
        * Instance: 
        N/A

        * Loop: 
        +--------------------------------------------+---------+---------+----------+-----------+-----------+-------+----------+
        |                                            |  Latency (cycles) | Iteration|  Initiation Interval  |  Trip |          |
        |                  Loop Name                 |   min   |   max   |  Latency |  achieved |   target  | Count | Pipelined|
        +--------------------------------------------+---------+---------+----------+-----------+-----------+-------+----------+
        |- OUTPUT_BUFFER_HEIGHT_OUTPUT_BUFFER_WIDTH  |    14743|    14743|        25|          1|          1|  14720|       yes|
        +--------------------------------------------+---------+---------+----------+-----------+-----------+-------+----------+



================================================================
== Utilization Estimates
================================================================
* Summary: 
+-----------------+---------+------+--------+--------+-----+
|       Name      | BRAM_18K|  DSP |   FF   |   LUT  | URAM|
+-----------------+---------+------+--------+--------+-----+
|DSP              |        -|     -|       -|       -|    -|
|Expression       |        -|     -|       0|     312|    -|
|FIFO             |        -|     -|       -|       -|    -|
|Instance         |        -|     -|    1034|    1583|    -|
|Memory           |        -|     -|       -|       -|    -|
|Multiplexer      |        -|     -|       -|      81|    -|
|Register         |        -|     -|     296|      64|    -|
+-----------------+---------+------+--------+--------+-----+
|Total            |        0|     0|    1330|    2040|    0|
+-----------------+---------+------+--------+--------+-----+
|Available        |     1824|  2520|  548160|  274080|    0|
+-----------------+---------+------+--------+--------+-----+
|Utilization (%)  |        0|     0|      ~0|      ~0|    0|
+-----------------+---------+------+--------+--------+-----+

+ Detail: 
    * Instance: 
    +----------------------------+-----------------------+---------+----+-----+-----+-----+
    |          Instance          |         Module        | BRAM_18K| DSP|  FF | LUT | URAM|
    +----------------------------+-----------------------+---------+----+-----+-----+-----+
    |mux_1608_16_1_1_U804        |mux_1608_16_1_1        |        0|   0|    0|  845|    0|
    |urem_14ns_9ns_14_18_1_U802  |urem_14ns_9ns_14_18_1  |        0|   0|  517|  369|    0|
    |urem_14ns_9ns_14_18_1_U803  |urem_14ns_9ns_14_18_1  |        0|   0|  517|  369|    0|
    +----------------------------+-----------------------+---------+----+-----+-----+-----+
    |Total                       |                       |        0|   0| 1034| 1583|    0|
    +----------------------------+-----------------------+---------+----+-----+-----+-----+

    * DSP: 
    N/A

    * Memory: 
    N/A

    * FIFO: 
    N/A

    * Expression: 
    +------------------------------------+----------+----+---+----+------------+------------+
    |            Variable Name           | Operation| DSP| FF| LUT| Bitwidth P0| Bitwidth P1|
    +------------------------------------+----------+----+---+----+------------+------------+
    |add_ln112_fu_3238_p2                |         +|   0|  0|  22|          15|          15|
    |add_ln115_1_fu_2851_p2              |         +|   0|  0|  71|          64|          64|
    |add_ln115_2_fu_2635_p2              |         +|   0|  0|  14|           7|           1|
    |add_ln115_fu_2566_p2                |         +|   0|  0|  21|          14|           1|
    |add_ln118_fu_2882_p2                |         +|   0|  0|  15|           8|           1|
    |add_ln130_1_fu_2612_p2              |         +|   0|  0|  22|          15|          15|
    |add_ln130_2_fu_2833_p2              |         +|   0|  0|  22|          15|          15|
    |temp_V_fu_3233_p2                   |         +|   0|  0|  23|          16|          16|
    |ap_block_pp0_stage0_01001           |       and|   0|  0|   2|           1|           1|
    |ap_block_state19_io                 |       and|   0|  0|   2|           1|           1|
    |ap_block_state25_pp0_stage0_iter24  |       and|   0|  0|   2|           1|           1|
    |empty_27_fu_2876_p2                 |      icmp|   0|  0|  12|          14|           1|
    |empty_29_fu_2888_p2                 |      icmp|   0|  0|  12|          14|           1|
    |icmp_ln115_fu_2560_p2               |      icmp|   0|  0|  12|          14|          12|
    |icmp_ln118_fu_2621_p2               |      icmp|   0|  0|  11|           8|           8|
    |ap_block_pp0_stage0_11001           |        or|   0|  0|   2|           1|           1|
    |select_ln115_2_fu_2641_p3           |    select|   0|  0|   7|           1|           7|
    |select_ln115_3_fu_2839_p3           |    select|   0|  0|  15|           1|          15|
    |select_ln115_fu_2627_p3             |    select|   0|  0|   8|           1|           1|
    |temp_V_1_fu_3251_p3                 |    select|   0|  0|  15|           1|           1|
    |ap_enable_pp0                       |       xor|   0|  0|   2|           1|           2|
    +------------------------------------+----------+----+---+----+------------+------------+
    |Total                               |          |   0|  0| 312|         213|         180|
    +------------------------------------+----------+----+---+----+------------+------------+

    * Multiplexer: 
    +-----------------------------------------+----+-----------+-----+-----------+
    |                   Name                  | LUT| Input Size| Bits| Total Bits|
    +-----------------------------------------+----+-----------+-----+-----------+
    |ap_done_int                              |   9|          2|    1|          2|
    |ap_enable_reg_pp0_iter18                 |   9|          2|    1|          2|
    |ap_sig_allocacmp_indvar_flatten327_load  |   9|          2|   14|         28|
    |fm_blk_n_AW                              |   9|          2|    1|          2|
    |fm_blk_n_B                               |   9|          2|    1|          2|
    |fm_blk_n_W                               |   9|          2|    1|          2|
    |i_fu_420                                 |   9|          2|    7|         14|
    |indvar_flatten327_fu_424                 |   9|          2|   14|         28|
    |j_fu_416                                 |   9|          2|    8|         16|
    +-----------------------------------------+----+-----------+-----+-----------+
    |Total                                    |  81|         18|   48|         96|
    +-----------------------------------------+----+-----------+-----+-----------+

    * Register: 
    +-----------------------------------+----+----+-----+-----------+
    |                Name               | FF | LUT| Bits| Const Bits|
    +-----------------------------------+----+----+-----+-----------+
    |ap_CS_fsm                          |   1|   0|    1|          0|
    |ap_done_reg                        |   1|   0|    1|          0|
    |ap_enable_reg_pp0_iter1            |   1|   0|    1|          0|
    |ap_enable_reg_pp0_iter10           |   1|   0|    1|          0|
    |ap_enable_reg_pp0_iter11           |   1|   0|    1|          0|
    |ap_enable_reg_pp0_iter12           |   1|   0|    1|          0|
    |ap_enable_reg_pp0_iter13           |   1|   0|    1|          0|
    |ap_enable_reg_pp0_iter14           |   1|   0|    1|          0|
    |ap_enable_reg_pp0_iter15           |   1|   0|    1|          0|
    |ap_enable_reg_pp0_iter16           |   1|   0|    1|          0|
    |ap_enable_reg_pp0_iter17           |   1|   0|    1|          0|
    |ap_enable_reg_pp0_iter18           |   1|   0|    1|          0|
    |ap_enable_reg_pp0_iter19           |   1|   0|    1|          0|
    |ap_enable_reg_pp0_iter2            |   1|   0|    1|          0|
    |ap_enable_reg_pp0_iter20           |   1|   0|    1|          0|
    |ap_enable_reg_pp0_iter21           |   1|   0|    1|          0|
    |ap_enable_reg_pp0_iter22           |   1|   0|    1|          0|
    |ap_enable_reg_pp0_iter23           |   1|   0|    1|          0|
    |ap_enable_reg_pp0_iter24           |   1|   0|    1|          0|
    |ap_enable_reg_pp0_iter3            |   1|   0|    1|          0|
    |ap_enable_reg_pp0_iter4            |   1|   0|    1|          0|
    |ap_enable_reg_pp0_iter5            |   1|   0|    1|          0|
    |ap_enable_reg_pp0_iter6            |   1|   0|    1|          0|
    |ap_enable_reg_pp0_iter7            |   1|   0|    1|          0|
    |ap_enable_reg_pp0_iter8            |   1|   0|    1|          0|
    |ap_enable_reg_pp0_iter9            |   1|   0|    1|          0|
    |ap_loop_exit_ready_pp0_iter10_reg  |   1|   0|    1|          0|
    |ap_loop_exit_ready_pp0_iter11_reg  |   1|   0|    1|          0|
    |ap_loop_exit_ready_pp0_iter12_reg  |   1|   0|    1|          0|
    |ap_loop_exit_ready_pp0_iter13_reg  |   1|   0|    1|          0|
    |ap_loop_exit_ready_pp0_iter14_reg  |   1|   0|    1|          0|
    |ap_loop_exit_ready_pp0_iter15_reg  |   1|   0|    1|          0|
    |ap_loop_exit_ready_pp0_iter16_reg  |   1|   0|    1|          0|
    |ap_loop_exit_ready_pp0_iter17_reg  |   1|   0|    1|          0|
    |ap_loop_exit_ready_pp0_iter18_reg  |   1|   0|    1|          0|
    |ap_loop_exit_ready_pp0_iter19_reg  |   1|   0|    1|          0|
    |ap_loop_exit_ready_pp0_iter1_reg   |   1|   0|    1|          0|
    |ap_loop_exit_ready_pp0_iter20_reg  |   1|   0|    1|          0|
    |ap_loop_exit_ready_pp0_iter21_reg  |   1|   0|    1|          0|
    |ap_loop_exit_ready_pp0_iter22_reg  |   1|   0|    1|          0|
    |ap_loop_exit_ready_pp0_iter23_reg  |   1|   0|    1|          0|
    |ap_loop_exit_ready_pp0_iter2_reg   |   1|   0|    1|          0|
    |ap_loop_exit_ready_pp0_iter3_reg   |   1|   0|    1|          0|
    |ap_loop_exit_ready_pp0_iter4_reg   |   1|   0|    1|          0|
    |ap_loop_exit_ready_pp0_iter5_reg   |   1|   0|    1|          0|
    |ap_loop_exit_ready_pp0_iter6_reg   |   1|   0|    1|          0|
    |ap_loop_exit_ready_pp0_iter7_reg   |   1|   0|    1|          0|
    |ap_loop_exit_ready_pp0_iter8_reg   |   1|   0|    1|          0|
    |ap_loop_exit_ready_pp0_iter9_reg   |   1|   0|    1|          0|
    |empty_27_reg_4124                  |   1|   0|    1|          0|
    |empty_29_reg_4128                  |   1|   0|    1|          0|
    |fm_addr_reg_4118                   |  64|   0|   64|          0|
    |i_fu_420                           |   7|   0|    7|          0|
    |icmp_ln115_reg_3304                |   1|   0|    1|          0|
    |indvar_flatten327_fu_424           |  14|   0|   14|          0|
    |j_fu_416                           |   8|   0|    8|          0|
    |select_ln115_reg_3313              |   8|   0|    8|          0|
    |temp_V_1_reg_4132                  |  15|   0|   15|          0|
    |empty_29_reg_4128                  |  64|  32|    1|          0|
    |icmp_ln115_reg_3304                |  64|  32|    1|          0|
    +-----------------------------------+----+----+-----+-----------+
    |Total                              | 296|  64|  170|          0|
    +-----------------------------------+----+----+-----+-----------+



================================================================
== Interface
================================================================
* Summary: 
+-----------------------------+-----+-----+------------+-------------------------------------------------------------+--------------+
|          RTL Ports          | Dir | Bits|  Protocol  |                        Source Object                        |    C Type    |
+-----------------------------+-----+-----+------------+-------------------------------------------------------------+--------------+
|ap_clk                       |   in|    1|  ap_ctrl_hs|  layer_top_Pipeline_OUTPUT_BUFFER_HEIGHT_OUTPUT_BUFFER_WIDTH|  return value|
|ap_rst                       |   in|    1|  ap_ctrl_hs|  layer_top_Pipeline_OUTPUT_BUFFER_HEIGHT_OUTPUT_BUFFER_WIDTH|  return value|
|ap_start                     |   in|    1|  ap_ctrl_hs|  layer_top_Pipeline_OUTPUT_BUFFER_HEIGHT_OUTPUT_BUFFER_WIDTH|  return value|
|ap_done                      |  out|    1|  ap_ctrl_hs|  layer_top_Pipeline_OUTPUT_BUFFER_HEIGHT_OUTPUT_BUFFER_WIDTH|  return value|
|ap_idle                      |  out|    1|  ap_ctrl_hs|  layer_top_Pipeline_OUTPUT_BUFFER_HEIGHT_OUTPUT_BUFFER_WIDTH|  return value|
|ap_ready                     |  out|    1|  ap_ctrl_hs|  layer_top_Pipeline_OUTPUT_BUFFER_HEIGHT_OUTPUT_BUFFER_WIDTH|  return value|
|m_axi_fm_AWVALID             |  out|    1|       m_axi|                                                           fm|       pointer|
|m_axi_fm_AWREADY             |   in|    1|       m_axi|                                                           fm|       pointer|
|m_axi_fm_AWADDR              |  out|   64|       m_axi|                                                           fm|       pointer|
|m_axi_fm_AWID                |  out|    1|       m_axi|                                                           fm|       pointer|
|m_axi_fm_AWLEN               |  out|   32|       m_axi|                                                           fm|       pointer|
|m_axi_fm_AWSIZE              |  out|    3|       m_axi|                                                           fm|       pointer|
|m_axi_fm_AWBURST             |  out|    2|       m_axi|                                                           fm|       pointer|
|m_axi_fm_AWLOCK              |  out|    2|       m_axi|                                                           fm|       pointer|
|m_axi_fm_AWCACHE             |  out|    4|       m_axi|                                                           fm|       pointer|
|m_axi_fm_AWPROT              |  out|    3|       m_axi|                                                           fm|       pointer|
|m_axi_fm_AWQOS               |  out|    4|       m_axi|                                                           fm|       pointer|
|m_axi_fm_AWREGION            |  out|    4|       m_axi|                                                           fm|       pointer|
|m_axi_fm_AWUSER              |  out|    1|       m_axi|                                                           fm|       pointer|
|m_axi_fm_WVALID              |  out|    1|       m_axi|                                                           fm|       pointer|
|m_axi_fm_WREADY              |   in|    1|       m_axi|                                                           fm|       pointer|
|m_axi_fm_WDATA               |  out|   16|       m_axi|                                                           fm|       pointer|
|m_axi_fm_WSTRB               |  out|    2|       m_axi|                                                           fm|       pointer|
|m_axi_fm_WLAST               |  out|    1|       m_axi|                                                           fm|       pointer|
|m_axi_fm_WID                 |  out|    1|       m_axi|                                                           fm|       pointer|
|m_axi_fm_WUSER               |  out|    1|       m_axi|                                                           fm|       pointer|
|m_axi_fm_ARVALID             |  out|    1|       m_axi|                                                           fm|       pointer|
|m_axi_fm_ARREADY             |   in|    1|       m_axi|                                                           fm|       pointer|
|m_axi_fm_ARADDR              |  out|   64|       m_axi|                                                           fm|       pointer|
|m_axi_fm_ARID                |  out|    1|       m_axi|                                                           fm|       pointer|
|m_axi_fm_ARLEN               |  out|   32|       m_axi|                                                           fm|       pointer|
|m_axi_fm_ARSIZE              |  out|    3|       m_axi|                                                           fm|       pointer|
|m_axi_fm_ARBURST             |  out|    2|       m_axi|                                                           fm|       pointer|
|m_axi_fm_ARLOCK              |  out|    2|       m_axi|                                                           fm|       pointer|
|m_axi_fm_ARCACHE             |  out|    4|       m_axi|                                                           fm|       pointer|
|m_axi_fm_ARPROT              |  out|    3|       m_axi|                                                           fm|       pointer|
|m_axi_fm_ARQOS               |  out|    4|       m_axi|                                                           fm|       pointer|
|m_axi_fm_ARREGION            |  out|    4|       m_axi|                                                           fm|       pointer|
|m_axi_fm_ARUSER              |  out|    1|       m_axi|                                                           fm|       pointer|
|m_axi_fm_RVALID              |   in|    1|       m_axi|                                                           fm|       pointer|
|m_axi_fm_RREADY              |  out|    1|       m_axi|                                                           fm|       pointer|
|m_axi_fm_RDATA               |   in|   16|       m_axi|                                                           fm|       pointer|
|m_axi_fm_RLAST               |   in|    1|       m_axi|                                                           fm|       pointer|
|m_axi_fm_RID                 |   in|    1|       m_axi|                                                           fm|       pointer|
|m_axi_fm_RFIFONUM            |   in|   10|       m_axi|                                                           fm|       pointer|
|m_axi_fm_RUSER               |   in|    1|       m_axi|                                                           fm|       pointer|
|m_axi_fm_RRESP               |   in|    2|       m_axi|                                                           fm|       pointer|
|m_axi_fm_BVALID              |   in|    1|       m_axi|                                                           fm|       pointer|
|m_axi_fm_BREADY              |  out|    1|       m_axi|                                                           fm|       pointer|
|m_axi_fm_BRESP               |   in|    2|       m_axi|                                                           fm|       pointer|
|m_axi_fm_BID                 |   in|    1|       m_axi|                                                           fm|       pointer|
|m_axi_fm_BUSER               |   in|    1|       m_axi|                                                           fm|       pointer|
|conv_out_buf_V_address0      |  out|    7|   ap_memory|                                               conv_out_buf_V|         array|
|conv_out_buf_V_ce0           |  out|    1|   ap_memory|                                               conv_out_buf_V|         array|
|conv_out_buf_V_q0            |   in|   16|   ap_memory|                                               conv_out_buf_V|         array|
|conv_out_buf_V_1_address0    |  out|    7|   ap_memory|                                             conv_out_buf_V_1|         array|
|conv_out_buf_V_1_ce0         |  out|    1|   ap_memory|                                             conv_out_buf_V_1|         array|
|conv_out_buf_V_1_q0          |   in|   16|   ap_memory|                                             conv_out_buf_V_1|         array|
|conv_out_buf_V_2_address0    |  out|    7|   ap_memory|                                             conv_out_buf_V_2|         array|
|conv_out_buf_V_2_ce0         |  out|    1|   ap_memory|                                             conv_out_buf_V_2|         array|
|conv_out_buf_V_2_q0          |   in|   16|   ap_memory|                                             conv_out_buf_V_2|         array|
|conv_out_buf_V_3_address0    |  out|    7|   ap_memory|                                             conv_out_buf_V_3|         array|
|conv_out_buf_V_3_ce0         |  out|    1|   ap_memory|                                             conv_out_buf_V_3|         array|
|conv_out_buf_V_3_q0          |   in|   16|   ap_memory|                                             conv_out_buf_V_3|         array|
|conv_out_buf_V_4_address0    |  out|    7|   ap_memory|                                             conv_out_buf_V_4|         array|
|conv_out_buf_V_4_ce0         |  out|    1|   ap_memory|                                             conv_out_buf_V_4|         array|
|conv_out_buf_V_4_q0          |   in|   16|   ap_memory|                                             conv_out_buf_V_4|         array|
|conv_out_buf_V_5_address0    |  out|    7|   ap_memory|                                             conv_out_buf_V_5|         array|
|conv_out_buf_V_5_ce0         |  out|    1|   ap_memory|                                             conv_out_buf_V_5|         array|
|conv_out_buf_V_5_q0          |   in|   16|   ap_memory|                                             conv_out_buf_V_5|         array|
|conv_out_buf_V_6_address0    |  out|    7|   ap_memory|                                             conv_out_buf_V_6|         array|
|conv_out_buf_V_6_ce0         |  out|    1|   ap_memory|                                             conv_out_buf_V_6|         array|
|conv_out_buf_V_6_q0          |   in|   16|   ap_memory|                                             conv_out_buf_V_6|         array|
|conv_out_buf_V_7_address0    |  out|    7|   ap_memory|                                             conv_out_buf_V_7|         array|
|conv_out_buf_V_7_ce0         |  out|    1|   ap_memory|                                             conv_out_buf_V_7|         array|
|conv_out_buf_V_7_q0          |   in|   16|   ap_memory|                                             conv_out_buf_V_7|         array|
|conv_out_buf_V_8_address0    |  out|    7|   ap_memory|                                             conv_out_buf_V_8|         array|
|conv_out_buf_V_8_ce0         |  out|    1|   ap_memory|                                             conv_out_buf_V_8|         array|
|conv_out_buf_V_8_q0          |   in|   16|   ap_memory|                                             conv_out_buf_V_8|         array|
|conv_out_buf_V_9_address0    |  out|    7|   ap_memory|                                             conv_out_buf_V_9|         array|
|conv_out_buf_V_9_ce0         |  out|    1|   ap_memory|                                             conv_out_buf_V_9|         array|
|conv_out_buf_V_9_q0          |   in|   16|   ap_memory|                                             conv_out_buf_V_9|         array|
|conv_out_buf_V_10_address0   |  out|    7|   ap_memory|                                            conv_out_buf_V_10|         array|
|conv_out_buf_V_10_ce0        |  out|    1|   ap_memory|                                            conv_out_buf_V_10|         array|
|conv_out_buf_V_10_q0         |   in|   16|   ap_memory|                                            conv_out_buf_V_10|         array|
|conv_out_buf_V_11_address0   |  out|    7|   ap_memory|                                            conv_out_buf_V_11|         array|
|conv_out_buf_V_11_ce0        |  out|    1|   ap_memory|                                            conv_out_buf_V_11|         array|
|conv_out_buf_V_11_q0         |   in|   16|   ap_memory|                                            conv_out_buf_V_11|         array|
|conv_out_buf_V_12_address0   |  out|    7|   ap_memory|                                            conv_out_buf_V_12|         array|
|conv_out_buf_V_12_ce0        |  out|    1|   ap_memory|                                            conv_out_buf_V_12|         array|
|conv_out_buf_V_12_q0         |   in|   16|   ap_memory|                                            conv_out_buf_V_12|         array|
|conv_out_buf_V_13_address0   |  out|    7|   ap_memory|                                            conv_out_buf_V_13|         array|
|conv_out_buf_V_13_ce0        |  out|    1|   ap_memory|                                            conv_out_buf_V_13|         array|
|conv_out_buf_V_13_q0         |   in|   16|   ap_memory|                                            conv_out_buf_V_13|         array|
|conv_out_buf_V_14_address0   |  out|    7|   ap_memory|                                            conv_out_buf_V_14|         array|
|conv_out_buf_V_14_ce0        |  out|    1|   ap_memory|                                            conv_out_buf_V_14|         array|
|conv_out_buf_V_14_q0         |   in|   16|   ap_memory|                                            conv_out_buf_V_14|         array|
|conv_out_buf_V_15_address0   |  out|    7|   ap_memory|                                            conv_out_buf_V_15|         array|
|conv_out_buf_V_15_ce0        |  out|    1|   ap_memory|                                            conv_out_buf_V_15|         array|
|conv_out_buf_V_15_q0         |   in|   16|   ap_memory|                                            conv_out_buf_V_15|         array|
|conv_out_buf_V_16_address0   |  out|    7|   ap_memory|                                            conv_out_buf_V_16|         array|
|conv_out_buf_V_16_ce0        |  out|    1|   ap_memory|                                            conv_out_buf_V_16|         array|
|conv_out_buf_V_16_q0         |   in|   16|   ap_memory|                                            conv_out_buf_V_16|         array|
|conv_out_buf_V_17_address0   |  out|    7|   ap_memory|                                            conv_out_buf_V_17|         array|
|conv_out_buf_V_17_ce0        |  out|    1|   ap_memory|                                            conv_out_buf_V_17|         array|
|conv_out_buf_V_17_q0         |   in|   16|   ap_memory|                                            conv_out_buf_V_17|         array|
|conv_out_buf_V_18_address0   |  out|    7|   ap_memory|                                            conv_out_buf_V_18|         array|
|conv_out_buf_V_18_ce0        |  out|    1|   ap_memory|                                            conv_out_buf_V_18|         array|
|conv_out_buf_V_18_q0         |   in|   16|   ap_memory|                                            conv_out_buf_V_18|         array|
|conv_out_buf_V_19_address0   |  out|    7|   ap_memory|                                            conv_out_buf_V_19|         array|
|conv_out_buf_V_19_ce0        |  out|    1|   ap_memory|                                            conv_out_buf_V_19|         array|
|conv_out_buf_V_19_q0         |   in|   16|   ap_memory|                                            conv_out_buf_V_19|         array|
|conv_out_buf_V_20_address0   |  out|    7|   ap_memory|                                            conv_out_buf_V_20|         array|
|conv_out_buf_V_20_ce0        |  out|    1|   ap_memory|                                            conv_out_buf_V_20|         array|
|conv_out_buf_V_20_q0         |   in|   16|   ap_memory|                                            conv_out_buf_V_20|         array|
|conv_out_buf_V_21_address0   |  out|    7|   ap_memory|                                            conv_out_buf_V_21|         array|
|conv_out_buf_V_21_ce0        |  out|    1|   ap_memory|                                            conv_out_buf_V_21|         array|
|conv_out_buf_V_21_q0         |   in|   16|   ap_memory|                                            conv_out_buf_V_21|         array|
|conv_out_buf_V_22_address0   |  out|    7|   ap_memory|                                            conv_out_buf_V_22|         array|
|conv_out_buf_V_22_ce0        |  out|    1|   ap_memory|                                            conv_out_buf_V_22|         array|
|conv_out_buf_V_22_q0         |   in|   16|   ap_memory|                                            conv_out_buf_V_22|         array|
|conv_out_buf_V_23_address0   |  out|    7|   ap_memory|                                            conv_out_buf_V_23|         array|
|conv_out_buf_V_23_ce0        |  out|    1|   ap_memory|                                            conv_out_buf_V_23|         array|
|conv_out_buf_V_23_q0         |   in|   16|   ap_memory|                                            conv_out_buf_V_23|         array|
|conv_out_buf_V_24_address0   |  out|    7|   ap_memory|                                            conv_out_buf_V_24|         array|
|conv_out_buf_V_24_ce0        |  out|    1|   ap_memory|                                            conv_out_buf_V_24|         array|
|conv_out_buf_V_24_q0         |   in|   16|   ap_memory|                                            conv_out_buf_V_24|         array|
|conv_out_buf_V_25_address0   |  out|    7|   ap_memory|                                            conv_out_buf_V_25|         array|
|conv_out_buf_V_25_ce0        |  out|    1|   ap_memory|                                            conv_out_buf_V_25|         array|
|conv_out_buf_V_25_q0         |   in|   16|   ap_memory|                                            conv_out_buf_V_25|         array|
|conv_out_buf_V_26_address0   |  out|    7|   ap_memory|                                            conv_out_buf_V_26|         array|
|conv_out_buf_V_26_ce0        |  out|    1|   ap_memory|                                            conv_out_buf_V_26|         array|
|conv_out_buf_V_26_q0         |   in|   16|   ap_memory|                                            conv_out_buf_V_26|         array|
|conv_out_buf_V_27_address0   |  out|    7|   ap_memory|                                            conv_out_buf_V_27|         array|
|conv_out_buf_V_27_ce0        |  out|    1|   ap_memory|                                            conv_out_buf_V_27|         array|
|conv_out_buf_V_27_q0         |   in|   16|   ap_memory|                                            conv_out_buf_V_27|         array|
|conv_out_buf_V_28_address0   |  out|    7|   ap_memory|                                            conv_out_buf_V_28|         array|
|conv_out_buf_V_28_ce0        |  out|    1|   ap_memory|                                            conv_out_buf_V_28|         array|
|conv_out_buf_V_28_q0         |   in|   16|   ap_memory|                                            conv_out_buf_V_28|         array|
|conv_out_buf_V_29_address0   |  out|    7|   ap_memory|                                            conv_out_buf_V_29|         array|
|conv_out_buf_V_29_ce0        |  out|    1|   ap_memory|                                            conv_out_buf_V_29|         array|
|conv_out_buf_V_29_q0         |   in|   16|   ap_memory|                                            conv_out_buf_V_29|         array|
|conv_out_buf_V_30_address0   |  out|    7|   ap_memory|                                            conv_out_buf_V_30|         array|
|conv_out_buf_V_30_ce0        |  out|    1|   ap_memory|                                            conv_out_buf_V_30|         array|
|conv_out_buf_V_30_q0         |   in|   16|   ap_memory|                                            conv_out_buf_V_30|         array|
|conv_out_buf_V_31_address0   |  out|    7|   ap_memory|                                            conv_out_buf_V_31|         array|
|conv_out_buf_V_31_ce0        |  out|    1|   ap_memory|                                            conv_out_buf_V_31|         array|
|conv_out_buf_V_31_q0         |   in|   16|   ap_memory|                                            conv_out_buf_V_31|         array|
|conv_out_buf_V_32_address0   |  out|    7|   ap_memory|                                            conv_out_buf_V_32|         array|
|conv_out_buf_V_32_ce0        |  out|    1|   ap_memory|                                            conv_out_buf_V_32|         array|
|conv_out_buf_V_32_q0         |   in|   16|   ap_memory|                                            conv_out_buf_V_32|         array|
|conv_out_buf_V_33_address0   |  out|    7|   ap_memory|                                            conv_out_buf_V_33|         array|
|conv_out_buf_V_33_ce0        |  out|    1|   ap_memory|                                            conv_out_buf_V_33|         array|
|conv_out_buf_V_33_q0         |   in|   16|   ap_memory|                                            conv_out_buf_V_33|         array|
|conv_out_buf_V_34_address0   |  out|    7|   ap_memory|                                            conv_out_buf_V_34|         array|
|conv_out_buf_V_34_ce0        |  out|    1|   ap_memory|                                            conv_out_buf_V_34|         array|
|conv_out_buf_V_34_q0         |   in|   16|   ap_memory|                                            conv_out_buf_V_34|         array|
|conv_out_buf_V_35_address0   |  out|    7|   ap_memory|                                            conv_out_buf_V_35|         array|
|conv_out_buf_V_35_ce0        |  out|    1|   ap_memory|                                            conv_out_buf_V_35|         array|
|conv_out_buf_V_35_q0         |   in|   16|   ap_memory|                                            conv_out_buf_V_35|         array|
|conv_out_buf_V_36_address0   |  out|    7|   ap_memory|                                            conv_out_buf_V_36|         array|
|conv_out_buf_V_36_ce0        |  out|    1|   ap_memory|                                            conv_out_buf_V_36|         array|
|conv_out_buf_V_36_q0         |   in|   16|   ap_memory|                                            conv_out_buf_V_36|         array|
|conv_out_buf_V_37_address0   |  out|    7|   ap_memory|                                            conv_out_buf_V_37|         array|
|conv_out_buf_V_37_ce0        |  out|    1|   ap_memory|                                            conv_out_buf_V_37|         array|
|conv_out_buf_V_37_q0         |   in|   16|   ap_memory|                                            conv_out_buf_V_37|         array|
|conv_out_buf_V_38_address0   |  out|    7|   ap_memory|                                            conv_out_buf_V_38|         array|
|conv_out_buf_V_38_ce0        |  out|    1|   ap_memory|                                            conv_out_buf_V_38|         array|
|conv_out_buf_V_38_q0         |   in|   16|   ap_memory|                                            conv_out_buf_V_38|         array|
|conv_out_buf_V_39_address0   |  out|    7|   ap_memory|                                            conv_out_buf_V_39|         array|
|conv_out_buf_V_39_ce0        |  out|    1|   ap_memory|                                            conv_out_buf_V_39|         array|
|conv_out_buf_V_39_q0         |   in|   16|   ap_memory|                                            conv_out_buf_V_39|         array|
|conv_out_buf_V_40_address0   |  out|    7|   ap_memory|                                            conv_out_buf_V_40|         array|
|conv_out_buf_V_40_ce0        |  out|    1|   ap_memory|                                            conv_out_buf_V_40|         array|
|conv_out_buf_V_40_q0         |   in|   16|   ap_memory|                                            conv_out_buf_V_40|         array|
|conv_out_buf_V_41_address0   |  out|    7|   ap_memory|                                            conv_out_buf_V_41|         array|
|conv_out_buf_V_41_ce0        |  out|    1|   ap_memory|                                            conv_out_buf_V_41|         array|
|conv_out_buf_V_41_q0         |   in|   16|   ap_memory|                                            conv_out_buf_V_41|         array|
|conv_out_buf_V_42_address0   |  out|    7|   ap_memory|                                            conv_out_buf_V_42|         array|
|conv_out_buf_V_42_ce0        |  out|    1|   ap_memory|                                            conv_out_buf_V_42|         array|
|conv_out_buf_V_42_q0         |   in|   16|   ap_memory|                                            conv_out_buf_V_42|         array|
|conv_out_buf_V_43_address0   |  out|    7|   ap_memory|                                            conv_out_buf_V_43|         array|
|conv_out_buf_V_43_ce0        |  out|    1|   ap_memory|                                            conv_out_buf_V_43|         array|
|conv_out_buf_V_43_q0         |   in|   16|   ap_memory|                                            conv_out_buf_V_43|         array|
|conv_out_buf_V_44_address0   |  out|    7|   ap_memory|                                            conv_out_buf_V_44|         array|
|conv_out_buf_V_44_ce0        |  out|    1|   ap_memory|                                            conv_out_buf_V_44|         array|
|conv_out_buf_V_44_q0         |   in|   16|   ap_memory|                                            conv_out_buf_V_44|         array|
|conv_out_buf_V_45_address0   |  out|    7|   ap_memory|                                            conv_out_buf_V_45|         array|
|conv_out_buf_V_45_ce0        |  out|    1|   ap_memory|                                            conv_out_buf_V_45|         array|
|conv_out_buf_V_45_q0         |   in|   16|   ap_memory|                                            conv_out_buf_V_45|         array|
|conv_out_buf_V_46_address0   |  out|    7|   ap_memory|                                            conv_out_buf_V_46|         array|
|conv_out_buf_V_46_ce0        |  out|    1|   ap_memory|                                            conv_out_buf_V_46|         array|
|conv_out_buf_V_46_q0         |   in|   16|   ap_memory|                                            conv_out_buf_V_46|         array|
|conv_out_buf_V_47_address0   |  out|    7|   ap_memory|                                            conv_out_buf_V_47|         array|
|conv_out_buf_V_47_ce0        |  out|    1|   ap_memory|                                            conv_out_buf_V_47|         array|
|conv_out_buf_V_47_q0         |   in|   16|   ap_memory|                                            conv_out_buf_V_47|         array|
|conv_out_buf_V_48_address0   |  out|    7|   ap_memory|                                            conv_out_buf_V_48|         array|
|conv_out_buf_V_48_ce0        |  out|    1|   ap_memory|                                            conv_out_buf_V_48|         array|
|conv_out_buf_V_48_q0         |   in|   16|   ap_memory|                                            conv_out_buf_V_48|         array|
|conv_out_buf_V_49_address0   |  out|    7|   ap_memory|                                            conv_out_buf_V_49|         array|
|conv_out_buf_V_49_ce0        |  out|    1|   ap_memory|                                            conv_out_buf_V_49|         array|
|conv_out_buf_V_49_q0         |   in|   16|   ap_memory|                                            conv_out_buf_V_49|         array|
|conv_out_buf_V_50_address0   |  out|    7|   ap_memory|                                            conv_out_buf_V_50|         array|
|conv_out_buf_V_50_ce0        |  out|    1|   ap_memory|                                            conv_out_buf_V_50|         array|
|conv_out_buf_V_50_q0         |   in|   16|   ap_memory|                                            conv_out_buf_V_50|         array|
|conv_out_buf_V_51_address0   |  out|    7|   ap_memory|                                            conv_out_buf_V_51|         array|
|conv_out_buf_V_51_ce0        |  out|    1|   ap_memory|                                            conv_out_buf_V_51|         array|
|conv_out_buf_V_51_q0         |   in|   16|   ap_memory|                                            conv_out_buf_V_51|         array|
|conv_out_buf_V_52_address0   |  out|    7|   ap_memory|                                            conv_out_buf_V_52|         array|
|conv_out_buf_V_52_ce0        |  out|    1|   ap_memory|                                            conv_out_buf_V_52|         array|
|conv_out_buf_V_52_q0         |   in|   16|   ap_memory|                                            conv_out_buf_V_52|         array|
|conv_out_buf_V_53_address0   |  out|    7|   ap_memory|                                            conv_out_buf_V_53|         array|
|conv_out_buf_V_53_ce0        |  out|    1|   ap_memory|                                            conv_out_buf_V_53|         array|
|conv_out_buf_V_53_q0         |   in|   16|   ap_memory|                                            conv_out_buf_V_53|         array|
|conv_out_buf_V_54_address0   |  out|    7|   ap_memory|                                            conv_out_buf_V_54|         array|
|conv_out_buf_V_54_ce0        |  out|    1|   ap_memory|                                            conv_out_buf_V_54|         array|
|conv_out_buf_V_54_q0         |   in|   16|   ap_memory|                                            conv_out_buf_V_54|         array|
|conv_out_buf_V_55_address0   |  out|    7|   ap_memory|                                            conv_out_buf_V_55|         array|
|conv_out_buf_V_55_ce0        |  out|    1|   ap_memory|                                            conv_out_buf_V_55|         array|
|conv_out_buf_V_55_q0         |   in|   16|   ap_memory|                                            conv_out_buf_V_55|         array|
|conv_out_buf_V_56_address0   |  out|    7|   ap_memory|                                            conv_out_buf_V_56|         array|
|conv_out_buf_V_56_ce0        |  out|    1|   ap_memory|                                            conv_out_buf_V_56|         array|
|conv_out_buf_V_56_q0         |   in|   16|   ap_memory|                                            conv_out_buf_V_56|         array|
|conv_out_buf_V_57_address0   |  out|    7|   ap_memory|                                            conv_out_buf_V_57|         array|
|conv_out_buf_V_57_ce0        |  out|    1|   ap_memory|                                            conv_out_buf_V_57|         array|
|conv_out_buf_V_57_q0         |   in|   16|   ap_memory|                                            conv_out_buf_V_57|         array|
|conv_out_buf_V_58_address0   |  out|    7|   ap_memory|                                            conv_out_buf_V_58|         array|
|conv_out_buf_V_58_ce0        |  out|    1|   ap_memory|                                            conv_out_buf_V_58|         array|
|conv_out_buf_V_58_q0         |   in|   16|   ap_memory|                                            conv_out_buf_V_58|         array|
|conv_out_buf_V_59_address0   |  out|    7|   ap_memory|                                            conv_out_buf_V_59|         array|
|conv_out_buf_V_59_ce0        |  out|    1|   ap_memory|                                            conv_out_buf_V_59|         array|
|conv_out_buf_V_59_q0         |   in|   16|   ap_memory|                                            conv_out_buf_V_59|         array|
|conv_out_buf_V_60_address0   |  out|    7|   ap_memory|                                            conv_out_buf_V_60|         array|
|conv_out_buf_V_60_ce0        |  out|    1|   ap_memory|                                            conv_out_buf_V_60|         array|
|conv_out_buf_V_60_q0         |   in|   16|   ap_memory|                                            conv_out_buf_V_60|         array|
|conv_out_buf_V_61_address0   |  out|    7|   ap_memory|                                            conv_out_buf_V_61|         array|
|conv_out_buf_V_61_ce0        |  out|    1|   ap_memory|                                            conv_out_buf_V_61|         array|
|conv_out_buf_V_61_q0         |   in|   16|   ap_memory|                                            conv_out_buf_V_61|         array|
|conv_out_buf_V_62_address0   |  out|    7|   ap_memory|                                            conv_out_buf_V_62|         array|
|conv_out_buf_V_62_ce0        |  out|    1|   ap_memory|                                            conv_out_buf_V_62|         array|
|conv_out_buf_V_62_q0         |   in|   16|   ap_memory|                                            conv_out_buf_V_62|         array|
|conv_out_buf_V_63_address0   |  out|    7|   ap_memory|                                            conv_out_buf_V_63|         array|
|conv_out_buf_V_63_ce0        |  out|    1|   ap_memory|                                            conv_out_buf_V_63|         array|
|conv_out_buf_V_63_q0         |   in|   16|   ap_memory|                                            conv_out_buf_V_63|         array|
|conv_out_buf_V_64_address0   |  out|    7|   ap_memory|                                            conv_out_buf_V_64|         array|
|conv_out_buf_V_64_ce0        |  out|    1|   ap_memory|                                            conv_out_buf_V_64|         array|
|conv_out_buf_V_64_q0         |   in|   16|   ap_memory|                                            conv_out_buf_V_64|         array|
|conv_out_buf_V_65_address0   |  out|    7|   ap_memory|                                            conv_out_buf_V_65|         array|
|conv_out_buf_V_65_ce0        |  out|    1|   ap_memory|                                            conv_out_buf_V_65|         array|
|conv_out_buf_V_65_q0         |   in|   16|   ap_memory|                                            conv_out_buf_V_65|         array|
|conv_out_buf_V_66_address0   |  out|    7|   ap_memory|                                            conv_out_buf_V_66|         array|
|conv_out_buf_V_66_ce0        |  out|    1|   ap_memory|                                            conv_out_buf_V_66|         array|
|conv_out_buf_V_66_q0         |   in|   16|   ap_memory|                                            conv_out_buf_V_66|         array|
|conv_out_buf_V_67_address0   |  out|    7|   ap_memory|                                            conv_out_buf_V_67|         array|
|conv_out_buf_V_67_ce0        |  out|    1|   ap_memory|                                            conv_out_buf_V_67|         array|
|conv_out_buf_V_67_q0         |   in|   16|   ap_memory|                                            conv_out_buf_V_67|         array|
|conv_out_buf_V_68_address0   |  out|    7|   ap_memory|                                            conv_out_buf_V_68|         array|
|conv_out_buf_V_68_ce0        |  out|    1|   ap_memory|                                            conv_out_buf_V_68|         array|
|conv_out_buf_V_68_q0         |   in|   16|   ap_memory|                                            conv_out_buf_V_68|         array|
|conv_out_buf_V_69_address0   |  out|    7|   ap_memory|                                            conv_out_buf_V_69|         array|
|conv_out_buf_V_69_ce0        |  out|    1|   ap_memory|                                            conv_out_buf_V_69|         array|
|conv_out_buf_V_69_q0         |   in|   16|   ap_memory|                                            conv_out_buf_V_69|         array|
|conv_out_buf_V_70_address0   |  out|    7|   ap_memory|                                            conv_out_buf_V_70|         array|
|conv_out_buf_V_70_ce0        |  out|    1|   ap_memory|                                            conv_out_buf_V_70|         array|
|conv_out_buf_V_70_q0         |   in|   16|   ap_memory|                                            conv_out_buf_V_70|         array|
|conv_out_buf_V_71_address0   |  out|    7|   ap_memory|                                            conv_out_buf_V_71|         array|
|conv_out_buf_V_71_ce0        |  out|    1|   ap_memory|                                            conv_out_buf_V_71|         array|
|conv_out_buf_V_71_q0         |   in|   16|   ap_memory|                                            conv_out_buf_V_71|         array|
|conv_out_buf_V_72_address0   |  out|    7|   ap_memory|                                            conv_out_buf_V_72|         array|
|conv_out_buf_V_72_ce0        |  out|    1|   ap_memory|                                            conv_out_buf_V_72|         array|
|conv_out_buf_V_72_q0         |   in|   16|   ap_memory|                                            conv_out_buf_V_72|         array|
|conv_out_buf_V_73_address0   |  out|    7|   ap_memory|                                            conv_out_buf_V_73|         array|
|conv_out_buf_V_73_ce0        |  out|    1|   ap_memory|                                            conv_out_buf_V_73|         array|
|conv_out_buf_V_73_q0         |   in|   16|   ap_memory|                                            conv_out_buf_V_73|         array|
|conv_out_buf_V_74_address0   |  out|    7|   ap_memory|                                            conv_out_buf_V_74|         array|
|conv_out_buf_V_74_ce0        |  out|    1|   ap_memory|                                            conv_out_buf_V_74|         array|
|conv_out_buf_V_74_q0         |   in|   16|   ap_memory|                                            conv_out_buf_V_74|         array|
|conv_out_buf_V_75_address0   |  out|    7|   ap_memory|                                            conv_out_buf_V_75|         array|
|conv_out_buf_V_75_ce0        |  out|    1|   ap_memory|                                            conv_out_buf_V_75|         array|
|conv_out_buf_V_75_q0         |   in|   16|   ap_memory|                                            conv_out_buf_V_75|         array|
|conv_out_buf_V_76_address0   |  out|    7|   ap_memory|                                            conv_out_buf_V_76|         array|
|conv_out_buf_V_76_ce0        |  out|    1|   ap_memory|                                            conv_out_buf_V_76|         array|
|conv_out_buf_V_76_q0         |   in|   16|   ap_memory|                                            conv_out_buf_V_76|         array|
|conv_out_buf_V_77_address0   |  out|    7|   ap_memory|                                            conv_out_buf_V_77|         array|
|conv_out_buf_V_77_ce0        |  out|    1|   ap_memory|                                            conv_out_buf_V_77|         array|
|conv_out_buf_V_77_q0         |   in|   16|   ap_memory|                                            conv_out_buf_V_77|         array|
|conv_out_buf_V_78_address0   |  out|    7|   ap_memory|                                            conv_out_buf_V_78|         array|
|conv_out_buf_V_78_ce0        |  out|    1|   ap_memory|                                            conv_out_buf_V_78|         array|
|conv_out_buf_V_78_q0         |   in|   16|   ap_memory|                                            conv_out_buf_V_78|         array|
|conv_out_buf_V_79_address0   |  out|    7|   ap_memory|                                            conv_out_buf_V_79|         array|
|conv_out_buf_V_79_ce0        |  out|    1|   ap_memory|                                            conv_out_buf_V_79|         array|
|conv_out_buf_V_79_q0         |   in|   16|   ap_memory|                                            conv_out_buf_V_79|         array|
|conv_out_buf_V_80_address0   |  out|    7|   ap_memory|                                            conv_out_buf_V_80|         array|
|conv_out_buf_V_80_ce0        |  out|    1|   ap_memory|                                            conv_out_buf_V_80|         array|
|conv_out_buf_V_80_q0         |   in|   16|   ap_memory|                                            conv_out_buf_V_80|         array|
|conv_out_buf_V_81_address0   |  out|    7|   ap_memory|                                            conv_out_buf_V_81|         array|
|conv_out_buf_V_81_ce0        |  out|    1|   ap_memory|                                            conv_out_buf_V_81|         array|
|conv_out_buf_V_81_q0         |   in|   16|   ap_memory|                                            conv_out_buf_V_81|         array|
|conv_out_buf_V_82_address0   |  out|    7|   ap_memory|                                            conv_out_buf_V_82|         array|
|conv_out_buf_V_82_ce0        |  out|    1|   ap_memory|                                            conv_out_buf_V_82|         array|
|conv_out_buf_V_82_q0         |   in|   16|   ap_memory|                                            conv_out_buf_V_82|         array|
|conv_out_buf_V_83_address0   |  out|    7|   ap_memory|                                            conv_out_buf_V_83|         array|
|conv_out_buf_V_83_ce0        |  out|    1|   ap_memory|                                            conv_out_buf_V_83|         array|
|conv_out_buf_V_83_q0         |   in|   16|   ap_memory|                                            conv_out_buf_V_83|         array|
|conv_out_buf_V_84_address0   |  out|    7|   ap_memory|                                            conv_out_buf_V_84|         array|
|conv_out_buf_V_84_ce0        |  out|    1|   ap_memory|                                            conv_out_buf_V_84|         array|
|conv_out_buf_V_84_q0         |   in|   16|   ap_memory|                                            conv_out_buf_V_84|         array|
|conv_out_buf_V_85_address0   |  out|    7|   ap_memory|                                            conv_out_buf_V_85|         array|
|conv_out_buf_V_85_ce0        |  out|    1|   ap_memory|                                            conv_out_buf_V_85|         array|
|conv_out_buf_V_85_q0         |   in|   16|   ap_memory|                                            conv_out_buf_V_85|         array|
|conv_out_buf_V_86_address0   |  out|    7|   ap_memory|                                            conv_out_buf_V_86|         array|
|conv_out_buf_V_86_ce0        |  out|    1|   ap_memory|                                            conv_out_buf_V_86|         array|
|conv_out_buf_V_86_q0         |   in|   16|   ap_memory|                                            conv_out_buf_V_86|         array|
|conv_out_buf_V_87_address0   |  out|    7|   ap_memory|                                            conv_out_buf_V_87|         array|
|conv_out_buf_V_87_ce0        |  out|    1|   ap_memory|                                            conv_out_buf_V_87|         array|
|conv_out_buf_V_87_q0         |   in|   16|   ap_memory|                                            conv_out_buf_V_87|         array|
|conv_out_buf_V_88_address0   |  out|    7|   ap_memory|                                            conv_out_buf_V_88|         array|
|conv_out_buf_V_88_ce0        |  out|    1|   ap_memory|                                            conv_out_buf_V_88|         array|
|conv_out_buf_V_88_q0         |   in|   16|   ap_memory|                                            conv_out_buf_V_88|         array|
|conv_out_buf_V_89_address0   |  out|    7|   ap_memory|                                            conv_out_buf_V_89|         array|
|conv_out_buf_V_89_ce0        |  out|    1|   ap_memory|                                            conv_out_buf_V_89|         array|
|conv_out_buf_V_89_q0         |   in|   16|   ap_memory|                                            conv_out_buf_V_89|         array|
|conv_out_buf_V_90_address0   |  out|    7|   ap_memory|                                            conv_out_buf_V_90|         array|
|conv_out_buf_V_90_ce0        |  out|    1|   ap_memory|                                            conv_out_buf_V_90|         array|
|conv_out_buf_V_90_q0         |   in|   16|   ap_memory|                                            conv_out_buf_V_90|         array|
|conv_out_buf_V_91_address0   |  out|    7|   ap_memory|                                            conv_out_buf_V_91|         array|
|conv_out_buf_V_91_ce0        |  out|    1|   ap_memory|                                            conv_out_buf_V_91|         array|
|conv_out_buf_V_91_q0         |   in|   16|   ap_memory|                                            conv_out_buf_V_91|         array|
|conv_out_buf_V_92_address0   |  out|    7|   ap_memory|                                            conv_out_buf_V_92|         array|
|conv_out_buf_V_92_ce0        |  out|    1|   ap_memory|                                            conv_out_buf_V_92|         array|
|conv_out_buf_V_92_q0         |   in|   16|   ap_memory|                                            conv_out_buf_V_92|         array|
|conv_out_buf_V_93_address0   |  out|    7|   ap_memory|                                            conv_out_buf_V_93|         array|
|conv_out_buf_V_93_ce0        |  out|    1|   ap_memory|                                            conv_out_buf_V_93|         array|
|conv_out_buf_V_93_q0         |   in|   16|   ap_memory|                                            conv_out_buf_V_93|         array|
|conv_out_buf_V_94_address0   |  out|    7|   ap_memory|                                            conv_out_buf_V_94|         array|
|conv_out_buf_V_94_ce0        |  out|    1|   ap_memory|                                            conv_out_buf_V_94|         array|
|conv_out_buf_V_94_q0         |   in|   16|   ap_memory|                                            conv_out_buf_V_94|         array|
|conv_out_buf_V_95_address0   |  out|    7|   ap_memory|                                            conv_out_buf_V_95|         array|
|conv_out_buf_V_95_ce0        |  out|    1|   ap_memory|                                            conv_out_buf_V_95|         array|
|conv_out_buf_V_95_q0         |   in|   16|   ap_memory|                                            conv_out_buf_V_95|         array|
|conv_out_buf_V_96_address0   |  out|    7|   ap_memory|                                            conv_out_buf_V_96|         array|
|conv_out_buf_V_96_ce0        |  out|    1|   ap_memory|                                            conv_out_buf_V_96|         array|
|conv_out_buf_V_96_q0         |   in|   16|   ap_memory|                                            conv_out_buf_V_96|         array|
|conv_out_buf_V_97_address0   |  out|    7|   ap_memory|                                            conv_out_buf_V_97|         array|
|conv_out_buf_V_97_ce0        |  out|    1|   ap_memory|                                            conv_out_buf_V_97|         array|
|conv_out_buf_V_97_q0         |   in|   16|   ap_memory|                                            conv_out_buf_V_97|         array|
|conv_out_buf_V_98_address0   |  out|    7|   ap_memory|                                            conv_out_buf_V_98|         array|
|conv_out_buf_V_98_ce0        |  out|    1|   ap_memory|                                            conv_out_buf_V_98|         array|
|conv_out_buf_V_98_q0         |   in|   16|   ap_memory|                                            conv_out_buf_V_98|         array|
|conv_out_buf_V_99_address0   |  out|    7|   ap_memory|                                            conv_out_buf_V_99|         array|
|conv_out_buf_V_99_ce0        |  out|    1|   ap_memory|                                            conv_out_buf_V_99|         array|
|conv_out_buf_V_99_q0         |   in|   16|   ap_memory|                                            conv_out_buf_V_99|         array|
|conv_out_buf_V_100_address0  |  out|    7|   ap_memory|                                           conv_out_buf_V_100|         array|
|conv_out_buf_V_100_ce0       |  out|    1|   ap_memory|                                           conv_out_buf_V_100|         array|
|conv_out_buf_V_100_q0        |   in|   16|   ap_memory|                                           conv_out_buf_V_100|         array|
|conv_out_buf_V_101_address0  |  out|    7|   ap_memory|                                           conv_out_buf_V_101|         array|
|conv_out_buf_V_101_ce0       |  out|    1|   ap_memory|                                           conv_out_buf_V_101|         array|
|conv_out_buf_V_101_q0        |   in|   16|   ap_memory|                                           conv_out_buf_V_101|         array|
|conv_out_buf_V_102_address0  |  out|    7|   ap_memory|                                           conv_out_buf_V_102|         array|
|conv_out_buf_V_102_ce0       |  out|    1|   ap_memory|                                           conv_out_buf_V_102|         array|
|conv_out_buf_V_102_q0        |   in|   16|   ap_memory|                                           conv_out_buf_V_102|         array|
|conv_out_buf_V_103_address0  |  out|    7|   ap_memory|                                           conv_out_buf_V_103|         array|
|conv_out_buf_V_103_ce0       |  out|    1|   ap_memory|                                           conv_out_buf_V_103|         array|
|conv_out_buf_V_103_q0        |   in|   16|   ap_memory|                                           conv_out_buf_V_103|         array|
|conv_out_buf_V_104_address0  |  out|    7|   ap_memory|                                           conv_out_buf_V_104|         array|
|conv_out_buf_V_104_ce0       |  out|    1|   ap_memory|                                           conv_out_buf_V_104|         array|
|conv_out_buf_V_104_q0        |   in|   16|   ap_memory|                                           conv_out_buf_V_104|         array|
|conv_out_buf_V_105_address0  |  out|    7|   ap_memory|                                           conv_out_buf_V_105|         array|
|conv_out_buf_V_105_ce0       |  out|    1|   ap_memory|                                           conv_out_buf_V_105|         array|
|conv_out_buf_V_105_q0        |   in|   16|   ap_memory|                                           conv_out_buf_V_105|         array|
|conv_out_buf_V_106_address0  |  out|    7|   ap_memory|                                           conv_out_buf_V_106|         array|
|conv_out_buf_V_106_ce0       |  out|    1|   ap_memory|                                           conv_out_buf_V_106|         array|
|conv_out_buf_V_106_q0        |   in|   16|   ap_memory|                                           conv_out_buf_V_106|         array|
|conv_out_buf_V_107_address0  |  out|    7|   ap_memory|                                           conv_out_buf_V_107|         array|
|conv_out_buf_V_107_ce0       |  out|    1|   ap_memory|                                           conv_out_buf_V_107|         array|
|conv_out_buf_V_107_q0        |   in|   16|   ap_memory|                                           conv_out_buf_V_107|         array|
|conv_out_buf_V_108_address0  |  out|    7|   ap_memory|                                           conv_out_buf_V_108|         array|
|conv_out_buf_V_108_ce0       |  out|    1|   ap_memory|                                           conv_out_buf_V_108|         array|
|conv_out_buf_V_108_q0        |   in|   16|   ap_memory|                                           conv_out_buf_V_108|         array|
|conv_out_buf_V_109_address0  |  out|    7|   ap_memory|                                           conv_out_buf_V_109|         array|
|conv_out_buf_V_109_ce0       |  out|    1|   ap_memory|                                           conv_out_buf_V_109|         array|
|conv_out_buf_V_109_q0        |   in|   16|   ap_memory|                                           conv_out_buf_V_109|         array|
|conv_out_buf_V_110_address0  |  out|    7|   ap_memory|                                           conv_out_buf_V_110|         array|
|conv_out_buf_V_110_ce0       |  out|    1|   ap_memory|                                           conv_out_buf_V_110|         array|
|conv_out_buf_V_110_q0        |   in|   16|   ap_memory|                                           conv_out_buf_V_110|         array|
|conv_out_buf_V_111_address0  |  out|    7|   ap_memory|                                           conv_out_buf_V_111|         array|
|conv_out_buf_V_111_ce0       |  out|    1|   ap_memory|                                           conv_out_buf_V_111|         array|
|conv_out_buf_V_111_q0        |   in|   16|   ap_memory|                                           conv_out_buf_V_111|         array|
|conv_out_buf_V_112_address0  |  out|    7|   ap_memory|                                           conv_out_buf_V_112|         array|
|conv_out_buf_V_112_ce0       |  out|    1|   ap_memory|                                           conv_out_buf_V_112|         array|
|conv_out_buf_V_112_q0        |   in|   16|   ap_memory|                                           conv_out_buf_V_112|         array|
|conv_out_buf_V_113_address0  |  out|    7|   ap_memory|                                           conv_out_buf_V_113|         array|
|conv_out_buf_V_113_ce0       |  out|    1|   ap_memory|                                           conv_out_buf_V_113|         array|
|conv_out_buf_V_113_q0        |   in|   16|   ap_memory|                                           conv_out_buf_V_113|         array|
|conv_out_buf_V_114_address0  |  out|    7|   ap_memory|                                           conv_out_buf_V_114|         array|
|conv_out_buf_V_114_ce0       |  out|    1|   ap_memory|                                           conv_out_buf_V_114|         array|
|conv_out_buf_V_114_q0        |   in|   16|   ap_memory|                                           conv_out_buf_V_114|         array|
|conv_out_buf_V_115_address0  |  out|    7|   ap_memory|                                           conv_out_buf_V_115|         array|
|conv_out_buf_V_115_ce0       |  out|    1|   ap_memory|                                           conv_out_buf_V_115|         array|
|conv_out_buf_V_115_q0        |   in|   16|   ap_memory|                                           conv_out_buf_V_115|         array|
|conv_out_buf_V_116_address0  |  out|    7|   ap_memory|                                           conv_out_buf_V_116|         array|
|conv_out_buf_V_116_ce0       |  out|    1|   ap_memory|                                           conv_out_buf_V_116|         array|
|conv_out_buf_V_116_q0        |   in|   16|   ap_memory|                                           conv_out_buf_V_116|         array|
|conv_out_buf_V_117_address0  |  out|    7|   ap_memory|                                           conv_out_buf_V_117|         array|
|conv_out_buf_V_117_ce0       |  out|    1|   ap_memory|                                           conv_out_buf_V_117|         array|
|conv_out_buf_V_117_q0        |   in|   16|   ap_memory|                                           conv_out_buf_V_117|         array|
|conv_out_buf_V_118_address0  |  out|    7|   ap_memory|                                           conv_out_buf_V_118|         array|
|conv_out_buf_V_118_ce0       |  out|    1|   ap_memory|                                           conv_out_buf_V_118|         array|
|conv_out_buf_V_118_q0        |   in|   16|   ap_memory|                                           conv_out_buf_V_118|         array|
|conv_out_buf_V_119_address0  |  out|    7|   ap_memory|                                           conv_out_buf_V_119|         array|
|conv_out_buf_V_119_ce0       |  out|    1|   ap_memory|                                           conv_out_buf_V_119|         array|
|conv_out_buf_V_119_q0        |   in|   16|   ap_memory|                                           conv_out_buf_V_119|         array|
|conv_out_buf_V_120_address0  |  out|    7|   ap_memory|                                           conv_out_buf_V_120|         array|
|conv_out_buf_V_120_ce0       |  out|    1|   ap_memory|                                           conv_out_buf_V_120|         array|
|conv_out_buf_V_120_q0        |   in|   16|   ap_memory|                                           conv_out_buf_V_120|         array|
|conv_out_buf_V_121_address0  |  out|    7|   ap_memory|                                           conv_out_buf_V_121|         array|
|conv_out_buf_V_121_ce0       |  out|    1|   ap_memory|                                           conv_out_buf_V_121|         array|
|conv_out_buf_V_121_q0        |   in|   16|   ap_memory|                                           conv_out_buf_V_121|         array|
|conv_out_buf_V_122_address0  |  out|    7|   ap_memory|                                           conv_out_buf_V_122|         array|
|conv_out_buf_V_122_ce0       |  out|    1|   ap_memory|                                           conv_out_buf_V_122|         array|
|conv_out_buf_V_122_q0        |   in|   16|   ap_memory|                                           conv_out_buf_V_122|         array|
|conv_out_buf_V_123_address0  |  out|    7|   ap_memory|                                           conv_out_buf_V_123|         array|
|conv_out_buf_V_123_ce0       |  out|    1|   ap_memory|                                           conv_out_buf_V_123|         array|
|conv_out_buf_V_123_q0        |   in|   16|   ap_memory|                                           conv_out_buf_V_123|         array|
|conv_out_buf_V_124_address0  |  out|    7|   ap_memory|                                           conv_out_buf_V_124|         array|
|conv_out_buf_V_124_ce0       |  out|    1|   ap_memory|                                           conv_out_buf_V_124|         array|
|conv_out_buf_V_124_q0        |   in|   16|   ap_memory|                                           conv_out_buf_V_124|         array|
|conv_out_buf_V_125_address0  |  out|    7|   ap_memory|                                           conv_out_buf_V_125|         array|
|conv_out_buf_V_125_ce0       |  out|    1|   ap_memory|                                           conv_out_buf_V_125|         array|
|conv_out_buf_V_125_q0        |   in|   16|   ap_memory|                                           conv_out_buf_V_125|         array|
|conv_out_buf_V_126_address0  |  out|    7|   ap_memory|                                           conv_out_buf_V_126|         array|
|conv_out_buf_V_126_ce0       |  out|    1|   ap_memory|                                           conv_out_buf_V_126|         array|
|conv_out_buf_V_126_q0        |   in|   16|   ap_memory|                                           conv_out_buf_V_126|         array|
|conv_out_buf_V_127_address0  |  out|    7|   ap_memory|                                           conv_out_buf_V_127|         array|
|conv_out_buf_V_127_ce0       |  out|    1|   ap_memory|                                           conv_out_buf_V_127|         array|
|conv_out_buf_V_127_q0        |   in|   16|   ap_memory|                                           conv_out_buf_V_127|         array|
|conv_out_buf_V_128_address0  |  out|    7|   ap_memory|                                           conv_out_buf_V_128|         array|
|conv_out_buf_V_128_ce0       |  out|    1|   ap_memory|                                           conv_out_buf_V_128|         array|
|conv_out_buf_V_128_q0        |   in|   16|   ap_memory|                                           conv_out_buf_V_128|         array|
|conv_out_buf_V_129_address0  |  out|    7|   ap_memory|                                           conv_out_buf_V_129|         array|
|conv_out_buf_V_129_ce0       |  out|    1|   ap_memory|                                           conv_out_buf_V_129|         array|
|conv_out_buf_V_129_q0        |   in|   16|   ap_memory|                                           conv_out_buf_V_129|         array|
|conv_out_buf_V_130_address0  |  out|    7|   ap_memory|                                           conv_out_buf_V_130|         array|
|conv_out_buf_V_130_ce0       |  out|    1|   ap_memory|                                           conv_out_buf_V_130|         array|
|conv_out_buf_V_130_q0        |   in|   16|   ap_memory|                                           conv_out_buf_V_130|         array|
|conv_out_buf_V_131_address0  |  out|    7|   ap_memory|                                           conv_out_buf_V_131|         array|
|conv_out_buf_V_131_ce0       |  out|    1|   ap_memory|                                           conv_out_buf_V_131|         array|
|conv_out_buf_V_131_q0        |   in|   16|   ap_memory|                                           conv_out_buf_V_131|         array|
|conv_out_buf_V_132_address0  |  out|    7|   ap_memory|                                           conv_out_buf_V_132|         array|
|conv_out_buf_V_132_ce0       |  out|    1|   ap_memory|                                           conv_out_buf_V_132|         array|
|conv_out_buf_V_132_q0        |   in|   16|   ap_memory|                                           conv_out_buf_V_132|         array|
|conv_out_buf_V_133_address0  |  out|    7|   ap_memory|                                           conv_out_buf_V_133|         array|
|conv_out_buf_V_133_ce0       |  out|    1|   ap_memory|                                           conv_out_buf_V_133|         array|
|conv_out_buf_V_133_q0        |   in|   16|   ap_memory|                                           conv_out_buf_V_133|         array|
|conv_out_buf_V_134_address0  |  out|    7|   ap_memory|                                           conv_out_buf_V_134|         array|
|conv_out_buf_V_134_ce0       |  out|    1|   ap_memory|                                           conv_out_buf_V_134|         array|
|conv_out_buf_V_134_q0        |   in|   16|   ap_memory|                                           conv_out_buf_V_134|         array|
|conv_out_buf_V_135_address0  |  out|    7|   ap_memory|                                           conv_out_buf_V_135|         array|
|conv_out_buf_V_135_ce0       |  out|    1|   ap_memory|                                           conv_out_buf_V_135|         array|
|conv_out_buf_V_135_q0        |   in|   16|   ap_memory|                                           conv_out_buf_V_135|         array|
|conv_out_buf_V_136_address0  |  out|    7|   ap_memory|                                           conv_out_buf_V_136|         array|
|conv_out_buf_V_136_ce0       |  out|    1|   ap_memory|                                           conv_out_buf_V_136|         array|
|conv_out_buf_V_136_q0        |   in|   16|   ap_memory|                                           conv_out_buf_V_136|         array|
|conv_out_buf_V_137_address0  |  out|    7|   ap_memory|                                           conv_out_buf_V_137|         array|
|conv_out_buf_V_137_ce0       |  out|    1|   ap_memory|                                           conv_out_buf_V_137|         array|
|conv_out_buf_V_137_q0        |   in|   16|   ap_memory|                                           conv_out_buf_V_137|         array|
|conv_out_buf_V_138_address0  |  out|    7|   ap_memory|                                           conv_out_buf_V_138|         array|
|conv_out_buf_V_138_ce0       |  out|    1|   ap_memory|                                           conv_out_buf_V_138|         array|
|conv_out_buf_V_138_q0        |   in|   16|   ap_memory|                                           conv_out_buf_V_138|         array|
|conv_out_buf_V_139_address0  |  out|    7|   ap_memory|                                           conv_out_buf_V_139|         array|
|conv_out_buf_V_139_ce0       |  out|    1|   ap_memory|                                           conv_out_buf_V_139|         array|
|conv_out_buf_V_139_q0        |   in|   16|   ap_memory|                                           conv_out_buf_V_139|         array|
|conv_out_buf_V_140_address0  |  out|    7|   ap_memory|                                           conv_out_buf_V_140|         array|
|conv_out_buf_V_140_ce0       |  out|    1|   ap_memory|                                           conv_out_buf_V_140|         array|
|conv_out_buf_V_140_q0        |   in|   16|   ap_memory|                                           conv_out_buf_V_140|         array|
|conv_out_buf_V_141_address0  |  out|    7|   ap_memory|                                           conv_out_buf_V_141|         array|
|conv_out_buf_V_141_ce0       |  out|    1|   ap_memory|                                           conv_out_buf_V_141|         array|
|conv_out_buf_V_141_q0        |   in|   16|   ap_memory|                                           conv_out_buf_V_141|         array|
|conv_out_buf_V_142_address0  |  out|    7|   ap_memory|                                           conv_out_buf_V_142|         array|
|conv_out_buf_V_142_ce0       |  out|    1|   ap_memory|                                           conv_out_buf_V_142|         array|
|conv_out_buf_V_142_q0        |   in|   16|   ap_memory|                                           conv_out_buf_V_142|         array|
|conv_out_buf_V_143_address0  |  out|    7|   ap_memory|                                           conv_out_buf_V_143|         array|
|conv_out_buf_V_143_ce0       |  out|    1|   ap_memory|                                           conv_out_buf_V_143|         array|
|conv_out_buf_V_143_q0        |   in|   16|   ap_memory|                                           conv_out_buf_V_143|         array|
|conv_out_buf_V_144_address0  |  out|    7|   ap_memory|                                           conv_out_buf_V_144|         array|
|conv_out_buf_V_144_ce0       |  out|    1|   ap_memory|                                           conv_out_buf_V_144|         array|
|conv_out_buf_V_144_q0        |   in|   16|   ap_memory|                                           conv_out_buf_V_144|         array|
|conv_out_buf_V_145_address0  |  out|    7|   ap_memory|                                           conv_out_buf_V_145|         array|
|conv_out_buf_V_145_ce0       |  out|    1|   ap_memory|                                           conv_out_buf_V_145|         array|
|conv_out_buf_V_145_q0        |   in|   16|   ap_memory|                                           conv_out_buf_V_145|         array|
|conv_out_buf_V_146_address0  |  out|    7|   ap_memory|                                           conv_out_buf_V_146|         array|
|conv_out_buf_V_146_ce0       |  out|    1|   ap_memory|                                           conv_out_buf_V_146|         array|
|conv_out_buf_V_146_q0        |   in|   16|   ap_memory|                                           conv_out_buf_V_146|         array|
|conv_out_buf_V_147_address0  |  out|    7|   ap_memory|                                           conv_out_buf_V_147|         array|
|conv_out_buf_V_147_ce0       |  out|    1|   ap_memory|                                           conv_out_buf_V_147|         array|
|conv_out_buf_V_147_q0        |   in|   16|   ap_memory|                                           conv_out_buf_V_147|         array|
|conv_out_buf_V_148_address0  |  out|    7|   ap_memory|                                           conv_out_buf_V_148|         array|
|conv_out_buf_V_148_ce0       |  out|    1|   ap_memory|                                           conv_out_buf_V_148|         array|
|conv_out_buf_V_148_q0        |   in|   16|   ap_memory|                                           conv_out_buf_V_148|         array|
|conv_out_buf_V_149_address0  |  out|    7|   ap_memory|                                           conv_out_buf_V_149|         array|
|conv_out_buf_V_149_ce0       |  out|    1|   ap_memory|                                           conv_out_buf_V_149|         array|
|conv_out_buf_V_149_q0        |   in|   16|   ap_memory|                                           conv_out_buf_V_149|         array|
|conv_out_buf_V_150_address0  |  out|    7|   ap_memory|                                           conv_out_buf_V_150|         array|
|conv_out_buf_V_150_ce0       |  out|    1|   ap_memory|                                           conv_out_buf_V_150|         array|
|conv_out_buf_V_150_q0        |   in|   16|   ap_memory|                                           conv_out_buf_V_150|         array|
|conv_out_buf_V_151_address0  |  out|    7|   ap_memory|                                           conv_out_buf_V_151|         array|
|conv_out_buf_V_151_ce0       |  out|    1|   ap_memory|                                           conv_out_buf_V_151|         array|
|conv_out_buf_V_151_q0        |   in|   16|   ap_memory|                                           conv_out_buf_V_151|         array|
|conv_out_buf_V_152_address0  |  out|    7|   ap_memory|                                           conv_out_buf_V_152|         array|
|conv_out_buf_V_152_ce0       |  out|    1|   ap_memory|                                           conv_out_buf_V_152|         array|
|conv_out_buf_V_152_q0        |   in|   16|   ap_memory|                                           conv_out_buf_V_152|         array|
|conv_out_buf_V_153_address0  |  out|    7|   ap_memory|                                           conv_out_buf_V_153|         array|
|conv_out_buf_V_153_ce0       |  out|    1|   ap_memory|                                           conv_out_buf_V_153|         array|
|conv_out_buf_V_153_q0        |   in|   16|   ap_memory|                                           conv_out_buf_V_153|         array|
|conv_out_buf_V_154_address0  |  out|    7|   ap_memory|                                           conv_out_buf_V_154|         array|
|conv_out_buf_V_154_ce0       |  out|    1|   ap_memory|                                           conv_out_buf_V_154|         array|
|conv_out_buf_V_154_q0        |   in|   16|   ap_memory|                                           conv_out_buf_V_154|         array|
|conv_out_buf_V_155_address0  |  out|    7|   ap_memory|                                           conv_out_buf_V_155|         array|
|conv_out_buf_V_155_ce0       |  out|    1|   ap_memory|                                           conv_out_buf_V_155|         array|
|conv_out_buf_V_155_q0        |   in|   16|   ap_memory|                                           conv_out_buf_V_155|         array|
|conv_out_buf_V_156_address0  |  out|    7|   ap_memory|                                           conv_out_buf_V_156|         array|
|conv_out_buf_V_156_ce0       |  out|    1|   ap_memory|                                           conv_out_buf_V_156|         array|
|conv_out_buf_V_156_q0        |   in|   16|   ap_memory|                                           conv_out_buf_V_156|         array|
|conv_out_buf_V_157_address0  |  out|    7|   ap_memory|                                           conv_out_buf_V_157|         array|
|conv_out_buf_V_157_ce0       |  out|    1|   ap_memory|                                           conv_out_buf_V_157|         array|
|conv_out_buf_V_157_q0        |   in|   16|   ap_memory|                                           conv_out_buf_V_157|         array|
|conv_out_buf_V_158_address0  |  out|    7|   ap_memory|                                           conv_out_buf_V_158|         array|
|conv_out_buf_V_158_ce0       |  out|    1|   ap_memory|                                           conv_out_buf_V_158|         array|
|conv_out_buf_V_158_q0        |   in|   16|   ap_memory|                                           conv_out_buf_V_158|         array|
|conv_out_buf_V_159_address0  |  out|    7|   ap_memory|                                           conv_out_buf_V_159|         array|
|conv_out_buf_V_159_ce0       |  out|    1|   ap_memory|                                           conv_out_buf_V_159|         array|
|conv_out_buf_V_159_q0        |   in|   16|   ap_memory|                                           conv_out_buf_V_159|         array|
|add_ln130                    |   in|   64|     ap_none|                                                    add_ln130|        scalar|
|bias_buf_V_load              |   in|   16|     ap_none|                                              bias_buf_V_load|        scalar|
|trunc_ln859_1                |   in|   15|     ap_none|                                                trunc_ln859_1|        scalar|
+-----------------------------+-----+-----+------------+-------------------------------------------------------------+--------------+

